[0.017s] Invoking command in '/home/daeyun/Desktop/spinerobot_ws/build/safety_pkg': AMENT_PREFIX_PATH=/home/daeyun/Desktop/spinerobot_ws/install/ecat_msgs:${AMENT_PREFIX_PATH} CMAKE_PREFIX_PATH=/home/daeyun/Desktop/spinerobot_ws/install/ecat_msgs:/opt/ros/foxy LD_LIBRARY_PATH=/home/daeyun/Desktop/spinerobot_ws/install/ecat_msgs/lib:${LD_LIBRARY_PATH} PYTHONPATH=/home/daeyun/Desktop/spinerobot_ws/install/ecat_msgs/lib/python3.8/site-packages:${PYTHONPATH} /usr/bin/cmake /home/daeyun/Desktop/spinerobot_ws/src/safety_pkg -DAMENT_CMAKE_SYMLINK_INSTALL=1 -DCMAKE_INSTALL_PREFIX=/home/daeyun/Desktop/spinerobot_ws/install/safety_pkg
[0.076s] -- The C compiler identification is GNU 9.4.0
[0.126s] -- The CXX compiler identification is GNU 9.4.0
[0.130s] -- Check for working C compiler: /usr/bin/cc
[0.199s] -- Check for working C compiler: /usr/bin/cc -- works
[0.200s] -- Detecting C compiler ABI info
[0.288s] -- Detecting C compiler ABI info - done
[0.312s] -- Detecting C compile features
[0.312s] -- Detecting C compile features - done
[0.317s] -- Check for working CXX compiler: /usr/bin/c++
[0.428s] -- Check for working CXX compiler: /usr/bin/c++ -- works
[0.430s] -- Detecting CXX compiler ABI info
[0.552s] -- Detecting CXX compiler ABI info - done
[0.570s] -- Detecting CXX compile features
[0.571s] -- Detecting CXX compile features - done
[0.575s] -- Found ament_cmake: 0.9.9 (/opt/ros/foxy/share/ament_cmake/cmake)
[0.618s] -- Found PythonInterp: /usr/bin/python3 (found suitable version "3.8.10", minimum required is "3") 
[0.619s] -- Using PYTHON_EXECUTABLE: /usr/bin/python3
[0.958s] -- Override CMake install command with custom implementation using symlinks instead of copying resources
[1.034s] -- Found rclcpp_lifecycle: 2.4.1 (/opt/ros/foxy/share/rclcpp_lifecycle/cmake)
[1.220s] -- Using all available rosidl_typesupport_c: rosidl_typesupport_fastrtps_c;rosidl_typesupport_introspection_c
[1.249s] -- Found rosidl_adapter: 1.2.1 (/opt/ros/foxy/share/rosidl_adapter/cmake)
[1.573s] -- Found OpenSSL: /usr/lib/x86_64-linux-gnu/libcrypto.so (found version "1.1.1f")  
[1.685s] -- Found FastRTPS: /opt/ros/foxy/include  
[2.011s] -- Using all available rosidl_typesupport_cpp: rosidl_typesupport_fastrtps_cpp;rosidl_typesupport_introspection_cpp
[2.286s] -- Found rmw_implementation_cmake: 1.0.3 (/opt/ros/foxy/share/rmw_implementation_cmake/cmake)
[2.293s] -- Using RMW implementation 'rmw_fastrtps_cpp' as default
[2.297s] -- Looking for pthread.h
[2.569s] -- Looking for pthread.h - found
[2.570s] -- Performing Test CMAKE_HAVE_LIBC_PTHREAD
[2.797s] -- Performing Test CMAKE_HAVE_LIBC_PTHREAD - Failed
[2.798s] -- Looking for pthread_create in pthreads
[2.974s] -- Looking for pthread_create in pthreads - not found
[2.975s] -- Looking for pthread_create in pthread
[3.244s] -- Looking for pthread_create in pthread - found
[3.246s] -- Found Threads: TRUE  
[4.103s] -- Found ecat_msgs: 0.0.1 (/home/daeyun/Desktop/spinerobot_ws/install/ecat_msgs/share/ecat_msgs/cmake)
[4.246s] -- Found sensor_msgs: 2.0.5 (/opt/ros/foxy/share/sensor_msgs/cmake)
[4.671s] -- Found ament_lint_auto: 0.9.6 (/opt/ros/foxy/share/ament_lint_auto/cmake)
[4.962s] -- Added test 'copyright' to check source files copyright and LICENSE
[4.967s] -- Added test 'cppcheck' to perform static code analysis on C / C++ code
[4.968s] -- Configured cppcheck include dirs: $<BUILD_INTERFACE:/home/daeyun/Desktop/spinerobot_ws/src/safety_pkg/include/safety_pkg>
[4.968s] -- Configured cppcheck exclude dirs and/or files: 
[4.971s] -- Added test 'cpplint' to check C / C++ code against the Google style
[4.972s] -- Configured cpplint exclude dirs and/or files: 
[4.974s] -- Added test 'lint_cmake' to check CMake code style
[4.978s] -- Added test 'uncrustify' to check C / C++ code style
[4.979s] -- Configured uncrustify additional arguments: 
[4.980s] -- Added test 'xmllint' to check XML markup files
[4.999s] -- Configuring done
[5.432s] -- Generating done
[5.436s] -- Build files have been written to: /home/daeyun/Desktop/spinerobot_ws/build/safety_pkg
[5.473s] Invoked command in '/home/daeyun/Desktop/spinerobot_ws/build/safety_pkg' returned '0': AMENT_PREFIX_PATH=/home/daeyun/Desktop/spinerobot_ws/install/ecat_msgs:${AMENT_PREFIX_PATH} CMAKE_PREFIX_PATH=/home/daeyun/Desktop/spinerobot_ws/install/ecat_msgs:/opt/ros/foxy LD_LIBRARY_PATH=/home/daeyun/Desktop/spinerobot_ws/install/ecat_msgs/lib:${LD_LIBRARY_PATH} PYTHONPATH=/home/daeyun/Desktop/spinerobot_ws/install/ecat_msgs/lib/python3.8/site-packages:${PYTHONPATH} /usr/bin/cmake /home/daeyun/Desktop/spinerobot_ws/src/safety_pkg -DAMENT_CMAKE_SYMLINK_INSTALL=1 -DCMAKE_INSTALL_PREFIX=/home/daeyun/Desktop/spinerobot_ws/install/safety_pkg
[5.476s] Invoking command in '/home/daeyun/Desktop/spinerobot_ws/build/safety_pkg': AMENT_PREFIX_PATH=/home/daeyun/Desktop/spinerobot_ws/install/ecat_msgs:${AMENT_PREFIX_PATH} CMAKE_PREFIX_PATH=/home/daeyun/Desktop/spinerobot_ws/install/ecat_msgs:/opt/ros/foxy LD_LIBRARY_PATH=/home/daeyun/Desktop/spinerobot_ws/install/ecat_msgs/lib:${LD_LIBRARY_PATH} PYTHONPATH=/home/daeyun/Desktop/spinerobot_ws/install/ecat_msgs/lib/python3.8/site-packages:${PYTHONPATH} /usr/bin/cmake --build /home/daeyun/Desktop/spinerobot_ws/build/safety_pkg -- -j8 -l8
[5.665s] [35m[1mScanning dependencies of target safety_node[0m
[6.073s] [ 50%] [32mBuilding CXX object CMakeFiles/safety_node.dir/src/safety_node.cpp.o[0m
[16.738s] [01m[K/home/daeyun/Desktop/spinerobot_ws/src/safety_pkg/src/safety_node.cpp:[m[K In member function ‘[01m[Kvoid SafetyNode::HandleLifecycleNodeCallbacks(ecat_msgs::msg::DataReceived_<std::allocator<void> >::SharedPtr)[m[K’:
[16.738s] [01m[K/home/daeyun/Desktop/spinerobot_ws/src/safety_pkg/src/safety_node.cpp:124:20:[m[K [01;35m[Kwarning: [m[Kcomparison of integer expressions of different signedness: ‘[01m[Kint[m[K’ and ‘[01m[Kstd::vector<unsigned char, std::allocator<unsigned char> >::size_type[m[K’ {aka ‘[01m[Klong unsigned int[m[K’} [[01;35m[K-Wsign-compare[m[K]
[16.739s]   124 |     for(int i=0; [01;35m[Ki < lifecycle_node_data_.slave_com_status.size()[m[K; i++){
[16.739s]       |                  [01;35m[K~~^~~~~~~~~~~~~~~~~~~~~~~~~~~~~~~~~~~~~~~~~~~~~~[m[K
[44.167s] [100%] [32m[1mLinking CXX executable safety_node[0m
[46.112s] [100%] Built target safety_node
