[0.086s] DEBUG:colcon:Command line arguments: ['/usr/bin/colcon', 'build', '--symlink-install']
[0.086s] DEBUG:colcon:Parsed command line arguments: Namespace(allow_overriding=[], ament_cmake_args=None, base_paths=['.'], build_base='build', catkin_cmake_args=None, catkin_skip_building_tests=False, cmake_args=None, cmake_clean_cache=False, cmake_clean_first=False, cmake_force_configure=False, cmake_target=None, cmake_target_skip_unavailable=False, continue_on_error=False, event_handlers=None, executor='parallel', ignore_user_meta=False, install_base='install', log_base=None, log_level=None, main=<bound method BuildVerb.main of <colcon_core.verb.build.BuildVerb object at 0x7f4d4c4dae20>>, merge_install=False, metas=['./colcon.meta'], packages_above=None, packages_above_and_dependencies=None, packages_above_depth=None, packages_end=None, packages_ignore=None, packages_ignore_regex=None, packages_select=None, packages_select_build_failed=False, packages_select_by_dep=None, packages_select_regex=None, packages_select_test_failures=False, packages_skip=None, packages_skip_build_finished=False, packages_skip_by_dep=None, packages_skip_regex=None, packages_skip_test_passed=False, packages_skip_up_to=None, packages_start=None, packages_up_to=None, packages_up_to_regex=None, parallel_workers=8, paths=None, symlink_install=True, test_result_base=None, verb_extension=<colcon_core.verb.build.BuildVerb object at 0x7f4d4c4dae20>, verb_name='build', verb_parser=<colcon_defaults.argument_parser.defaults.DefaultArgumentsDecorator object at 0x7f4d4c4de3d0>)
[0.101s] Level 1:colcon.colcon_core.package_discovery:discover_packages(colcon_meta) check parameters
[0.101s] Level 1:colcon.colcon_core.package_discovery:discover_packages(recursive) check parameters
[0.101s] Level 1:colcon.colcon_core.package_discovery:discover_packages(ignore) check parameters
[0.101s] Level 1:colcon.colcon_core.package_discovery:discover_packages(path) check parameters
[0.101s] Level 1:colcon.colcon_core.package_discovery:discover_packages(colcon_meta) discover
[0.102s] Level 1:colcon.colcon_core.package_discovery:discover_packages(recursive) discover
[0.102s] INFO:colcon.colcon_core.package_discovery:Crawling recursively for packages in '/home/daeyun/Desktop/spinerobot_ws'
[0.102s] Level 1:colcon.colcon_core.package_identification:_identify(.) by extensions ['ignore', 'ignore_ament_install']
[0.102s] Level 1:colcon.colcon_core.package_identification:_identify(.) by extension 'ignore'
[0.102s] Level 1:colcon.colcon_core.package_identification:_identify(.) by extension 'ignore_ament_install'
[0.102s] Level 1:colcon.colcon_core.package_identification:_identify(.) by extensions ['colcon_pkg']
[0.102s] Level 1:colcon.colcon_core.package_identification:_identify(.) by extension 'colcon_pkg'
[0.102s] Level 1:colcon.colcon_core.package_identification:_identify(.) by extensions ['colcon_meta']
[0.102s] Level 1:colcon.colcon_core.package_identification:_identify(.) by extension 'colcon_meta'
[0.102s] Level 1:colcon.colcon_core.package_identification:_identify(.) by extensions ['ros']
[0.102s] Level 1:colcon.colcon_core.package_identification:_identify(.) by extension 'ros'
[0.109s] Level 1:colcon.colcon_core.package_identification:_identify(.) by extensions ['cmake', 'python']
[0.109s] Level 1:colcon.colcon_core.package_identification:_identify(.) by extension 'cmake'
[0.109s] Level 1:colcon.colcon_core.package_identification:_identify(.) by extension 'python'
[0.109s] Level 1:colcon.colcon_core.package_identification:_identify(.) by extensions ['python_setup_py']
[0.109s] Level 1:colcon.colcon_core.package_identification:_identify(.) by extension 'python_setup_py'
[0.109s] Level 1:colcon.colcon_core.package_identification:_identify(build) by extensions ['ignore', 'ignore_ament_install']
[0.109s] Level 1:colcon.colcon_core.package_identification:_identify(build) by extension 'ignore'
[0.109s] Level 1:colcon.colcon_core.package_identification:_identify(build) ignored
[0.110s] Level 1:colcon.colcon_core.package_identification:_identify(docs) by extensions ['ignore', 'ignore_ament_install']
[0.110s] Level 1:colcon.colcon_core.package_identification:_identify(docs) by extension 'ignore'
[0.110s] Level 1:colcon.colcon_core.package_identification:_identify(docs) by extension 'ignore_ament_install'
[0.110s] Level 1:colcon.colcon_core.package_identification:_identify(docs) by extensions ['colcon_pkg']
[0.110s] Level 1:colcon.colcon_core.package_identification:_identify(docs) by extension 'colcon_pkg'
[0.110s] Level 1:colcon.colcon_core.package_identification:_identify(docs) by extensions ['colcon_meta']
[0.110s] Level 1:colcon.colcon_core.package_identification:_identify(docs) by extension 'colcon_meta'
[0.110s] Level 1:colcon.colcon_core.package_identification:_identify(docs) by extensions ['ros']
[0.110s] Level 1:colcon.colcon_core.package_identification:_identify(docs) by extension 'ros'
[0.110s] Level 1:colcon.colcon_core.package_identification:_identify(docs) by extensions ['cmake', 'python']
[0.110s] Level 1:colcon.colcon_core.package_identification:_identify(docs) by extension 'cmake'
[0.110s] Level 1:colcon.colcon_core.package_identification:_identify(docs) by extension 'python'
[0.110s] Level 1:colcon.colcon_core.package_identification:_identify(docs) by extensions ['python_setup_py']
[0.110s] Level 1:colcon.colcon_core.package_identification:_identify(docs) by extension 'python_setup_py'
[0.111s] Level 1:colcon.colcon_core.package_identification:_identify(docs/doxy_xml) by extensions ['ignore', 'ignore_ament_install']
[0.111s] Level 1:colcon.colcon_core.package_identification:_identify(docs/doxy_xml) by extension 'ignore'
[0.111s] Level 1:colcon.colcon_core.package_identification:_identify(docs/doxy_xml) by extension 'ignore_ament_install'
[0.111s] Level 1:colcon.colcon_core.package_identification:_identify(docs/doxy_xml) by extensions ['colcon_pkg']
[0.111s] Level 1:colcon.colcon_core.package_identification:_identify(docs/doxy_xml) by extension 'colcon_pkg'
[0.111s] Level 1:colcon.colcon_core.package_identification:_identify(docs/doxy_xml) by extensions ['colcon_meta']
[0.111s] Level 1:colcon.colcon_core.package_identification:_identify(docs/doxy_xml) by extension 'colcon_meta'
[0.111s] Level 1:colcon.colcon_core.package_identification:_identify(docs/doxy_xml) by extensions ['ros']
[0.111s] Level 1:colcon.colcon_core.package_identification:_identify(docs/doxy_xml) by extension 'ros'
[0.111s] Level 1:colcon.colcon_core.package_identification:_identify(docs/doxy_xml) by extensions ['cmake', 'python']
[0.111s] Level 1:colcon.colcon_core.package_identification:_identify(docs/doxy_xml) by extension 'cmake'
[0.111s] Level 1:colcon.colcon_core.package_identification:_identify(docs/doxy_xml) by extension 'python'
[0.111s] Level 1:colcon.colcon_core.package_identification:_identify(docs/doxy_xml) by extensions ['python_setup_py']
[0.111s] Level 1:colcon.colcon_core.package_identification:_identify(docs/doxy_xml) by extension 'python_setup_py'
[0.111s] Level 1:colcon.colcon_core.package_identification:_identify(docs/html) by extensions ['ignore', 'ignore_ament_install']
[0.111s] Level 1:colcon.colcon_core.package_identification:_identify(docs/html) by extension 'ignore'
[0.111s] Level 1:colcon.colcon_core.package_identification:_identify(docs/html) by extension 'ignore_ament_install'
[0.111s] Level 1:colcon.colcon_core.package_identification:_identify(docs/html) by extensions ['colcon_pkg']
[0.111s] Level 1:colcon.colcon_core.package_identification:_identify(docs/html) by extension 'colcon_pkg'
[0.111s] Level 1:colcon.colcon_core.package_identification:_identify(docs/html) by extensions ['colcon_meta']
[0.111s] Level 1:colcon.colcon_core.package_identification:_identify(docs/html) by extension 'colcon_meta'
[0.111s] Level 1:colcon.colcon_core.package_identification:_identify(docs/html) by extensions ['ros']
[0.111s] Level 1:colcon.colcon_core.package_identification:_identify(docs/html) by extension 'ros'
[0.111s] Level 1:colcon.colcon_core.package_identification:_identify(docs/html) by extensions ['cmake', 'python']
[0.112s] Level 1:colcon.colcon_core.package_identification:_identify(docs/html) by extension 'cmake'
[0.112s] Level 1:colcon.colcon_core.package_identification:_identify(docs/html) by extension 'python'
[0.112s] Level 1:colcon.colcon_core.package_identification:_identify(docs/html) by extensions ['python_setup_py']
[0.112s] Level 1:colcon.colcon_core.package_identification:_identify(docs/html) by extension 'python_setup_py'
[0.112s] Level 1:colcon.colcon_core.package_identification:_identify(docs/html/search) by extensions ['ignore', 'ignore_ament_install']
[0.112s] Level 1:colcon.colcon_core.package_identification:_identify(docs/html/search) by extension 'ignore'
[0.112s] Level 1:colcon.colcon_core.package_identification:_identify(docs/html/search) by extension 'ignore_ament_install'
[0.112s] Level 1:colcon.colcon_core.package_identification:_identify(docs/html/search) by extensions ['colcon_pkg']
[0.112s] Level 1:colcon.colcon_core.package_identification:_identify(docs/html/search) by extension 'colcon_pkg'
[0.112s] Level 1:colcon.colcon_core.package_identification:_identify(docs/html/search) by extensions ['colcon_meta']
[0.112s] Level 1:colcon.colcon_core.package_identification:_identify(docs/html/search) by extension 'colcon_meta'
[0.112s] Level 1:colcon.colcon_core.package_identification:_identify(docs/html/search) by extensions ['ros']
[0.112s] Level 1:colcon.colcon_core.package_identification:_identify(docs/html/search) by extension 'ros'
[0.112s] Level 1:colcon.colcon_core.package_identification:_identify(docs/html/search) by extensions ['cmake', 'python']
[0.112s] Level 1:colcon.colcon_core.package_identification:_identify(docs/html/search) by extension 'cmake'
[0.112s] Level 1:colcon.colcon_core.package_identification:_identify(docs/html/search) by extension 'python'
[0.112s] Level 1:colcon.colcon_core.package_identification:_identify(docs/html/search) by extensions ['python_setup_py']
[0.112s] Level 1:colcon.colcon_core.package_identification:_identify(docs/html/search) by extension 'python_setup_py'
[0.112s] Level 1:colcon.colcon_core.package_identification:_identify(docs/img) by extensions ['ignore', 'ignore_ament_install']
[0.112s] Level 1:colcon.colcon_core.package_identification:_identify(docs/img) by extension 'ignore'
[0.112s] Level 1:colcon.colcon_core.package_identification:_identify(docs/img) by extension 'ignore_ament_install'
[0.112s] Level 1:colcon.colcon_core.package_identification:_identify(docs/img) by extensions ['colcon_pkg']
[0.112s] Level 1:colcon.colcon_core.package_identification:_identify(docs/img) by extension 'colcon_pkg'
[0.112s] Level 1:colcon.colcon_core.package_identification:_identify(docs/img) by extensions ['colcon_meta']
[0.113s] Level 1:colcon.colcon_core.package_identification:_identify(docs/img) by extension 'colcon_meta'
[0.113s] Level 1:colcon.colcon_core.package_identification:_identify(docs/img) by extensions ['ros']
[0.113s] Level 1:colcon.colcon_core.package_identification:_identify(docs/img) by extension 'ros'
[0.113s] Level 1:colcon.colcon_core.package_identification:_identify(docs/img) by extensions ['cmake', 'python']
[0.113s] Level 1:colcon.colcon_core.package_identification:_identify(docs/img) by extension 'cmake'
[0.113s] Level 1:colcon.colcon_core.package_identification:_identify(docs/img) by extension 'python'
[0.113s] Level 1:colcon.colcon_core.package_identification:_identify(docs/img) by extensions ['python_setup_py']
[0.113s] Level 1:colcon.colcon_core.package_identification:_identify(docs/img) by extension 'python_setup_py'
[0.113s] Level 1:colcon.colcon_core.package_identification:_identify(docs/latex) by extensions ['ignore', 'ignore_ament_install']
[0.113s] Level 1:colcon.colcon_core.package_identification:_identify(docs/latex) by extension 'ignore'
[0.113s] Level 1:colcon.colcon_core.package_identification:_identify(docs/latex) by extension 'ignore_ament_install'
[0.113s] Level 1:colcon.colcon_core.package_identification:_identify(docs/latex) by extensions ['colcon_pkg']
[0.113s] Level 1:colcon.colcon_core.package_identification:_identify(docs/latex) by extension 'colcon_pkg'
[0.113s] Level 1:colcon.colcon_core.package_identification:_identify(docs/latex) by extensions ['colcon_meta']
[0.113s] Level 1:colcon.colcon_core.package_identification:_identify(docs/latex) by extension 'colcon_meta'
[0.113s] Level 1:colcon.colcon_core.package_identification:_identify(docs/latex) by extensions ['ros']
[0.113s] Level 1:colcon.colcon_core.package_identification:_identify(docs/latex) by extension 'ros'
[0.113s] Level 1:colcon.colcon_core.package_identification:_identify(docs/latex) by extensions ['cmake', 'python']
[0.113s] Level 1:colcon.colcon_core.package_identification:_identify(docs/latex) by extension 'cmake'
[0.113s] Level 1:colcon.colcon_core.package_identification:_identify(docs/latex) by extension 'python'
[0.113s] Level 1:colcon.colcon_core.package_identification:_identify(docs/latex) by extensions ['python_setup_py']
[0.113s] Level 1:colcon.colcon_core.package_identification:_identify(docs/latex) by extension 'python_setup_py'
[0.113s] Level 1:colcon.colcon_core.package_identification:_identify(docs/search) by extensions ['ignore', 'ignore_ament_install']
[0.114s] Level 1:colcon.colcon_core.package_identification:_identify(docs/search) by extension 'ignore'
[0.114s] Level 1:colcon.colcon_core.package_identification:_identify(docs/search) by extension 'ignore_ament_install'
[0.114s] Level 1:colcon.colcon_core.package_identification:_identify(docs/search) by extensions ['colcon_pkg']
[0.114s] Level 1:colcon.colcon_core.package_identification:_identify(docs/search) by extension 'colcon_pkg'
[0.114s] Level 1:colcon.colcon_core.package_identification:_identify(docs/search) by extensions ['colcon_meta']
[0.114s] Level 1:colcon.colcon_core.package_identification:_identify(docs/search) by extension 'colcon_meta'
[0.114s] Level 1:colcon.colcon_core.package_identification:_identify(docs/search) by extensions ['ros']
[0.114s] Level 1:colcon.colcon_core.package_identification:_identify(docs/search) by extension 'ros'
[0.114s] Level 1:colcon.colcon_core.package_identification:_identify(docs/search) by extensions ['cmake', 'python']
[0.114s] Level 1:colcon.colcon_core.package_identification:_identify(docs/search) by extension 'cmake'
[0.114s] Level 1:colcon.colcon_core.package_identification:_identify(docs/search) by extension 'python'
[0.114s] Level 1:colcon.colcon_core.package_identification:_identify(docs/search) by extensions ['python_setup_py']
[0.114s] Level 1:colcon.colcon_core.package_identification:_identify(docs/search) by extension 'python_setup_py'
[0.114s] Level 1:colcon.colcon_core.package_identification:_identify(docs/src) by extensions ['ignore', 'ignore_ament_install']
[0.114s] Level 1:colcon.colcon_core.package_identification:_identify(docs/src) by extension 'ignore'
[0.114s] Level 1:colcon.colcon_core.package_identification:_identify(docs/src) by extension 'ignore_ament_install'
[0.114s] Level 1:colcon.colcon_core.package_identification:_identify(docs/src) by extensions ['colcon_pkg']
[0.114s] Level 1:colcon.colcon_core.package_identification:_identify(docs/src) by extension 'colcon_pkg'
[0.114s] Level 1:colcon.colcon_core.package_identification:_identify(docs/src) by extensions ['colcon_meta']
[0.114s] Level 1:colcon.colcon_core.package_identification:_identify(docs/src) by extension 'colcon_meta'
[0.114s] Level 1:colcon.colcon_core.package_identification:_identify(docs/src) by extensions ['ros']
[0.114s] Level 1:colcon.colcon_core.package_identification:_identify(docs/src) by extension 'ros'
[0.114s] Level 1:colcon.colcon_core.package_identification:_identify(docs/src) by extensions ['cmake', 'python']
[0.114s] Level 1:colcon.colcon_core.package_identification:_identify(docs/src) by extension 'cmake'
[0.114s] Level 1:colcon.colcon_core.package_identification:_identify(docs/src) by extension 'python'
[0.114s] Level 1:colcon.colcon_core.package_identification:_identify(docs/src) by extensions ['python_setup_py']
[0.114s] Level 1:colcon.colcon_core.package_identification:_identify(docs/src) by extension 'python_setup_py'
[0.114s] Level 1:colcon.colcon_core.package_identification:_identify(docs/src/doxygen-custom) by extensions ['ignore', 'ignore_ament_install']
[0.114s] Level 1:colcon.colcon_core.package_identification:_identify(docs/src/doxygen-custom) by extension 'ignore'
[0.114s] Level 1:colcon.colcon_core.package_identification:_identify(docs/src/doxygen-custom) by extension 'ignore_ament_install'
[0.114s] Level 1:colcon.colcon_core.package_identification:_identify(docs/src/doxygen-custom) by extensions ['colcon_pkg']
[0.115s] Level 1:colcon.colcon_core.package_identification:_identify(docs/src/doxygen-custom) by extension 'colcon_pkg'
[0.115s] Level 1:colcon.colcon_core.package_identification:_identify(docs/src/doxygen-custom) by extensions ['colcon_meta']
[0.115s] Level 1:colcon.colcon_core.package_identification:_identify(docs/src/doxygen-custom) by extension 'colcon_meta'
[0.115s] Level 1:colcon.colcon_core.package_identification:_identify(docs/src/doxygen-custom) by extensions ['ros']
[0.115s] Level 1:colcon.colcon_core.package_identification:_identify(docs/src/doxygen-custom) by extension 'ros'
[0.115s] Level 1:colcon.colcon_core.package_identification:_identify(docs/src/doxygen-custom) by extensions ['cmake', 'python']
[0.115s] Level 1:colcon.colcon_core.package_identification:_identify(docs/src/doxygen-custom) by extension 'cmake'
[0.115s] Level 1:colcon.colcon_core.package_identification:_identify(docs/src/doxygen-custom) by extension 'python'
[0.115s] Level 1:colcon.colcon_core.package_identification:_identify(docs/src/doxygen-custom) by extensions ['python_setup_py']
[0.115s] Level 1:colcon.colcon_core.package_identification:_identify(docs/src/doxygen-custom) by extension 'python_setup_py'
[0.115s] Level 1:colcon.colcon_core.package_identification:_identify(docs/src/img) by extensions ['ignore', 'ignore_ament_install']
[0.115s] Level 1:colcon.colcon_core.package_identification:_identify(docs/src/img) by extension 'ignore'
[0.115s] Level 1:colcon.colcon_core.package_identification:_identify(docs/src/img) by extension 'ignore_ament_install'
[0.115s] Level 1:colcon.colcon_core.package_identification:_identify(docs/src/img) by extensions ['colcon_pkg']
[0.115s] Level 1:colcon.colcon_core.package_identification:_identify(docs/src/img) by extension 'colcon_pkg'
[0.115s] Level 1:colcon.colcon_core.package_identification:_identify(docs/src/img) by extensions ['colcon_meta']
[0.115s] Level 1:colcon.colcon_core.package_identification:_identify(docs/src/img) by extension 'colcon_meta'
[0.115s] Level 1:colcon.colcon_core.package_identification:_identify(docs/src/img) by extensions ['ros']
[0.115s] Level 1:colcon.colcon_core.package_identification:_identify(docs/src/img) by extension 'ros'
[0.115s] Level 1:colcon.colcon_core.package_identification:_identify(docs/src/img) by extensions ['cmake', 'python']
[0.115s] Level 1:colcon.colcon_core.package_identification:_identify(docs/src/img) by extension 'cmake'
[0.115s] Level 1:colcon.colcon_core.package_identification:_identify(docs/src/img) by extension 'python'
[0.115s] Level 1:colcon.colcon_core.package_identification:_identify(docs/src/img) by extensions ['python_setup_py']
[0.115s] Level 1:colcon.colcon_core.package_identification:_identify(docs/src/img) by extension 'python_setup_py'
[0.115s] Level 1:colcon.colcon_core.package_identification:_identify(install) by extensions ['ignore', 'ignore_ament_install']
[0.115s] Level 1:colcon.colcon_core.package_identification:_identify(install) by extension 'ignore'
[0.115s] Level 1:colcon.colcon_core.package_identification:_identify(install) ignored
[0.115s] Level 1:colcon.colcon_core.package_identification:_identify(log) by extensions ['ignore', 'ignore_ament_install']
[0.115s] Level 1:colcon.colcon_core.package_identification:_identify(log) by extension 'ignore'
[0.116s] Level 1:colcon.colcon_core.package_identification:_identify(log) ignored
[0.116s] Level 1:colcon.colcon_core.package_identification:_identify(src) by extensions ['ignore', 'ignore_ament_install']
[0.116s] Level 1:colcon.colcon_core.package_identification:_identify(src) by extension 'ignore'
[0.116s] Level 1:colcon.colcon_core.package_identification:_identify(src) by extension 'ignore_ament_install'
[0.116s] Level 1:colcon.colcon_core.package_identification:_identify(src) by extensions ['colcon_pkg']
[0.116s] Level 1:colcon.colcon_core.package_identification:_identify(src) by extension 'colcon_pkg'
[0.116s] Level 1:colcon.colcon_core.package_identification:_identify(src) by extensions ['colcon_meta']
[0.116s] Level 1:colcon.colcon_core.package_identification:_identify(src) by extension 'colcon_meta'
[0.116s] Level 1:colcon.colcon_core.package_identification:_identify(src) by extensions ['ros']
[0.116s] Level 1:colcon.colcon_core.package_identification:_identify(src) by extension 'ros'
[0.116s] Level 1:colcon.colcon_core.package_identification:_identify(src) by extensions ['cmake', 'python']
[0.116s] Level 1:colcon.colcon_core.package_identification:_identify(src) by extension 'cmake'
[0.116s] Level 1:colcon.colcon_core.package_identification:_identify(src) by extension 'python'
[0.116s] Level 1:colcon.colcon_core.package_identification:_identify(src) by extensions ['python_setup_py']
[0.116s] Level 1:colcon.colcon_core.package_identification:_identify(src) by extension 'python_setup_py'
[0.116s] Level 1:colcon.colcon_core.package_identification:_identify(src/controller) by extensions ['ignore', 'ignore_ament_install']
[0.116s] Level 1:colcon.colcon_core.package_identification:_identify(src/controller) by extension 'ignore'
[0.116s] Level 1:colcon.colcon_core.package_identification:_identify(src/controller) by extension 'ignore_ament_install'
[0.116s] Level 1:colcon.colcon_core.package_identification:_identify(src/controller) by extensions ['colcon_pkg']
[0.116s] Level 1:colcon.colcon_core.package_identification:_identify(src/controller) by extension 'colcon_pkg'
[0.116s] Level 1:colcon.colcon_core.package_identification:_identify(src/controller) by extensions ['colcon_meta']
[0.116s] Level 1:colcon.colcon_core.package_identification:_identify(src/controller) by extension 'colcon_meta'
[0.116s] Level 1:colcon.colcon_core.package_identification:_identify(src/controller) by extensions ['ros']
[0.116s] Level 1:colcon.colcon_core.package_identification:_identify(src/controller) by extension 'ros'
[0.118s] DEBUG:colcon.colcon_core.package_identification:Package 'src/controller' with type 'ros.ament_cmake' and name 'controller'
[0.118s] Level 1:colcon.colcon_core.package_identification:_identify(src/ecat_msgs) by extensions ['ignore', 'ignore_ament_install']
[0.118s] Level 1:colcon.colcon_core.package_identification:_identify(src/ecat_msgs) by extension 'ignore'
[0.118s] Level 1:colcon.colcon_core.package_identification:_identify(src/ecat_msgs) by extension 'ignore_ament_install'
[0.118s] Level 1:colcon.colcon_core.package_identification:_identify(src/ecat_msgs) by extensions ['colcon_pkg']
[0.118s] Level 1:colcon.colcon_core.package_identification:_identify(src/ecat_msgs) by extension 'colcon_pkg'
[0.118s] Level 1:colcon.colcon_core.package_identification:_identify(src/ecat_msgs) by extensions ['colcon_meta']
[0.118s] Level 1:colcon.colcon_core.package_identification:_identify(src/ecat_msgs) by extension 'colcon_meta'
[0.118s] Level 1:colcon.colcon_core.package_identification:_identify(src/ecat_msgs) by extensions ['ros']
[0.118s] Level 1:colcon.colcon_core.package_identification:_identify(src/ecat_msgs) by extension 'ros'
[0.119s] DEBUG:colcon.colcon_core.package_identification:Package 'src/ecat_msgs' with type 'ros.ament_cmake' and name 'ecat_msgs'
[0.119s] Level 1:colcon.colcon_core.package_identification:_identify(src/ecat_pkg) by extensions ['ignore', 'ignore_ament_install']
[0.119s] Level 1:colcon.colcon_core.package_identification:_identify(src/ecat_pkg) by extension 'ignore'
[0.119s] Level 1:colcon.colcon_core.package_identification:_identify(src/ecat_pkg) by extension 'ignore_ament_install'
[0.119s] Level 1:colcon.colcon_core.package_identification:_identify(src/ecat_pkg) by extensions ['colcon_pkg']
[0.119s] Level 1:colcon.colcon_core.package_identification:_identify(src/ecat_pkg) by extension 'colcon_pkg'
[0.119s] Level 1:colcon.colcon_core.package_identification:_identify(src/ecat_pkg) by extensions ['colcon_meta']
[0.119s] Level 1:colcon.colcon_core.package_identification:_identify(src/ecat_pkg) by extension 'colcon_meta'
[0.119s] Level 1:colcon.colcon_core.package_identification:_identify(src/ecat_pkg) by extensions ['ros']
[0.119s] Level 1:colcon.colcon_core.package_identification:_identify(src/ecat_pkg) by extension 'ros'
[0.120s] DEBUG:colcon.colcon_core.package_identification:Package 'src/ecat_pkg' with type 'ros.ament_cmake' and name 'ecat_pkg'
[0.120s] Level 1:colcon.colcon_core.package_identification:_identify(src/gui_pkg) by extensions ['ignore', 'ignore_ament_install']
[0.120s] Level 1:colcon.colcon_core.package_identification:_identify(src/gui_pkg) by extension 'ignore'
[0.120s] Level 1:colcon.colcon_core.package_identification:_identify(src/gui_pkg) by extension 'ignore_ament_install'
[0.120s] Level 1:colcon.colcon_core.package_identification:_identify(src/gui_pkg) by extensions ['colcon_pkg']
[0.120s] Level 1:colcon.colcon_core.package_identification:_identify(src/gui_pkg) by extension 'colcon_pkg'
[0.120s] Level 1:colcon.colcon_core.package_identification:_identify(src/gui_pkg) by extensions ['colcon_meta']
[0.120s] Level 1:colcon.colcon_core.package_identification:_identify(src/gui_pkg) by extension 'colcon_meta'
[0.120s] Level 1:colcon.colcon_core.package_identification:_identify(src/gui_pkg) by extensions ['ros']
[0.120s] Level 1:colcon.colcon_core.package_identification:_identify(src/gui_pkg) by extension 'ros'
[0.120s] DEBUG:colcon.colcon_core.package_identification:Package 'src/gui_pkg' with type 'ros.ament_cmake' and name 'gui_pkg'
[0.120s] Level 1:colcon.colcon_core.package_identification:_identify(src/input_pkg) by extensions ['ignore', 'ignore_ament_install']
[0.121s] Level 1:colcon.colcon_core.package_identification:_identify(src/input_pkg) by extension 'ignore'
[0.121s] Level 1:colcon.colcon_core.package_identification:_identify(src/input_pkg) by extension 'ignore_ament_install'
[0.121s] Level 1:colcon.colcon_core.package_identification:_identify(src/input_pkg) by extensions ['colcon_pkg']
[0.121s] Level 1:colcon.colcon_core.package_identification:_identify(src/input_pkg) by extension 'colcon_pkg'
[0.121s] Level 1:colcon.colcon_core.package_identification:_identify(src/input_pkg) by extensions ['colcon_meta']
[0.121s] Level 1:colcon.colcon_core.package_identification:_identify(src/input_pkg) by extension 'colcon_meta'
[0.121s] Level 1:colcon.colcon_core.package_identification:_identify(src/input_pkg) by extensions ['ros']
[0.121s] Level 1:colcon.colcon_core.package_identification:_identify(src/input_pkg) by extension 'ros'
[0.121s] DEBUG:colcon.colcon_core.package_identification:Package 'src/input_pkg' with type 'ros.ament_cmake' and name 'input_pkg'
[0.121s] Level 1:colcon.colcon_core.package_identification:_identify(src/safety_pkg) by extensions ['ignore', 'ignore_ament_install']
[0.121s] Level 1:colcon.colcon_core.package_identification:_identify(src/safety_pkg) by extension 'ignore'
[0.121s] Level 1:colcon.colcon_core.package_identification:_identify(src/safety_pkg) by extension 'ignore_ament_install'
[0.121s] Level 1:colcon.colcon_core.package_identification:_identify(src/safety_pkg) by extensions ['colcon_pkg']
[0.121s] Level 1:colcon.colcon_core.package_identification:_identify(src/safety_pkg) by extension 'colcon_pkg'
[0.121s] Level 1:colcon.colcon_core.package_identification:_identify(src/safety_pkg) by extensions ['colcon_meta']
[0.121s] Level 1:colcon.colcon_core.package_identification:_identify(src/safety_pkg) by extension 'colcon_meta'
[0.121s] Level 1:colcon.colcon_core.package_identification:_identify(src/safety_pkg) by extensions ['ros']
[0.121s] Level 1:colcon.colcon_core.package_identification:_identify(src/safety_pkg) by extension 'ros'
[0.122s] DEBUG:colcon.colcon_core.package_identification:Package 'src/safety_pkg' with type 'ros.ament_cmake' and name 'safety_pkg'
[0.122s] Level 1:colcon.colcon_core.package_discovery:discover_packages(recursive) using defaults
[0.122s] Level 1:colcon.colcon_core.package_discovery:discover_packages(ignore) discover
[0.122s] Level 1:colcon.colcon_core.package_discovery:discover_packages(ignore) using defaults
[0.122s] Level 1:colcon.colcon_core.package_discovery:discover_packages(path) discover
[0.122s] Level 1:colcon.colcon_core.package_discovery:discover_packages(path) using defaults
[0.143s] Level 1:colcon.colcon_core.package_discovery:discover_packages(prefix_path) check parameters
[0.143s] Level 1:colcon.colcon_core.package_discovery:discover_packages(prefix_path) discover
[0.145s] DEBUG:colcon.colcon_installed_package_information.package_discovery:Found 256 installed packages in /opt/ros/foxy
[0.146s] Level 1:colcon.colcon_core.package_discovery:discover_packages(prefix_path) using defaults
[0.182s] Level 5:colcon.colcon_core.verb:set package 'controller' build argument 'cmake_args' from command line to 'None'
[0.182s] Level 5:colcon.colcon_core.verb:set package 'controller' build argument 'cmake_target' from command line to 'None'
[0.182s] Level 5:colcon.colcon_core.verb:set package 'controller' build argument 'cmake_target_skip_unavailable' from command line to 'False'
[0.182s] Level 5:colcon.colcon_core.verb:set package 'controller' build argument 'cmake_clean_cache' from command line to 'False'
[0.182s] Level 5:colcon.colcon_core.verb:set package 'controller' build argument 'cmake_clean_first' from command line to 'False'
[0.182s] Level 5:colcon.colcon_core.verb:set package 'controller' build argument 'cmake_force_configure' from command line to 'False'
[0.182s] Level 5:colcon.colcon_core.verb:set package 'controller' build argument 'ament_cmake_args' from command line to 'None'
[0.182s] Level 5:colcon.colcon_core.verb:set package 'controller' build argument 'catkin_cmake_args' from command line to 'None'
[0.182s] Level 5:colcon.colcon_core.verb:set package 'controller' build argument 'catkin_skip_building_tests' from command line to 'False'
[0.182s] DEBUG:colcon.colcon_core.verb:Building package 'controller' with the following arguments: {'ament_cmake_args': None, 'build_base': '/home/daeyun/Desktop/spinerobot_ws/build/controller', 'catkin_cmake_args': None, 'catkin_skip_building_tests': False, 'cmake_args': None, 'cmake_clean_cache': False, 'cmake_clean_first': False, 'cmake_force_configure': False, 'cmake_target': None, 'cmake_target_skip_unavailable': False, 'install_base': '/home/daeyun/Desktop/spinerobot_ws/install/controller', 'merge_install': False, 'path': '/home/daeyun/Desktop/spinerobot_ws/src/controller', 'symlink_install': True, 'test_result_base': None}
[0.183s] Level 5:colcon.colcon_core.verb:set package 'ecat_msgs' build argument 'cmake_args' from command line to 'None'
[0.183s] Level 5:colcon.colcon_core.verb:set package 'ecat_msgs' build argument 'cmake_target' from command line to 'None'
[0.183s] Level 5:colcon.colcon_core.verb:set package 'ecat_msgs' build argument 'cmake_target_skip_unavailable' from command line to 'False'
[0.183s] Level 5:colcon.colcon_core.verb:set package 'ecat_msgs' build argument 'cmake_clean_cache' from command line to 'False'
[0.183s] Level 5:colcon.colcon_core.verb:set package 'ecat_msgs' build argument 'cmake_clean_first' from command line to 'False'
[0.183s] Level 5:colcon.colcon_core.verb:set package 'ecat_msgs' build argument 'cmake_force_configure' from command line to 'False'
[0.183s] Level 5:colcon.colcon_core.verb:set package 'ecat_msgs' build argument 'ament_cmake_args' from command line to 'None'
[0.183s] Level 5:colcon.colcon_core.verb:set package 'ecat_msgs' build argument 'catkin_cmake_args' from command line to 'None'
[0.183s] Level 5:colcon.colcon_core.verb:set package 'ecat_msgs' build argument 'catkin_skip_building_tests' from command line to 'False'
[0.183s] DEBUG:colcon.colcon_core.verb:Building package 'ecat_msgs' with the following arguments: {'ament_cmake_args': None, 'build_base': '/home/daeyun/Desktop/spinerobot_ws/build/ecat_msgs', 'catkin_cmake_args': None, 'catkin_skip_building_tests': False, 'cmake_args': None, 'cmake_clean_cache': False, 'cmake_clean_first': False, 'cmake_force_configure': False, 'cmake_target': None, 'cmake_target_skip_unavailable': False, 'install_base': '/home/daeyun/Desktop/spinerobot_ws/install/ecat_msgs', 'merge_install': False, 'path': '/home/daeyun/Desktop/spinerobot_ws/src/ecat_msgs', 'symlink_install': True, 'test_result_base': None}
[0.184s] Level 5:colcon.colcon_core.verb:set package 'ecat_pkg' build argument 'cmake_args' from command line to 'None'
[0.184s] Level 5:colcon.colcon_core.verb:set package 'ecat_pkg' build argument 'cmake_target' from command line to 'None'
[0.184s] Level 5:colcon.colcon_core.verb:set package 'ecat_pkg' build argument 'cmake_target_skip_unavailable' from command line to 'False'
[0.184s] Level 5:colcon.colcon_core.verb:set package 'ecat_pkg' build argument 'cmake_clean_cache' from command line to 'False'
[0.184s] Level 5:colcon.colcon_core.verb:set package 'ecat_pkg' build argument 'cmake_clean_first' from command line to 'False'
[0.184s] Level 5:colcon.colcon_core.verb:set package 'ecat_pkg' build argument 'cmake_force_configure' from command line to 'False'
[0.184s] Level 5:colcon.colcon_core.verb:set package 'ecat_pkg' build argument 'ament_cmake_args' from command line to 'None'
[0.184s] Level 5:colcon.colcon_core.verb:set package 'ecat_pkg' build argument 'catkin_cmake_args' from command line to 'None'
[0.184s] Level 5:colcon.colcon_core.verb:set package 'ecat_pkg' build argument 'catkin_skip_building_tests' from command line to 'False'
[0.184s] DEBUG:colcon.colcon_core.verb:Building package 'ecat_pkg' with the following arguments: {'ament_cmake_args': None, 'build_base': '/home/daeyun/Desktop/spinerobot_ws/build/ecat_pkg', 'catkin_cmake_args': None, 'catkin_skip_building_tests': False, 'cmake_args': None, 'cmake_clean_cache': False, 'cmake_clean_first': False, 'cmake_force_configure': False, 'cmake_target': None, 'cmake_target_skip_unavailable': False, 'install_base': '/home/daeyun/Desktop/spinerobot_ws/install/ecat_pkg', 'merge_install': False, 'path': '/home/daeyun/Desktop/spinerobot_ws/src/ecat_pkg', 'symlink_install': True, 'test_result_base': None}
[0.184s] Level 5:colcon.colcon_core.verb:set package 'gui_pkg' build argument 'cmake_args' from command line to 'None'
[0.184s] Level 5:colcon.colcon_core.verb:set package 'gui_pkg' build argument 'cmake_target' from command line to 'None'
[0.184s] Level 5:colcon.colcon_core.verb:set package 'gui_pkg' build argument 'cmake_target_skip_unavailable' from command line to 'False'
[0.184s] Level 5:colcon.colcon_core.verb:set package 'gui_pkg' build argument 'cmake_clean_cache' from command line to 'False'
[0.184s] Level 5:colcon.colcon_core.verb:set package 'gui_pkg' build argument 'cmake_clean_first' from command line to 'False'
[0.184s] Level 5:colcon.colcon_core.verb:set package 'gui_pkg' build argument 'cmake_force_configure' from command line to 'False'
[0.184s] Level 5:colcon.colcon_core.verb:set package 'gui_pkg' build argument 'ament_cmake_args' from command line to 'None'
[0.184s] Level 5:colcon.colcon_core.verb:set package 'gui_pkg' build argument 'catkin_cmake_args' from command line to 'None'
[0.184s] Level 5:colcon.colcon_core.verb:set package 'gui_pkg' build argument 'catkin_skip_building_tests' from command line to 'False'
[0.184s] DEBUG:colcon.colcon_core.verb:Building package 'gui_pkg' with the following arguments: {'ament_cmake_args': None, 'build_base': '/home/daeyun/Desktop/spinerobot_ws/build/gui_pkg', 'catkin_cmake_args': None, 'catkin_skip_building_tests': False, 'cmake_args': None, 'cmake_clean_cache': False, 'cmake_clean_first': False, 'cmake_force_configure': False, 'cmake_target': None, 'cmake_target_skip_unavailable': False, 'install_base': '/home/daeyun/Desktop/spinerobot_ws/install/gui_pkg', 'merge_install': False, 'path': '/home/daeyun/Desktop/spinerobot_ws/src/gui_pkg', 'symlink_install': True, 'test_result_base': None}
[0.185s] Level 5:colcon.colcon_core.verb:set package 'input_pkg' build argument 'cmake_args' from command line to 'None'
[0.185s] Level 5:colcon.colcon_core.verb:set package 'input_pkg' build argument 'cmake_target' from command line to 'None'
[0.185s] Level 5:colcon.colcon_core.verb:set package 'input_pkg' build argument 'cmake_target_skip_unavailable' from command line to 'False'
[0.185s] Level 5:colcon.colcon_core.verb:set package 'input_pkg' build argument 'cmake_clean_cache' from command line to 'False'
[0.185s] Level 5:colcon.colcon_core.verb:set package 'input_pkg' build argument 'cmake_clean_first' from command line to 'False'
[0.185s] Level 5:colcon.colcon_core.verb:set package 'input_pkg' build argument 'cmake_force_configure' from command line to 'False'
[0.185s] Level 5:colcon.colcon_core.verb:set package 'input_pkg' build argument 'ament_cmake_args' from command line to 'None'
[0.185s] Level 5:colcon.colcon_core.verb:set package 'input_pkg' build argument 'catkin_cmake_args' from command line to 'None'
[0.185s] Level 5:colcon.colcon_core.verb:set package 'input_pkg' build argument 'catkin_skip_building_tests' from command line to 'False'
[0.185s] DEBUG:colcon.colcon_core.verb:Building package 'input_pkg' with the following arguments: {'ament_cmake_args': None, 'build_base': '/home/daeyun/Desktop/spinerobot_ws/build/input_pkg', 'catkin_cmake_args': None, 'catkin_skip_building_tests': False, 'cmake_args': None, 'cmake_clean_cache': False, 'cmake_clean_first': False, 'cmake_force_configure': False, 'cmake_target': None, 'cmake_target_skip_unavailable': False, 'install_base': '/home/daeyun/Desktop/spinerobot_ws/install/input_pkg', 'merge_install': False, 'path': '/home/daeyun/Desktop/spinerobot_ws/src/input_pkg', 'symlink_install': True, 'test_result_base': None}
[0.186s] Level 5:colcon.colcon_core.verb:set package 'safety_pkg' build argument 'cmake_args' from command line to 'None'
[0.186s] Level 5:colcon.colcon_core.verb:set package 'safety_pkg' build argument 'cmake_target' from command line to 'None'
[0.186s] Level 5:colcon.colcon_core.verb:set package 'safety_pkg' build argument 'cmake_target_skip_unavailable' from command line to 'False'
[0.186s] Level 5:colcon.colcon_core.verb:set package 'safety_pkg' build argument 'cmake_clean_cache' from command line to 'False'
[0.186s] Level 5:colcon.colcon_core.verb:set package 'safety_pkg' build argument 'cmake_clean_first' from command line to 'False'
[0.186s] Level 5:colcon.colcon_core.verb:set package 'safety_pkg' build argument 'cmake_force_configure' from command line to 'False'
[0.186s] Level 5:colcon.colcon_core.verb:set package 'safety_pkg' build argument 'ament_cmake_args' from command line to 'None'
[0.186s] Level 5:colcon.colcon_core.verb:set package 'safety_pkg' build argument 'catkin_cmake_args' from command line to 'None'
[0.186s] Level 5:colcon.colcon_core.verb:set package 'safety_pkg' build argument 'catkin_skip_building_tests' from command line to 'False'
[0.186s] DEBUG:colcon.colcon_core.verb:Building package 'safety_pkg' with the following arguments: {'ament_cmake_args': None, 'build_base': '/home/daeyun/Desktop/spinerobot_ws/build/safety_pkg', 'catkin_cmake_args': None, 'catkin_skip_building_tests': False, 'cmake_args': None, 'cmake_clean_cache': False, 'cmake_clean_first': False, 'cmake_force_configure': False, 'cmake_target': None, 'cmake_target_skip_unavailable': False, 'install_base': '/home/daeyun/Desktop/spinerobot_ws/install/safety_pkg', 'merge_install': False, 'path': '/home/daeyun/Desktop/spinerobot_ws/src/safety_pkg', 'symlink_install': True, 'test_result_base': None}
[0.186s] INFO:colcon.colcon_core.executor:Executing jobs using 'parallel' executor
[0.189s] DEBUG:colcon.colcon_parallel_executor.executor.parallel:run_until_complete
[0.189s] INFO:colcon.colcon_ros.task.ament_cmake.build:Building ROS package in '/home/daeyun/Desktop/spinerobot_ws/src/ecat_msgs' with build type 'ament_cmake'
[0.189s] INFO:colcon.colcon_cmake.task.cmake.build:Building CMake package in '/home/daeyun/Desktop/spinerobot_ws/src/ecat_msgs'
[0.192s] INFO:colcon.colcon_core.plugin_system:Skipping extension 'colcon_core.shell.bat': Not used on non-Windows systems
[0.192s] INFO:colcon.colcon_core.shell:Skip shell extension 'powershell' for command environment: Not usable outside of PowerShell
[0.192s] DEBUG:colcon.colcon_core.shell:Skip shell extension 'dsv' for command environment
[0.196s] INFO:colcon.colcon_ros.task.ament_cmake.build:Building ROS package in '/home/daeyun/Desktop/spinerobot_ws/src/controller' with build type 'ament_cmake'
[0.196s] INFO:colcon.colcon_cmake.task.cmake.build:Building CMake package in '/home/daeyun/Desktop/spinerobot_ws/src/controller'
[0.197s] INFO:colcon.colcon_core.shell:Skip shell extension 'powershell' for command environment: Not usable outside of PowerShell
[0.198s] DEBUG:colcon.colcon_core.shell:Skip shell extension 'dsv' for command environment
[0.206s] DEBUG:colcon.colcon_core.event_handler.log_command:Invoking command in '/home/daeyun/Desktop/spinerobot_ws/build/ecat_msgs': CMAKE_PREFIX_PATH=/opt/ros/foxy /usr/bin/cmake --build /home/daeyun/Desktop/spinerobot_ws/build/ecat_msgs -- -j8 -l8
[0.210s] DEBUG:colcon.colcon_core.event_handler.log_command:Invoking command in '/home/daeyun/Desktop/spinerobot_ws/build/controller': CMAKE_PREFIX_PATH=/opt/ros/foxy /usr/bin/cmake --build /home/daeyun/Desktop/spinerobot_ws/build/controller -- -j8 -l8
[0.274s] DEBUG:colcon.colcon_core.event_handler.log_command:Invoked command in '/home/daeyun/Desktop/spinerobot_ws/build/controller' returned '0': CMAKE_PREFIX_PATH=/opt/ros/foxy /usr/bin/cmake --build /home/daeyun/Desktop/spinerobot_ws/build/controller -- -j8 -l8
[0.304s] DEBUG:colcon.colcon_core.event_handler.log_command:Invoking command in '/home/daeyun/Desktop/spinerobot_ws/build/controller': CMAKE_PREFIX_PATH=/opt/ros/foxy /usr/bin/cmake --install /home/daeyun/Desktop/spinerobot_ws/build/controller
[0.322s] Level 1:colcon.colcon_core.environment:create_environment_scripts_only(controller)
[0.323s] DEBUG:colcon.colcon_core.event_handler.log_command:Invoked command in '/home/daeyun/Desktop/spinerobot_ws/build/controller' returned '0': CMAKE_PREFIX_PATH=/opt/ros/foxy /usr/bin/cmake --install /home/daeyun/Desktop/spinerobot_ws/build/controller
[0.327s] Level 1:colcon.colcon_core.environment:checking '/home/daeyun/Desktop/spinerobot_ws/install/controller' for CMake module files
[0.327s] Level 1:colcon.colcon_core.environment:checking '/home/daeyun/Desktop/spinerobot_ws/install/controller' for CMake config files
[0.327s] Level 1:colcon.colcon_core.shell:create_environment_hook('controller', 'cmake_prefix_path')
[0.328s] INFO:colcon.colcon_core.shell:Creating environment hook '/home/daeyun/Desktop/spinerobot_ws/install/controller/share/controller/hook/cmake_prefix_path.ps1'
[0.329s] INFO:colcon.colcon_core.shell:Creating environment descriptor '/home/daeyun/Desktop/spinerobot_ws/install/controller/share/controller/hook/cmake_prefix_path.dsv'
[0.329s] INFO:colcon.colcon_core.shell:Creating environment hook '/home/daeyun/Desktop/spinerobot_ws/install/controller/share/controller/hook/cmake_prefix_path.sh'
[0.330s] Level 1:colcon.colcon_core.environment:checking '/home/daeyun/Desktop/spinerobot_ws/install/controller/lib'
[0.330s] Level 1:colcon.colcon_core.environment:checking '/home/daeyun/Desktop/spinerobot_ws/install/controller/bin'
[0.330s] Level 1:colcon.colcon_core.environment:checking '/home/daeyun/Desktop/spinerobot_ws/install/controller/lib/pkgconfig/controller.pc'
[0.330s] Level 1:colcon.colcon_core.environment:checking '/home/daeyun/Desktop/spinerobot_ws/install/controller/lib/python3.8/site-packages'
[0.330s] Level 1:colcon.colcon_core.environment:checking '/home/daeyun/Desktop/spinerobot_ws/install/controller/bin'
[0.331s] INFO:colcon.colcon_core.shell:Creating package script '/home/daeyun/Desktop/spinerobot_ws/install/controller/share/controller/package.ps1'
[0.332s] INFO:colcon.colcon_core.shell:Creating package descriptor '/home/daeyun/Desktop/spinerobot_ws/install/controller/share/controller/package.dsv'
[0.332s] INFO:colcon.colcon_core.shell:Creating package script '/home/daeyun/Desktop/spinerobot_ws/install/controller/share/controller/package.sh'
[0.333s] INFO:colcon.colcon_core.shell:Creating package script '/home/daeyun/Desktop/spinerobot_ws/install/controller/share/controller/package.bash'
[0.333s] INFO:colcon.colcon_core.shell:Creating package script '/home/daeyun/Desktop/spinerobot_ws/install/controller/share/controller/package.zsh'
[0.333s] Level 1:colcon.colcon_core.environment:create_file_with_runtime_dependencies(/home/daeyun/Desktop/spinerobot_ws/install/controller/share/colcon-core/packages/controller)
[0.354s] Level 1:colcon.colcon_core.environment:create_environment_scripts_only(controller)
[0.355s] Level 1:colcon.colcon_core.environment:checking '/home/daeyun/Desktop/spinerobot_ws/install/controller' for CMake module files
[0.355s] Level 1:colcon.colcon_core.environment:checking '/home/daeyun/Desktop/spinerobot_ws/install/controller' for CMake config files
[0.356s] Level 1:colcon.colcon_core.shell:create_environment_hook('controller', 'cmake_prefix_path')
[0.356s] INFO:colcon.colcon_core.shell:Creating environment hook '/home/daeyun/Desktop/spinerobot_ws/install/controller/share/controller/hook/cmake_prefix_path.ps1'
[0.357s] INFO:colcon.colcon_core.shell:Creating environment descriptor '/home/daeyun/Desktop/spinerobot_ws/install/controller/share/controller/hook/cmake_prefix_path.dsv'
[0.357s] INFO:colcon.colcon_core.shell:Creating environment hook '/home/daeyun/Desktop/spinerobot_ws/install/controller/share/controller/hook/cmake_prefix_path.sh'
[0.358s] Level 1:colcon.colcon_core.environment:checking '/home/daeyun/Desktop/spinerobot_ws/install/controller/lib'
[0.358s] Level 1:colcon.colcon_core.environment:checking '/home/daeyun/Desktop/spinerobot_ws/install/controller/bin'
[0.358s] Level 1:colcon.colcon_core.environment:checking '/home/daeyun/Desktop/spinerobot_ws/install/controller/lib/pkgconfig/controller.pc'
[0.358s] Level 1:colcon.colcon_core.environment:checking '/home/daeyun/Desktop/spinerobot_ws/install/controller/lib/python3.8/site-packages'
[0.358s] Level 1:colcon.colcon_core.environment:checking '/home/daeyun/Desktop/spinerobot_ws/install/controller/bin'
[0.360s] INFO:colcon.colcon_core.shell:Creating package script '/home/daeyun/Desktop/spinerobot_ws/install/controller/share/controller/package.ps1'
[0.360s] INFO:colcon.colcon_core.shell:Creating package descriptor '/home/daeyun/Desktop/spinerobot_ws/install/controller/share/controller/package.dsv'
[0.360s] INFO:colcon.colcon_core.shell:Creating package script '/home/daeyun/Desktop/spinerobot_ws/install/controller/share/controller/package.sh'
[0.361s] INFO:colcon.colcon_core.shell:Creating package script '/home/daeyun/Desktop/spinerobot_ws/install/controller/share/controller/package.bash'
[0.361s] INFO:colcon.colcon_core.shell:Creating package script '/home/daeyun/Desktop/spinerobot_ws/install/controller/share/controller/package.zsh'
[0.361s] Level 1:colcon.colcon_core.environment:create_file_with_runtime_dependencies(/home/daeyun/Desktop/spinerobot_ws/install/controller/share/colcon-core/packages/controller)
[0.390s] DEBUG:colcon.colcon_core.event_handler.log_command:Invoked command in '/home/daeyun/Desktop/spinerobot_ws/build/ecat_msgs' returned '0': CMAKE_PREFIX_PATH=/opt/ros/foxy /usr/bin/cmake --build /home/daeyun/Desktop/spinerobot_ws/build/ecat_msgs -- -j8 -l8
[0.462s] DEBUG:colcon.colcon_core.event_handler.log_command:Invoking command in '/home/daeyun/Desktop/spinerobot_ws/build/ecat_msgs': CMAKE_PREFIX_PATH=/opt/ros/foxy /usr/bin/cmake --install /home/daeyun/Desktop/spinerobot_ws/build/ecat_msgs
[0.523s] Level 1:colcon.colcon_core.environment:create_environment_scripts_only(ecat_msgs)
[0.525s] Level 1:colcon.colcon_core.environment:checking '/home/daeyun/Desktop/spinerobot_ws/install/ecat_msgs' for CMake module files
[0.525s] DEBUG:colcon.colcon_core.event_handler.log_command:Invoked command in '/home/daeyun/Desktop/spinerobot_ws/build/ecat_msgs' returned '0': CMAKE_PREFIX_PATH=/opt/ros/foxy /usr/bin/cmake --install /home/daeyun/Desktop/spinerobot_ws/build/ecat_msgs
[0.526s] Level 1:colcon.colcon_core.environment:checking '/home/daeyun/Desktop/spinerobot_ws/install/ecat_msgs' for CMake config files
[0.526s] Level 1:colcon.colcon_core.shell:create_environment_hook('ecat_msgs', 'cmake_prefix_path')
[0.527s] INFO:colcon.colcon_core.shell:Creating environment hook '/home/daeyun/Desktop/spinerobot_ws/install/ecat_msgs/share/ecat_msgs/hook/cmake_prefix_path.ps1'
[0.528s] INFO:colcon.colcon_core.shell:Creating environment descriptor '/home/daeyun/Desktop/spinerobot_ws/install/ecat_msgs/share/ecat_msgs/hook/cmake_prefix_path.dsv'
[0.528s] INFO:colcon.colcon_core.shell:Creating environment hook '/home/daeyun/Desktop/spinerobot_ws/install/ecat_msgs/share/ecat_msgs/hook/cmake_prefix_path.sh'
[0.528s] Level 1:colcon.colcon_core.environment:checking '/home/daeyun/Desktop/spinerobot_ws/install/ecat_msgs/lib'
[0.528s] Level 1:colcon.colcon_core.shell:create_environment_hook('ecat_msgs', 'ld_library_path_lib')
[0.529s] INFO:colcon.colcon_core.shell:Creating environment hook '/home/daeyun/Desktop/spinerobot_ws/install/ecat_msgs/share/ecat_msgs/hook/ld_library_path_lib.ps1'
[0.529s] INFO:colcon.colcon_core.shell:Creating environment descriptor '/home/daeyun/Desktop/spinerobot_ws/install/ecat_msgs/share/ecat_msgs/hook/ld_library_path_lib.dsv'
[0.529s] INFO:colcon.colcon_core.shell:Creating environment hook '/home/daeyun/Desktop/spinerobot_ws/install/ecat_msgs/share/ecat_msgs/hook/ld_library_path_lib.sh'
[0.530s] Level 1:colcon.colcon_core.environment:checking '/home/daeyun/Desktop/spinerobot_ws/install/ecat_msgs/bin'
[0.530s] Level 1:colcon.colcon_core.environment:checking '/home/daeyun/Desktop/spinerobot_ws/install/ecat_msgs/lib/pkgconfig/ecat_msgs.pc'
[0.530s] Level 1:colcon.colcon_core.environment:checking '/home/daeyun/Desktop/spinerobot_ws/install/ecat_msgs/lib/python3.8/site-packages'
[0.530s] Level 1:colcon.colcon_core.shell:create_environment_hook('ecat_msgs', 'pythonpath')
[0.531s] INFO:colcon.colcon_core.shell:Creating environment hook '/home/daeyun/Desktop/spinerobot_ws/install/ecat_msgs/share/ecat_msgs/hook/pythonpath.ps1'
[0.531s] INFO:colcon.colcon_core.shell:Creating environment descriptor '/home/daeyun/Desktop/spinerobot_ws/install/ecat_msgs/share/ecat_msgs/hook/pythonpath.dsv'
[0.531s] INFO:colcon.colcon_core.shell:Creating environment hook '/home/daeyun/Desktop/spinerobot_ws/install/ecat_msgs/share/ecat_msgs/hook/pythonpath.sh'
[0.531s] Level 1:colcon.colcon_core.environment:checking '/home/daeyun/Desktop/spinerobot_ws/install/ecat_msgs/bin'
[0.532s] INFO:colcon.colcon_core.shell:Creating package script '/home/daeyun/Desktop/spinerobot_ws/install/ecat_msgs/share/ecat_msgs/package.ps1'
[0.533s] INFO:colcon.colcon_core.shell:Creating package descriptor '/home/daeyun/Desktop/spinerobot_ws/install/ecat_msgs/share/ecat_msgs/package.dsv'
[0.533s] INFO:colcon.colcon_core.shell:Creating package script '/home/daeyun/Desktop/spinerobot_ws/install/ecat_msgs/share/ecat_msgs/package.sh'
[0.533s] INFO:colcon.colcon_core.shell:Creating package script '/home/daeyun/Desktop/spinerobot_ws/install/ecat_msgs/share/ecat_msgs/package.bash'
[0.533s] INFO:colcon.colcon_core.shell:Creating package script '/home/daeyun/Desktop/spinerobot_ws/install/ecat_msgs/share/ecat_msgs/package.zsh'
[0.534s] Level 1:colcon.colcon_core.environment:create_file_with_runtime_dependencies(/home/daeyun/Desktop/spinerobot_ws/install/ecat_msgs/share/colcon-core/packages/ecat_msgs)
[0.603s] Level 1:colcon.colcon_core.environment:create_environment_scripts_only(ecat_msgs)
[0.605s] Level 1:colcon.colcon_core.environment:checking '/home/daeyun/Desktop/spinerobot_ws/install/ecat_msgs' for CMake module files
[0.605s] Level 1:colcon.colcon_core.environment:checking '/home/daeyun/Desktop/spinerobot_ws/install/ecat_msgs' for CMake config files
[0.606s] Level 1:colcon.colcon_core.shell:create_environment_hook('ecat_msgs', 'cmake_prefix_path')
[0.607s] INFO:colcon.colcon_core.shell:Creating environment hook '/home/daeyun/Desktop/spinerobot_ws/install/ecat_msgs/share/ecat_msgs/hook/cmake_prefix_path.ps1'
[0.607s] INFO:colcon.colcon_core.shell:Creating environment descriptor '/home/daeyun/Desktop/spinerobot_ws/install/ecat_msgs/share/ecat_msgs/hook/cmake_prefix_path.dsv'
[0.607s] INFO:colcon.colcon_core.shell:Creating environment hook '/home/daeyun/Desktop/spinerobot_ws/install/ecat_msgs/share/ecat_msgs/hook/cmake_prefix_path.sh'
[0.608s] Level 1:colcon.colcon_core.environment:checking '/home/daeyun/Desktop/spinerobot_ws/install/ecat_msgs/lib'
[0.608s] Level 1:colcon.colcon_core.shell:create_environment_hook('ecat_msgs', 'ld_library_path_lib')
[0.608s] INFO:colcon.colcon_core.shell:Creating environment hook '/home/daeyun/Desktop/spinerobot_ws/install/ecat_msgs/share/ecat_msgs/hook/ld_library_path_lib.ps1'
[0.609s] INFO:colcon.colcon_core.shell:Creating environment descriptor '/home/daeyun/Desktop/spinerobot_ws/install/ecat_msgs/share/ecat_msgs/hook/ld_library_path_lib.dsv'
[0.609s] INFO:colcon.colcon_core.shell:Creating environment hook '/home/daeyun/Desktop/spinerobot_ws/install/ecat_msgs/share/ecat_msgs/hook/ld_library_path_lib.sh'
[0.609s] Level 1:colcon.colcon_core.environment:checking '/home/daeyun/Desktop/spinerobot_ws/install/ecat_msgs/bin'
[0.609s] Level 1:colcon.colcon_core.environment:checking '/home/daeyun/Desktop/spinerobot_ws/install/ecat_msgs/lib/pkgconfig/ecat_msgs.pc'
[0.609s] Level 1:colcon.colcon_core.environment:checking '/home/daeyun/Desktop/spinerobot_ws/install/ecat_msgs/lib/python3.8/site-packages'
[0.609s] Level 1:colcon.colcon_core.shell:create_environment_hook('ecat_msgs', 'pythonpath')
[0.610s] INFO:colcon.colcon_core.shell:Creating environment hook '/home/daeyun/Desktop/spinerobot_ws/install/ecat_msgs/share/ecat_msgs/hook/pythonpath.ps1'
[0.610s] INFO:colcon.colcon_core.shell:Creating environment descriptor '/home/daeyun/Desktop/spinerobot_ws/install/ecat_msgs/share/ecat_msgs/hook/pythonpath.dsv'
[0.611s] INFO:colcon.colcon_core.shell:Creating environment hook '/home/daeyun/Desktop/spinerobot_ws/install/ecat_msgs/share/ecat_msgs/hook/pythonpath.sh'
[0.611s] Level 1:colcon.colcon_core.environment:checking '/home/daeyun/Desktop/spinerobot_ws/install/ecat_msgs/bin'
[0.612s] INFO:colcon.colcon_core.shell:Creating package script '/home/daeyun/Desktop/spinerobot_ws/install/ecat_msgs/share/ecat_msgs/package.ps1'
[0.612s] INFO:colcon.colcon_core.shell:Creating package descriptor '/home/daeyun/Desktop/spinerobot_ws/install/ecat_msgs/share/ecat_msgs/package.dsv'
[0.613s] INFO:colcon.colcon_core.shell:Creating package script '/home/daeyun/Desktop/spinerobot_ws/install/ecat_msgs/share/ecat_msgs/package.sh'
[0.613s] INFO:colcon.colcon_core.shell:Creating package script '/home/daeyun/Desktop/spinerobot_ws/install/ecat_msgs/share/ecat_msgs/package.bash'
[0.613s] INFO:colcon.colcon_core.shell:Creating package script '/home/daeyun/Desktop/spinerobot_ws/install/ecat_msgs/share/ecat_msgs/package.zsh'
[0.613s] Level 1:colcon.colcon_core.environment:create_file_with_runtime_dependencies(/home/daeyun/Desktop/spinerobot_ws/install/ecat_msgs/share/colcon-core/packages/ecat_msgs)
[0.614s] INFO:colcon.colcon_ros.task.ament_cmake.build:Building ROS package in '/home/daeyun/Desktop/spinerobot_ws/src/ecat_pkg' with build type 'ament_cmake'
[0.614s] INFO:colcon.colcon_cmake.task.cmake.build:Building CMake package in '/home/daeyun/Desktop/spinerobot_ws/src/ecat_pkg'
[0.615s] INFO:colcon.colcon_core.shell:Skip shell extension 'powershell' for command environment: Not usable outside of PowerShell
[0.615s] DEBUG:colcon.colcon_core.shell:Skip shell extension 'dsv' for command environment
[0.619s] INFO:colcon.colcon_ros.task.ament_cmake.build:Building ROS package in '/home/daeyun/Desktop/spinerobot_ws/src/gui_pkg' with build type 'ament_cmake'
[0.619s] INFO:colcon.colcon_cmake.task.cmake.build:Building CMake package in '/home/daeyun/Desktop/spinerobot_ws/src/gui_pkg'
[0.620s] INFO:colcon.colcon_core.shell:Skip shell extension 'powershell' for command environment: Not usable outside of PowerShell
[0.620s] DEBUG:colcon.colcon_core.shell:Skip shell extension 'dsv' for command environment
[0.624s] INFO:colcon.colcon_ros.task.ament_cmake.build:Building ROS package in '/home/daeyun/Desktop/spinerobot_ws/src/input_pkg' with build type 'ament_cmake'
[0.624s] INFO:colcon.colcon_cmake.task.cmake.build:Building CMake package in '/home/daeyun/Desktop/spinerobot_ws/src/input_pkg'
[0.625s] INFO:colcon.colcon_core.shell:Skip shell extension 'powershell' for command environment: Not usable outside of PowerShell
[0.625s] DEBUG:colcon.colcon_core.shell:Skip shell extension 'dsv' for command environment
[0.629s] INFO:colcon.colcon_ros.task.ament_cmake.build:Building ROS package in '/home/daeyun/Desktop/spinerobot_ws/src/safety_pkg' with build type 'ament_cmake'
[0.629s] INFO:colcon.colcon_cmake.task.cmake.build:Building CMake package in '/home/daeyun/Desktop/spinerobot_ws/src/safety_pkg'
[0.630s] INFO:colcon.colcon_core.shell:Skip shell extension 'powershell' for command environment: Not usable outside of PowerShell
[0.630s] DEBUG:colcon.colcon_core.shell:Skip shell extension 'dsv' for command environment
[0.637s] DEBUG:colcon.colcon_core.event_handler.log_command:Invoking command in '/home/daeyun/Desktop/spinerobot_ws/build/ecat_pkg': AMENT_PREFIX_PATH=/home/daeyun/Desktop/spinerobot_ws/install/ecat_msgs:${AMENT_PREFIX_PATH} CMAKE_PREFIX_PATH=/home/daeyun/Desktop/spinerobot_ws/install/ecat_msgs:/opt/ros/foxy LD_LIBRARY_PATH=/home/daeyun/Desktop/spinerobot_ws/install/ecat_msgs/lib:${LD_LIBRARY_PATH} PYTHONPATH=/home/daeyun/Desktop/spinerobot_ws/install/ecat_msgs/lib/python3.8/site-packages:${PYTHONPATH} /usr/bin/cmake --build /home/daeyun/Desktop/spinerobot_ws/build/ecat_pkg -- -j8 -l8
[0.640s] DEBUG:colcon.colcon_core.event_handler.log_command:Invoking command in '/home/daeyun/Desktop/spinerobot_ws/build/gui_pkg': AMENT_PREFIX_PATH=/home/daeyun/Desktop/spinerobot_ws/install/ecat_msgs:${AMENT_PREFIX_PATH} CMAKE_PREFIX_PATH=/home/daeyun/Desktop/spinerobot_ws/install/ecat_msgs:/opt/ros/foxy LD_LIBRARY_PATH=/home/daeyun/Desktop/spinerobot_ws/install/ecat_msgs/lib:${LD_LIBRARY_PATH} PYTHONPATH=/home/daeyun/Desktop/spinerobot_ws/install/ecat_msgs/lib/python3.8/site-packages:${PYTHONPATH} /usr/bin/cmake --build /home/daeyun/Desktop/spinerobot_ws/build/gui_pkg -- -j8 -l8
[0.643s] DEBUG:colcon.colcon_core.event_handler.log_command:Invoking command in '/home/daeyun/Desktop/spinerobot_ws/build/input_pkg': AMENT_PREFIX_PATH=/home/daeyun/Desktop/spinerobot_ws/install/ecat_msgs:${AMENT_PREFIX_PATH} CMAKE_PREFIX_PATH=/home/daeyun/Desktop/spinerobot_ws/install/ecat_msgs:/opt/ros/foxy LD_LIBRARY_PATH=/home/daeyun/Desktop/spinerobot_ws/install/ecat_msgs/lib:${LD_LIBRARY_PATH} PYTHONPATH=/home/daeyun/Desktop/spinerobot_ws/install/ecat_msgs/lib/python3.8/site-packages:${PYTHONPATH} /usr/bin/cmake --build /home/daeyun/Desktop/spinerobot_ws/build/input_pkg -- -j8 -l8
[0.650s] DEBUG:colcon.colcon_core.event_handler.log_command:Invoking command in '/home/daeyun/Desktop/spinerobot_ws/build/safety_pkg': AMENT_PREFIX_PATH=/home/daeyun/Desktop/spinerobot_ws/install/ecat_msgs:${AMENT_PREFIX_PATH} CMAKE_PREFIX_PATH=/home/daeyun/Desktop/spinerobot_ws/install/ecat_msgs:/opt/ros/foxy LD_LIBRARY_PATH=/home/daeyun/Desktop/spinerobot_ws/install/ecat_msgs/lib:${LD_LIBRARY_PATH} PYTHONPATH=/home/daeyun/Desktop/spinerobot_ws/install/ecat_msgs/lib/python3.8/site-packages:${PYTHONPATH} /usr/bin/cmake --build /home/daeyun/Desktop/spinerobot_ws/build/safety_pkg -- -j8 -l8
[0.712s] DEBUG:colcon.colcon_core.event_handler.log_command:Invoked command in '/home/daeyun/Desktop/spinerobot_ws/build/ecat_pkg' returned '0': AMENT_PREFIX_PATH=/home/daeyun/Desktop/spinerobot_ws/install/ecat_msgs:${AMENT_PREFIX_PATH} CMAKE_PREFIX_PATH=/home/daeyun/Desktop/spinerobot_ws/install/ecat_msgs:/opt/ros/foxy LD_LIBRARY_PATH=/home/daeyun/Desktop/spinerobot_ws/install/ecat_msgs/lib:${LD_LIBRARY_PATH} PYTHONPATH=/home/daeyun/Desktop/spinerobot_ws/install/ecat_msgs/lib/python3.8/site-packages:${PYTHONPATH} /usr/bin/cmake --build /home/daeyun/Desktop/spinerobot_ws/build/ecat_pkg -- -j8 -l8
[0.722s] DEBUG:colcon.colcon_core.event_handler.log_command:Invoked command in '/home/daeyun/Desktop/spinerobot_ws/build/safety_pkg' returned '0': AMENT_PREFIX_PATH=/home/daeyun/Desktop/spinerobot_ws/install/ecat_msgs:${AMENT_PREFIX_PATH} CMAKE_PREFIX_PATH=/home/daeyun/Desktop/spinerobot_ws/install/ecat_msgs:/opt/ros/foxy LD_LIBRARY_PATH=/home/daeyun/Desktop/spinerobot_ws/install/ecat_msgs/lib:${LD_LIBRARY_PATH} PYTHONPATH=/home/daeyun/Desktop/spinerobot_ws/install/ecat_msgs/lib/python3.8/site-packages:${PYTHONPATH} /usr/bin/cmake --build /home/daeyun/Desktop/spinerobot_ws/build/safety_pkg -- -j8 -l8
[0.734s] DEBUG:colcon.colcon_core.event_handler.log_command:Invoked command in '/home/daeyun/Desktop/spinerobot_ws/build/gui_pkg' returned '0': AMENT_PREFIX_PATH=/home/daeyun/Desktop/spinerobot_ws/install/ecat_msgs:${AMENT_PREFIX_PATH} CMAKE_PREFIX_PATH=/home/daeyun/Desktop/spinerobot_ws/install/ecat_msgs:/opt/ros/foxy LD_LIBRARY_PATH=/home/daeyun/Desktop/spinerobot_ws/install/ecat_msgs/lib:${LD_LIBRARY_PATH} PYTHONPATH=/home/daeyun/Desktop/spinerobot_ws/install/ecat_msgs/lib/python3.8/site-packages:${PYTHONPATH} /usr/bin/cmake --build /home/daeyun/Desktop/spinerobot_ws/build/gui_pkg -- -j8 -l8
[0.749s] DEBUG:colcon.colcon_core.event_handler.log_command:Invoking command in '/home/daeyun/Desktop/spinerobot_ws/build/ecat_pkg': AMENT_PREFIX_PATH=/home/daeyun/Desktop/spinerobot_ws/install/ecat_msgs:${AMENT_PREFIX_PATH} CMAKE_PREFIX_PATH=/home/daeyun/Desktop/spinerobot_ws/install/ecat_msgs:/opt/ros/foxy LD_LIBRARY_PATH=/home/daeyun/Desktop/spinerobot_ws/install/ecat_msgs/lib:${LD_LIBRARY_PATH} PYTHONPATH=/home/daeyun/Desktop/spinerobot_ws/install/ecat_msgs/lib/python3.8/site-packages:${PYTHONPATH} /usr/bin/cmake --install /home/daeyun/Desktop/spinerobot_ws/build/ecat_pkg
[0.755s] DEBUG:colcon.colcon_core.event_handler.log_command:Invoking command in '/home/daeyun/Desktop/spinerobot_ws/build/safety_pkg': AMENT_PREFIX_PATH=/home/daeyun/Desktop/spinerobot_ws/install/ecat_msgs:${AMENT_PREFIX_PATH} CMAKE_PREFIX_PATH=/home/daeyun/Desktop/spinerobot_ws/install/ecat_msgs:/opt/ros/foxy LD_LIBRARY_PATH=/home/daeyun/Desktop/spinerobot_ws/install/ecat_msgs/lib:${LD_LIBRARY_PATH} PYTHONPATH=/home/daeyun/Desktop/spinerobot_ws/install/ecat_msgs/lib/python3.8/site-packages:${PYTHONPATH} /usr/bin/cmake --install /home/daeyun/Desktop/spinerobot_ws/build/safety_pkg
[0.779s] Level 1:colcon.colcon_core.environment:create_environment_scripts_only(ecat_pkg)
[0.782s] Level 1:colcon.colcon_core.environment:checking '/home/daeyun/Desktop/spinerobot_ws/install/ecat_pkg' for CMake module files
[0.783s] DEBUG:colcon.colcon_core.event_handler.log_command:Invoked command in '/home/daeyun/Desktop/spinerobot_ws/build/ecat_pkg' returned '0': AMENT_PREFIX_PATH=/home/daeyun/Desktop/spinerobot_ws/install/ecat_msgs:${AMENT_PREFIX_PATH} CMAKE_PREFIX_PATH=/home/daeyun/Desktop/spinerobot_ws/install/ecat_msgs:/opt/ros/foxy LD_LIBRARY_PATH=/home/daeyun/Desktop/spinerobot_ws/install/ecat_msgs/lib:${LD_LIBRARY_PATH} PYTHONPATH=/home/daeyun/Desktop/spinerobot_ws/install/ecat_msgs/lib/python3.8/site-packages:${PYTHONPATH} /usr/bin/cmake --install /home/daeyun/Desktop/spinerobot_ws/build/ecat_pkg
[0.784s] Level 1:colcon.colcon_core.environment:checking '/home/daeyun/Desktop/spinerobot_ws/install/ecat_pkg' for CMake config files
[0.784s] Level 1:colcon.colcon_core.shell:create_environment_hook('ecat_pkg', 'cmake_prefix_path')
[0.786s] INFO:colcon.colcon_core.shell:Creating environment hook '/home/daeyun/Desktop/spinerobot_ws/install/ecat_pkg/share/ecat_pkg/hook/cmake_prefix_path.ps1'
[0.787s] INFO:colcon.colcon_core.shell:Creating environment descriptor '/home/daeyun/Desktop/spinerobot_ws/install/ecat_pkg/share/ecat_pkg/hook/cmake_prefix_path.dsv'
[0.787s] INFO:colcon.colcon_core.shell:Creating environment hook '/home/daeyun/Desktop/spinerobot_ws/install/ecat_pkg/share/ecat_pkg/hook/cmake_prefix_path.sh'
[0.788s] Level 1:colcon.colcon_core.environment:checking '/home/daeyun/Desktop/spinerobot_ws/install/ecat_pkg/lib'
[0.788s] Level 1:colcon.colcon_core.environment:checking '/home/daeyun/Desktop/spinerobot_ws/install/ecat_pkg/bin'
[0.788s] Level 1:colcon.colcon_core.environment:checking '/home/daeyun/Desktop/spinerobot_ws/install/ecat_pkg/lib/pkgconfig/ecat_pkg.pc'
[0.788s] Level 1:colcon.colcon_core.environment:checking '/home/daeyun/Desktop/spinerobot_ws/install/ecat_pkg/lib/python3.8/site-packages'
[0.789s] Level 1:colcon.colcon_core.environment:checking '/home/daeyun/Desktop/spinerobot_ws/install/ecat_pkg/bin'
[0.790s] INFO:colcon.colcon_core.shell:Creating package script '/home/daeyun/Desktop/spinerobot_ws/install/ecat_pkg/share/ecat_pkg/package.ps1'
[0.791s] INFO:colcon.colcon_core.shell:Creating package descriptor '/home/daeyun/Desktop/spinerobot_ws/install/ecat_pkg/share/ecat_pkg/package.dsv'
[0.792s] INFO:colcon.colcon_core.shell:Creating package script '/home/daeyun/Desktop/spinerobot_ws/install/ecat_pkg/share/ecat_pkg/package.sh'
[0.792s] INFO:colcon.colcon_core.shell:Creating package script '/home/daeyun/Desktop/spinerobot_ws/install/ecat_pkg/share/ecat_pkg/package.bash'
[0.792s] INFO:colcon.colcon_core.shell:Creating package script '/home/daeyun/Desktop/spinerobot_ws/install/ecat_pkg/share/ecat_pkg/package.zsh'
[0.793s] Level 1:colcon.colcon_core.environment:create_file_with_runtime_dependencies(/home/daeyun/Desktop/spinerobot_ws/install/ecat_pkg/share/colcon-core/packages/ecat_pkg)
[0.797s] Level 1:colcon.colcon_core.environment:create_environment_scripts_only(safety_pkg)
[0.799s] Level 1:colcon.colcon_core.environment:checking '/home/daeyun/Desktop/spinerobot_ws/install/safety_pkg' for CMake module files
[0.799s] DEBUG:colcon.colcon_core.event_handler.log_command:Invoked command in '/home/daeyun/Desktop/spinerobot_ws/build/safety_pkg' returned '0': AMENT_PREFIX_PATH=/home/daeyun/Desktop/spinerobot_ws/install/ecat_msgs:${AMENT_PREFIX_PATH} CMAKE_PREFIX_PATH=/home/daeyun/Desktop/spinerobot_ws/install/ecat_msgs:/opt/ros/foxy LD_LIBRARY_PATH=/home/daeyun/Desktop/spinerobot_ws/install/ecat_msgs/lib:${LD_LIBRARY_PATH} PYTHONPATH=/home/daeyun/Desktop/spinerobot_ws/install/ecat_msgs/lib/python3.8/site-packages:${PYTHONPATH} /usr/bin/cmake --install /home/daeyun/Desktop/spinerobot_ws/build/safety_pkg
[0.800s] Level 1:colcon.colcon_core.environment:checking '/home/daeyun/Desktop/spinerobot_ws/install/safety_pkg' for CMake config files
[0.800s] Level 1:colcon.colcon_core.shell:create_environment_hook('safety_pkg', 'cmake_prefix_path')
[0.801s] INFO:colcon.colcon_core.shell:Creating environment hook '/home/daeyun/Desktop/spinerobot_ws/install/safety_pkg/share/safety_pkg/hook/cmake_prefix_path.ps1'
[0.802s] INFO:colcon.colcon_core.shell:Creating environment descriptor '/home/daeyun/Desktop/spinerobot_ws/install/safety_pkg/share/safety_pkg/hook/cmake_prefix_path.dsv'
[0.802s] INFO:colcon.colcon_core.shell:Creating environment hook '/home/daeyun/Desktop/spinerobot_ws/install/safety_pkg/share/safety_pkg/hook/cmake_prefix_path.sh'
[0.802s] Level 1:colcon.colcon_core.environment:checking '/home/daeyun/Desktop/spinerobot_ws/install/safety_pkg/lib'
[0.802s] Level 1:colcon.colcon_core.environment:checking '/home/daeyun/Desktop/spinerobot_ws/install/safety_pkg/bin'
[0.802s] Level 1:colcon.colcon_core.environment:checking '/home/daeyun/Desktop/spinerobot_ws/install/safety_pkg/lib/pkgconfig/safety_pkg.pc'
[0.803s] Level 1:colcon.colcon_core.environment:checking '/home/daeyun/Desktop/spinerobot_ws/install/safety_pkg/lib/python3.8/site-packages'
[0.803s] Level 1:colcon.colcon_core.environment:checking '/home/daeyun/Desktop/spinerobot_ws/install/safety_pkg/bin'
[0.804s] INFO:colcon.colcon_core.shell:Creating package script '/home/daeyun/Desktop/spinerobot_ws/install/safety_pkg/share/safety_pkg/package.ps1'
[0.804s] INFO:colcon.colcon_core.shell:Creating package descriptor '/home/daeyun/Desktop/spinerobot_ws/install/safety_pkg/share/safety_pkg/package.dsv'
[0.805s] INFO:colcon.colcon_core.shell:Creating package script '/home/daeyun/Desktop/spinerobot_ws/install/safety_pkg/share/safety_pkg/package.sh'
[0.805s] INFO:colcon.colcon_core.shell:Creating package script '/home/daeyun/Desktop/spinerobot_ws/install/safety_pkg/share/safety_pkg/package.bash'
[0.805s] INFO:colcon.colcon_core.shell:Creating package script '/home/daeyun/Desktop/spinerobot_ws/install/safety_pkg/share/safety_pkg/package.zsh'
[0.805s] Level 1:colcon.colcon_core.environment:create_file_with_runtime_dependencies(/home/daeyun/Desktop/spinerobot_ws/install/safety_pkg/share/colcon-core/packages/safety_pkg)
[0.812s] DEBUG:colcon.colcon_core.event_handler.log_command:Invoking command in '/home/daeyun/Desktop/spinerobot_ws/build/gui_pkg': AMENT_PREFIX_PATH=/home/daeyun/Desktop/spinerobot_ws/install/ecat_msgs:${AMENT_PREFIX_PATH} CMAKE_PREFIX_PATH=/home/daeyun/Desktop/spinerobot_ws/install/ecat_msgs:/opt/ros/foxy LD_LIBRARY_PATH=/home/daeyun/Desktop/spinerobot_ws/install/ecat_msgs/lib:${LD_LIBRARY_PATH} PYTHONPATH=/home/daeyun/Desktop/spinerobot_ws/install/ecat_msgs/lib/python3.8/site-packages:${PYTHONPATH} /usr/bin/cmake --install /home/daeyun/Desktop/spinerobot_ws/build/gui_pkg
[0.828s] Level 1:colcon.colcon_core.environment:create_environment_scripts_only(ecat_pkg)
[0.830s] Level 1:colcon.colcon_core.environment:checking '/home/daeyun/Desktop/spinerobot_ws/install/ecat_pkg' for CMake module files
[0.832s] Level 1:colcon.colcon_core.environment:checking '/home/daeyun/Desktop/spinerobot_ws/install/ecat_pkg' for CMake config files
[0.833s] Level 1:colcon.colcon_core.shell:create_environment_hook('ecat_pkg', 'cmake_prefix_path')
[0.835s] INFO:colcon.colcon_core.shell:Creating environment hook '/home/daeyun/Desktop/spinerobot_ws/install/ecat_pkg/share/ecat_pkg/hook/cmake_prefix_path.ps1'
[0.835s] INFO:colcon.colcon_core.shell:Creating environment descriptor '/home/daeyun/Desktop/spinerobot_ws/install/ecat_pkg/share/ecat_pkg/hook/cmake_prefix_path.dsv'
[0.836s] INFO:colcon.colcon_core.shell:Creating environment hook '/home/daeyun/Desktop/spinerobot_ws/install/ecat_pkg/share/ecat_pkg/hook/cmake_prefix_path.sh'
[0.836s] Level 1:colcon.colcon_core.environment:checking '/home/daeyun/Desktop/spinerobot_ws/install/ecat_pkg/lib'
[0.836s] Level 1:colcon.colcon_core.environment:checking '/home/daeyun/Desktop/spinerobot_ws/install/ecat_pkg/bin'
[0.836s] Level 1:colcon.colcon_core.environment:checking '/home/daeyun/Desktop/spinerobot_ws/install/ecat_pkg/lib/pkgconfig/ecat_pkg.pc'
[0.837s] Level 1:colcon.colcon_core.environment:checking '/home/daeyun/Desktop/spinerobot_ws/install/ecat_pkg/lib/python3.8/site-packages'
[0.837s] Level 1:colcon.colcon_core.environment:checking '/home/daeyun/Desktop/spinerobot_ws/install/ecat_pkg/bin'
[0.839s] INFO:colcon.colcon_core.shell:Creating package script '/home/daeyun/Desktop/spinerobot_ws/install/ecat_pkg/share/ecat_pkg/package.ps1'
[0.840s] INFO:colcon.colcon_core.shell:Creating package descriptor '/home/daeyun/Desktop/spinerobot_ws/install/ecat_pkg/share/ecat_pkg/package.dsv'
[0.841s] INFO:colcon.colcon_core.shell:Creating package script '/home/daeyun/Desktop/spinerobot_ws/install/ecat_pkg/share/ecat_pkg/package.sh'
[0.841s] INFO:colcon.colcon_core.shell:Creating package script '/home/daeyun/Desktop/spinerobot_ws/install/ecat_pkg/share/ecat_pkg/package.bash'
[0.841s] INFO:colcon.colcon_core.shell:Creating package script '/home/daeyun/Desktop/spinerobot_ws/install/ecat_pkg/share/ecat_pkg/package.zsh'
[0.842s] Level 1:colcon.colcon_core.environment:create_file_with_runtime_dependencies(/home/daeyun/Desktop/spinerobot_ws/install/ecat_pkg/share/colcon-core/packages/ecat_pkg)
[0.843s] Level 1:colcon.colcon_core.environment:create_environment_scripts_only(gui_pkg)
[0.846s] Level 1:colcon.colcon_core.environment:checking '/home/daeyun/Desktop/spinerobot_ws/install/gui_pkg' for CMake module files
[0.846s] DEBUG:colcon.colcon_core.event_handler.log_command:Invoked command in '/home/daeyun/Desktop/spinerobot_ws/build/gui_pkg' returned '0': AMENT_PREFIX_PATH=/home/daeyun/Desktop/spinerobot_ws/install/ecat_msgs:${AMENT_PREFIX_PATH} CMAKE_PREFIX_PATH=/home/daeyun/Desktop/spinerobot_ws/install/ecat_msgs:/opt/ros/foxy LD_LIBRARY_PATH=/home/daeyun/Desktop/spinerobot_ws/install/ecat_msgs/lib:${LD_LIBRARY_PATH} PYTHONPATH=/home/daeyun/Desktop/spinerobot_ws/install/ecat_msgs/lib/python3.8/site-packages:${PYTHONPATH} /usr/bin/cmake --install /home/daeyun/Desktop/spinerobot_ws/build/gui_pkg
[0.846s] Level 1:colcon.colcon_core.environment:checking '/home/daeyun/Desktop/spinerobot_ws/install/gui_pkg' for CMake config files
[0.847s] Level 1:colcon.colcon_core.shell:create_environment_hook('gui_pkg', 'cmake_prefix_path')
[0.848s] INFO:colcon.colcon_core.shell:Creating environment hook '/home/daeyun/Desktop/spinerobot_ws/install/gui_pkg/share/gui_pkg/hook/cmake_prefix_path.ps1'
[0.849s] INFO:colcon.colcon_core.shell:Creating environment descriptor '/home/daeyun/Desktop/spinerobot_ws/install/gui_pkg/share/gui_pkg/hook/cmake_prefix_path.dsv'
[0.849s] INFO:colcon.colcon_core.shell:Creating environment hook '/home/daeyun/Desktop/spinerobot_ws/install/gui_pkg/share/gui_pkg/hook/cmake_prefix_path.sh'
[0.850s] Level 1:colcon.colcon_core.environment:checking '/home/daeyun/Desktop/spinerobot_ws/install/gui_pkg/lib'
[0.850s] Level 1:colcon.colcon_core.environment:checking '/home/daeyun/Desktop/spinerobot_ws/install/gui_pkg/bin'
[0.850s] Level 1:colcon.colcon_core.environment:checking '/home/daeyun/Desktop/spinerobot_ws/install/gui_pkg/lib/pkgconfig/gui_pkg.pc'
[0.850s] Level 1:colcon.colcon_core.environment:checking '/home/daeyun/Desktop/spinerobot_ws/install/gui_pkg/lib/python3.8/site-packages'
[0.850s] Level 1:colcon.colcon_core.environment:checking '/home/daeyun/Desktop/spinerobot_ws/install/gui_pkg/bin'
[0.852s] INFO:colcon.colcon_core.shell:Creating package script '/home/daeyun/Desktop/spinerobot_ws/install/gui_pkg/share/gui_pkg/package.ps1'
[0.853s] INFO:colcon.colcon_core.shell:Creating package descriptor '/home/daeyun/Desktop/spinerobot_ws/install/gui_pkg/share/gui_pkg/package.dsv'
[0.853s] INFO:colcon.colcon_core.shell:Creating package script '/home/daeyun/Desktop/spinerobot_ws/install/gui_pkg/share/gui_pkg/package.sh'
[0.853s] INFO:colcon.colcon_core.shell:Creating package script '/home/daeyun/Desktop/spinerobot_ws/install/gui_pkg/share/gui_pkg/package.bash'
[0.854s] INFO:colcon.colcon_core.shell:Creating package script '/home/daeyun/Desktop/spinerobot_ws/install/gui_pkg/share/gui_pkg/package.zsh'
[0.854s] Level 1:colcon.colcon_core.environment:create_file_with_runtime_dependencies(/home/daeyun/Desktop/spinerobot_ws/install/gui_pkg/share/colcon-core/packages/gui_pkg)
[0.859s] Level 1:colcon.colcon_core.environment:create_environment_scripts_only(safety_pkg)
[0.861s] Level 1:colcon.colcon_core.environment:checking '/home/daeyun/Desktop/spinerobot_ws/install/safety_pkg' for CMake module files
[0.861s] Level 1:colcon.colcon_core.environment:checking '/home/daeyun/Desktop/spinerobot_ws/install/safety_pkg' for CMake config files
[0.861s] Level 1:colcon.colcon_core.shell:create_environment_hook('safety_pkg', 'cmake_prefix_path')
[0.862s] INFO:colcon.colcon_core.shell:Creating environment hook '/home/daeyun/Desktop/spinerobot_ws/install/safety_pkg/share/safety_pkg/hook/cmake_prefix_path.ps1'
[0.863s] INFO:colcon.colcon_core.shell:Creating environment descriptor '/home/daeyun/Desktop/spinerobot_ws/install/safety_pkg/share/safety_pkg/hook/cmake_prefix_path.dsv'
[0.863s] INFO:colcon.colcon_core.shell:Creating environment hook '/home/daeyun/Desktop/spinerobot_ws/install/safety_pkg/share/safety_pkg/hook/cmake_prefix_path.sh'
[0.864s] Level 1:colcon.colcon_core.environment:checking '/home/daeyun/Desktop/spinerobot_ws/install/safety_pkg/lib'
[0.864s] Level 1:colcon.colcon_core.environment:checking '/home/daeyun/Desktop/spinerobot_ws/install/safety_pkg/bin'
[0.864s] Level 1:colcon.colcon_core.environment:checking '/home/daeyun/Desktop/spinerobot_ws/install/safety_pkg/lib/pkgconfig/safety_pkg.pc'
[0.864s] Level 1:colcon.colcon_core.environment:checking '/home/daeyun/Desktop/spinerobot_ws/install/safety_pkg/lib/python3.8/site-packages'
[0.864s] Level 1:colcon.colcon_core.environment:checking '/home/daeyun/Desktop/spinerobot_ws/install/safety_pkg/bin'
[0.866s] INFO:colcon.colcon_core.shell:Creating package script '/home/daeyun/Desktop/spinerobot_ws/install/safety_pkg/share/safety_pkg/package.ps1'
[0.866s] INFO:colcon.colcon_core.shell:Creating package descriptor '/home/daeyun/Desktop/spinerobot_ws/install/safety_pkg/share/safety_pkg/package.dsv'
[0.866s] INFO:colcon.colcon_core.shell:Creating package script '/home/daeyun/Desktop/spinerobot_ws/install/safety_pkg/share/safety_pkg/package.sh'
[0.867s] INFO:colcon.colcon_core.shell:Creating package script '/home/daeyun/Desktop/spinerobot_ws/install/safety_pkg/share/safety_pkg/package.bash'
[0.867s] INFO:colcon.colcon_core.shell:Creating package script '/home/daeyun/Desktop/spinerobot_ws/install/safety_pkg/share/safety_pkg/package.zsh'
[0.867s] Level 1:colcon.colcon_core.environment:create_file_with_runtime_dependencies(/home/daeyun/Desktop/spinerobot_ws/install/safety_pkg/share/colcon-core/packages/safety_pkg)
[0.899s] Level 1:colcon.colcon_core.environment:create_environment_scripts_only(gui_pkg)
[0.900s] Level 1:colcon.colcon_core.environment:checking '/home/daeyun/Desktop/spinerobot_ws/install/gui_pkg' for CMake module files
[0.900s] Level 1:colcon.colcon_core.environment:checking '/home/daeyun/Desktop/spinerobot_ws/install/gui_pkg' for CMake config files
[0.901s] Level 1:colcon.colcon_core.shell:create_environment_hook('gui_pkg', 'cmake_prefix_path')
[0.902s] INFO:colcon.colcon_core.shell:Creating environment hook '/home/daeyun/Desktop/spinerobot_ws/install/gui_pkg/share/gui_pkg/hook/cmake_prefix_path.ps1'
[0.902s] INFO:colcon.colcon_core.shell:Creating environment descriptor '/home/daeyun/Desktop/spinerobot_ws/install/gui_pkg/share/gui_pkg/hook/cmake_prefix_path.dsv'
[0.902s] INFO:colcon.colcon_core.shell:Creating environment hook '/home/daeyun/Desktop/spinerobot_ws/install/gui_pkg/share/gui_pkg/hook/cmake_prefix_path.sh'
[0.903s] Level 1:colcon.colcon_core.environment:checking '/home/daeyun/Desktop/spinerobot_ws/install/gui_pkg/lib'
[0.903s] Level 1:colcon.colcon_core.environment:checking '/home/daeyun/Desktop/spinerobot_ws/install/gui_pkg/bin'
[0.903s] Level 1:colcon.colcon_core.environment:checking '/home/daeyun/Desktop/spinerobot_ws/install/gui_pkg/lib/pkgconfig/gui_pkg.pc'
[0.903s] Level 1:colcon.colcon_core.environment:checking '/home/daeyun/Desktop/spinerobot_ws/install/gui_pkg/lib/python3.8/site-packages'
[0.903s] Level 1:colcon.colcon_core.environment:checking '/home/daeyun/Desktop/spinerobot_ws/install/gui_pkg/bin'
[0.904s] INFO:colcon.colcon_core.shell:Creating package script '/home/daeyun/Desktop/spinerobot_ws/install/gui_pkg/share/gui_pkg/package.ps1'
[0.904s] INFO:colcon.colcon_core.shell:Creating package descriptor '/home/daeyun/Desktop/spinerobot_ws/install/gui_pkg/share/gui_pkg/package.dsv'
[0.904s] INFO:colcon.colcon_core.shell:Creating package script '/home/daeyun/Desktop/spinerobot_ws/install/gui_pkg/share/gui_pkg/package.sh'
[0.905s] INFO:colcon.colcon_core.shell:Creating package script '/home/daeyun/Desktop/spinerobot_ws/install/gui_pkg/share/gui_pkg/package.bash'
[0.905s] INFO:colcon.colcon_core.shell:Creating package script '/home/daeyun/Desktop/spinerobot_ws/install/gui_pkg/share/gui_pkg/package.zsh'
[0.905s] Level 1:colcon.colcon_core.environment:create_file_with_runtime_dependencies(/home/daeyun/Desktop/spinerobot_ws/install/gui_pkg/share/colcon-core/packages/gui_pkg)
[1.218s] DEBUG:colcon.colcon_core.event_handler.log_command:Invoked command in '/home/daeyun/Desktop/spinerobot_ws/build/input_pkg' returned '2': AMENT_PREFIX_PATH=/home/daeyun/Desktop/spinerobot_ws/install/ecat_msgs:${AMENT_PREFIX_PATH} CMAKE_PREFIX_PATH=/home/daeyun/Desktop/spinerobot_ws/install/ecat_msgs:/opt/ros/foxy LD_LIBRARY_PATH=/home/daeyun/Desktop/spinerobot_ws/install/ecat_msgs/lib:${LD_LIBRARY_PATH} PYTHONPATH=/home/daeyun/Desktop/spinerobot_ws/install/ecat_msgs/lib/python3.8/site-packages:${PYTHONPATH} /usr/bin/cmake --build /home/daeyun/Desktop/spinerobot_ws/build/input_pkg -- -j8 -l8
[1.240s] Level 1:colcon.colcon_core.environment:create_environment_scripts_only(input_pkg)
[1.241s] Level 1:colcon.colcon_core.environment:checking '/home/daeyun/Desktop/spinerobot_ws/install/input_pkg' for CMake module files
[1.242s] Level 1:colcon.colcon_core.environment:checking '/home/daeyun/Desktop/spinerobot_ws/install/input_pkg' for CMake config files
[1.242s] Level 1:colcon.colcon_core.environment:checking '/home/daeyun/Desktop/spinerobot_ws/install/input_pkg/bin'
[1.242s] Level 1:colcon.colcon_core.environment:checking '/home/daeyun/Desktop/spinerobot_ws/install/input_pkg/lib/pkgconfig/input_pkg.pc'
[1.242s] Level 1:colcon.colcon_core.environment:checking '/home/daeyun/Desktop/spinerobot_ws/install/input_pkg/lib/python3.8/site-packages'
[1.242s] Level 1:colcon.colcon_core.environment:checking '/home/daeyun/Desktop/spinerobot_ws/install/input_pkg/bin'
[1.243s] INFO:colcon.colcon_core.shell:Creating package script '/home/daeyun/Desktop/spinerobot_ws/install/input_pkg/share/input_pkg/package.ps1'
[1.244s] INFO:colcon.colcon_core.shell:Creating package descriptor '/home/daeyun/Desktop/spinerobot_ws/install/input_pkg/share/input_pkg/package.dsv'
[1.244s] INFO:colcon.colcon_core.shell:Creating package script '/home/daeyun/Desktop/spinerobot_ws/install/input_pkg/share/input_pkg/package.sh'
[1.244s] INFO:colcon.colcon_core.shell:Creating package script '/home/daeyun/Desktop/spinerobot_ws/install/input_pkg/share/input_pkg/package.bash'
[1.244s] INFO:colcon.colcon_core.shell:Creating package script '/home/daeyun/Desktop/spinerobot_ws/install/input_pkg/share/input_pkg/package.zsh'
[1.245s] Level 1:colcon.colcon_core.environment:create_file_with_runtime_dependencies(/home/daeyun/Desktop/spinerobot_ws/install/input_pkg/share/colcon-core/packages/input_pkg)
[1.255s] DEBUG:colcon.colcon_parallel_executor.executor.parallel:closing loop
[1.255s] DEBUG:colcon.colcon_parallel_executor.executor.parallel:loop closed
[1.255s] DEBUG:colcon.colcon_parallel_executor.executor.parallel:run_until_complete finished with '2'
[1.255s] DEBUG:colcon.colcon_core.event_reactor:joining thread
[1.260s] INFO:colcon.colcon_core.plugin_system:Skipping extension 'colcon_notification.desktop_notification.terminal_notifier': Not used on non-Darwin systems
[1.261s] INFO:colcon.colcon_core.plugin_system:Skipping extension 'colcon_notification.desktop_notification.win32': Not used on non-Windows systems
[1.261s] INFO:colcon.colcon_notification.desktop_notification:Sending desktop notification using 'notify2'
[1.265s] DEBUG:colcon.colcon_notification.desktop_notification.notify2:Failed to initialize notify2: org.freedesktop.DBus.Error.ServiceUnknown: The name org.freedesktop.Notifications was not provided by any .service files
[1.265s] DEBUG:colcon.colcon_core.event_reactor:joined thread
[1.266s] INFO:colcon.colcon_core.shell:Creating prefix script '/home/daeyun/Desktop/spinerobot_ws/install/local_setup.ps1'
[1.267s] INFO:colcon.colcon_core.shell:Creating prefix util module '/home/daeyun/Desktop/spinerobot_ws/install/_local_setup_util_ps1.py'
[1.268s] INFO:colcon.colcon_core.shell:Creating prefix chain script '/home/daeyun/Desktop/spinerobot_ws/install/setup.ps1'
[1.269s] INFO:colcon.colcon_core.shell:Creating prefix script '/home/daeyun/Desktop/spinerobot_ws/install/local_setup.sh'
[1.269s] INFO:colcon.colcon_core.shell:Creating prefix util module '/home/daeyun/Desktop/spinerobot_ws/install/_local_setup_util_sh.py'
[1.269s] INFO:colcon.colcon_core.shell:Creating prefix chain script '/home/daeyun/Desktop/spinerobot_ws/install/setup.sh'
[1.270s] INFO:colcon.colcon_core.shell:Creating prefix script '/home/daeyun/Desktop/spinerobot_ws/install/local_setup.bash'
[1.270s] INFO:colcon.colcon_core.shell:Creating prefix chain script '/home/daeyun/Desktop/spinerobot_ws/install/setup.bash'
[1.271s] INFO:colcon.colcon_core.shell:Creating prefix script '/home/daeyun/Desktop/spinerobot_ws/install/local_setup.zsh'
[1.271s] INFO:colcon.colcon_core.shell:Creating prefix chain script '/home/daeyun/Desktop/spinerobot_ws/install/setup.zsh'
