[0.023s] Invoking command in '/home/daeyun/Desktop/spinerobot_ws/build/ecat_pkg': AMENT_PREFIX_PATH=/home/daeyun/Desktop/spinerobot_ws/install/ecat_msgs:${AMENT_PREFIX_PATH} CMAKE_PREFIX_PATH=/home/daeyun/Desktop/spinerobot_ws/install/ecat_msgs:/opt/ros/foxy LD_LIBRARY_PATH=/home/daeyun/Desktop/spinerobot_ws/install/ecat_msgs/lib:${LD_LIBRARY_PATH} PYTHONPATH=/home/daeyun/Desktop/spinerobot_ws/install/ecat_msgs/lib/python3.8/site-packages:${PYTHONPATH} /usr/bin/cmake /home/daeyun/Desktop/spinerobot_ws/src/ecat_pkg -DAMENT_CMAKE_SYMLINK_INSTALL=1 -DCMAKE_INSTALL_PREFIX=/home/daeyun/Desktop/spinerobot_ws/install/ecat_pkg
[0.078s] -- The C compiler identification is GNU 9.4.0
[0.133s] -- The CXX compiler identification is GNU 9.4.0
[0.139s] -- Check for working C compiler: /usr/bin/cc
[0.212s] -- Check for working C compiler: /usr/bin/cc -- works
[0.213s] -- Detecting C compiler ABI info
[0.299s] -- Detecting C compiler ABI info - done
[0.313s] -- Detecting C compile features
[0.313s] -- Detecting C compile features - done
[0.317s] -- Check for working CXX compiler: /usr/bin/c++
[0.423s] -- Check for working CXX compiler: /usr/bin/c++ -- works
[0.425s] -- Detecting CXX compiler ABI info
[0.547s] -- Detecting CXX compiler ABI info - done
[0.576s] -- Detecting CXX compile features
[0.577s] -- Detecting CXX compile features - done
[0.583s] -- Found ament_cmake: 0.9.9 (/opt/ros/foxy/share/ament_cmake/cmake)
[0.638s] -- Found PythonInterp: /usr/bin/python3 (found suitable version "3.8.10", minimum required is "3") 
[0.638s] -- Using PYTHON_EXECUTABLE: /usr/bin/python3
[0.993s] -- Override CMake install command with custom implementation using symlinks instead of copying resources
[1.078s] -- Found rclcpp: 2.4.1 (/opt/ros/foxy/share/rclcpp/cmake)
[1.255s] -- Using all available rosidl_typesupport_c: rosidl_typesupport_fastrtps_c;rosidl_typesupport_introspection_c
[1.282s] -- Found rosidl_adapter: 1.2.1 (/opt/ros/foxy/share/rosidl_adapter/cmake)
[1.600s] -- Found OpenSSL: /usr/lib/x86_64-linux-gnu/libcrypto.so (found version "1.1.1f")  
[1.725s] -- Found FastRTPS: /opt/ros/foxy/include  
[2.014s] -- Using all available rosidl_typesupport_cpp: rosidl_typesupport_fastrtps_cpp;rosidl_typesupport_introspection_cpp
[2.196s] -- Found rmw_implementation_cmake: 1.0.3 (/opt/ros/foxy/share/rmw_implementation_cmake/cmake)
[2.200s] -- Using RMW implementation 'rmw_fastrtps_cpp' as default
[2.203s] -- Looking for pthread.h
[2.451s] -- Looking for pthread.h - found
[2.452s] -- Performing Test CMAKE_HAVE_LIBC_PTHREAD
[2.702s] -- Performing Test CMAKE_HAVE_LIBC_PTHREAD - Failed
[2.702s] -- Looking for pthread_create in pthreads
[2.878s] -- Looking for pthread_create in pthreads - not found
[2.878s] -- Looking for pthread_create in pthread
[3.100s] -- Looking for pthread_create in pthread - found
[3.104s] -- Found Threads: TRUE  
[3.918s] -- Found rclcpp_lifecycle: 2.4.1 (/opt/ros/foxy/share/rclcpp_lifecycle/cmake)
[4.066s] -- Found rttest: 0.9.0 (/opt/ros/foxy/share/rttest/cmake)
[4.082s] -- Found tlsf_cpp: 0.9.0 (/opt/ros/foxy/share/tlsf_cpp/cmake)
[4.103s] -- Found ecat_msgs: 0.0.1 (/home/daeyun/Desktop/spinerobot_ws/install/ecat_msgs/share/ecat_msgs/cmake)
[4.318s] -- Found sensor_msgs: 2.0.5 (/opt/ros/foxy/share/sensor_msgs/cmake)
[5.091s] -- Configuring done
[5.130s] -- Generating done
[5.136s] -- Build files have been written to: /home/daeyun/Desktop/spinerobot_ws/build/ecat_pkg
[5.166s] Invoked command in '/home/daeyun/Desktop/spinerobot_ws/build/ecat_pkg' returned '0': AMENT_PREFIX_PATH=/home/daeyun/Desktop/spinerobot_ws/install/ecat_msgs:${AMENT_PREFIX_PATH} CMAKE_PREFIX_PATH=/home/daeyun/Desktop/spinerobot_ws/install/ecat_msgs:/opt/ros/foxy LD_LIBRARY_PATH=/home/daeyun/Desktop/spinerobot_ws/install/ecat_msgs/lib:${LD_LIBRARY_PATH} PYTHONPATH=/home/daeyun/Desktop/spinerobot_ws/install/ecat_msgs/lib/python3.8/site-packages:${PYTHONPATH} /usr/bin/cmake /home/daeyun/Desktop/spinerobot_ws/src/ecat_pkg -DAMENT_CMAKE_SYMLINK_INSTALL=1 -DCMAKE_INSTALL_PREFIX=/home/daeyun/Desktop/spinerobot_ws/install/ecat_pkg
[5.170s] Invoking command in '/home/daeyun/Desktop/spinerobot_ws/build/ecat_pkg': AMENT_PREFIX_PATH=/home/daeyun/Desktop/spinerobot_ws/install/ecat_msgs:${AMENT_PREFIX_PATH} CMAKE_PREFIX_PATH=/home/daeyun/Desktop/spinerobot_ws/install/ecat_msgs:/opt/ros/foxy LD_LIBRARY_PATH=/home/daeyun/Desktop/spinerobot_ws/install/ecat_msgs/lib:${LD_LIBRARY_PATH} PYTHONPATH=/home/daeyun/Desktop/spinerobot_ws/install/ecat_msgs/lib/python3.8/site-packages:${PYTHONPATH} /usr/bin/cmake --build /home/daeyun/Desktop/spinerobot_ws/build/ecat_pkg -- -j8 -l8
[5.355s] [35m[1mScanning dependencies of target ecat_node[0m
[5.574s] [ 16%] [32mBuilding CXX object CMakeFiles/ecat_node.dir/src/main.cpp.o[0m
[5.581s] [ 33%] [32mBuilding CXX object CMakeFiles/ecat_node.dir/src/ecat_slave.cpp.o[0m
[5.598s] [ 50%] [32mBuilding CXX object CMakeFiles/ecat_node.dir/src/timing.cpp.o[0m
[5.600s] [ 66%] [32mBuilding CXX object CMakeFiles/ecat_node.dir/src/ecat_lifecycle.cpp.o[0m
[5.604s] [ 83%] [32mBuilding CXX object CMakeFiles/ecat_node.dir/src/ecat_node.cpp.o[0m
[46.960s] [100%] [32m[1mLinking CXX executable ecat_node[0m
[48.038s] [100%] Built target ecat_node
