[0.016s] Invoking command in '/home/daeyun/Desktop/spinerobot_ws/build/controller': CMAKE_PREFIX_PATH=/opt/ros/foxy /usr/bin/cmake --build /home/daeyun/Desktop/spinerobot_ws/build/controller -- -j8 -l8
[0.073s] [100%] Built target joy_node
[0.089s] Invoked command in '/home/daeyun/Desktop/spinerobot_ws/build/controller' returned '0': CMAKE_PREFIX_PATH=/opt/ros/foxy /usr/bin/cmake --build /home/daeyun/Desktop/spinerobot_ws/build/controller -- -j8 -l8
[0.122s] Invoking command in '/home/daeyun/Desktop/spinerobot_ws/build/controller': CMAKE_PREFIX_PATH=/opt/ros/foxy /usr/bin/cmake --install /home/daeyun/Desktop/spinerobot_ws/build/controller
[0.130s] -- Install configuration: ""
[0.130s] -- Execute custom install script
[0.130s] -- Up-to-date symlink: /home/daeyun/Desktop/spinerobot_ws/install/controller/lib/controller/joy_node
[0.131s] -- Up-to-date symlink: /home/daeyun/Desktop/spinerobot_ws/install/controller/share/ament_index/resource_index/package_run_dependencies/controller
[0.131s] -- Up-to-date symlink: /home/daeyun/Desktop/spinerobot_ws/install/controller/share/ament_index/resource_index/parent_prefix_path/controller
[0.131s] -- Up-to-date symlink: /home/daeyun/Desktop/spinerobot_ws/install/controller/share/controller/environment/ament_prefix_path.sh
[0.131s] -- Up-to-date symlink: /home/daeyun/Desktop/spinerobot_ws/install/controller/share/controller/environment/ament_prefix_path.dsv
[0.131s] -- Up-to-date symlink: /home/daeyun/Desktop/spinerobot_ws/install/controller/share/controller/environment/path.sh
[0.132s] -- Up-to-date symlink: /home/daeyun/Desktop/spinerobot_ws/install/controller/share/controller/environment/path.dsv
[0.132s] -- Up-to-date symlink: /home/daeyun/Desktop/spinerobot_ws/install/controller/share/controller/local_setup.bash
[0.132s] -- Up-to-date symlink: /home/daeyun/Desktop/spinerobot_ws/install/controller/share/controller/local_setup.sh
[0.132s] -- Up-to-date symlink: /home/daeyun/Desktop/spinerobot_ws/install/controller/share/controller/local_setup.zsh
[0.133s] -- Up-to-date symlink: /home/daeyun/Desktop/spinerobot_ws/install/controller/share/controller/local_setup.dsv
[0.133s] -- Symlinking: /home/daeyun/Desktop/spinerobot_ws/install/controller/share/controller/package.dsv
[0.141s] -- Up-to-date symlink: /home/daeyun/Desktop/spinerobot_ws/install/controller/share/ament_index/resource_index/packages/controller
[0.141s] -- Up-to-date symlink: /home/daeyun/Desktop/spinerobot_ws/install/controller/share/controller/cmake/controllerConfig.cmake
[0.141s] -- Up-to-date symlink: /home/daeyun/Desktop/spinerobot_ws/install/controller/share/controller/cmake/controllerConfig-version.cmake
[0.142s] -- Up-to-date symlink: /home/daeyun/Desktop/spinerobot_ws/install/controller/share/controller/package.xml
[0.144s] Invoked command in '/home/daeyun/Desktop/spinerobot_ws/build/controller' returned '0': CMAKE_PREFIX_PATH=/opt/ros/foxy /usr/bin/cmake --install /home/daeyun/Desktop/spinerobot_ws/build/controller
