[0.021s] Invoking command in '/home/daeyun/Desktop/spinerobot_ws/build/ecat_pkg': AMENT_PREFIX_PATH=/home/daeyun/Desktop/spinerobot_ws/install/ecat_msgs:${AMENT_PREFIX_PATH} CMAKE_PREFIX_PATH=/home/daeyun/Desktop/spinerobot_ws/install/ecat_msgs:/opt/ros/foxy LD_LIBRARY_PATH=/home/daeyun/Desktop/spinerobot_ws/install/ecat_msgs/lib:${LD_LIBRARY_PATH} PYTHONPATH=/home/daeyun/Desktop/spinerobot_ws/install/ecat_msgs/lib/python3.8/site-packages:${PYTHONPATH} /usr/bin/cmake --build /home/daeyun/Desktop/spinerobot_ws/build/ecat_pkg -- -j8 -l8
[0.069s] [35m[1mScanning dependencies of target ecat_node[0m
[0.124s] [ 16%] [32mBuilding CXX object CMakeFiles/ecat_node.dir/src/main.cpp.o[0m
[0.125s] [ 33%] [32mBuilding CXX object CMakeFiles/ecat_node.dir/src/ecat_node.cpp.o[0m
[0.129s] [ 50%] [32mBuilding CXX object CMakeFiles/ecat_node.dir/src/ecat_slave.cpp.o[0m
[0.130s] [ 66%] [32mBuilding CXX object CMakeFiles/ecat_node.dir/src/ecat_lifecycle.cpp.o[0m
[15.886s] [ 83%] [32m[1mLinking CXX executable ecat_node[0m
[16.346s] [100%] Built target ecat_node
[16.359s] Invoked command in '/home/daeyun/Desktop/spinerobot_ws/build/ecat_pkg' returned '0': AMENT_PREFIX_PATH=/home/daeyun/Desktop/spinerobot_ws/install/ecat_msgs:${AMENT_PREFIX_PATH} CMAKE_PREFIX_PATH=/home/daeyun/Desktop/spinerobot_ws/install/ecat_msgs:/opt/ros/foxy LD_LIBRARY_PATH=/home/daeyun/Desktop/spinerobot_ws/install/ecat_msgs/lib:${LD_LIBRARY_PATH} PYTHONPATH=/home/daeyun/Desktop/spinerobot_ws/install/ecat_msgs/lib/python3.8/site-packages:${PYTHONPATH} /usr/bin/cmake --build /home/daeyun/Desktop/spinerobot_ws/build/ecat_pkg -- -j8 -l8
[16.404s] Invoking command in '/home/daeyun/Desktop/spinerobot_ws/build/ecat_pkg': AMENT_PREFIX_PATH=/home/daeyun/Desktop/spinerobot_ws/install/ecat_msgs:${AMENT_PREFIX_PATH} CMAKE_PREFIX_PATH=/home/daeyun/Desktop/spinerobot_ws/install/ecat_msgs:/opt/ros/foxy LD_LIBRARY_PATH=/home/daeyun/Desktop/spinerobot_ws/install/ecat_msgs/lib:${LD_LIBRARY_PATH} PYTHONPATH=/home/daeyun/Desktop/spinerobot_ws/install/ecat_msgs/lib/python3.8/site-packages:${PYTHONPATH} /usr/bin/cmake --install /home/daeyun/Desktop/spinerobot_ws/build/ecat_pkg
[16.415s] -- Install configuration: ""
[16.415s] -- Execute custom install script
[16.416s] -- Up-to-date symlink: /home/daeyun/Desktop/spinerobot_ws/install/ecat_pkg/lib/ecat_pkg/ecat_node
[16.416s] -- Up-to-date symlink: /home/daeyun/Desktop/spinerobot_ws/install/ecat_pkg/share/ament_index/resource_index/package_run_dependencies/ecat_pkg
[16.417s] -- Up-to-date symlink: /home/daeyun/Desktop/spinerobot_ws/install/ecat_pkg/share/ament_index/resource_index/parent_prefix_path/ecat_pkg
[16.417s] -- Up-to-date symlink: /home/daeyun/Desktop/spinerobot_ws/install/ecat_pkg/share/ecat_pkg/environment/ament_prefix_path.sh
[16.417s] -- Up-to-date symlink: /home/daeyun/Desktop/spinerobot_ws/install/ecat_pkg/share/ecat_pkg/environment/ament_prefix_path.dsv
[16.418s] -- Up-to-date symlink: /home/daeyun/Desktop/spinerobot_ws/install/ecat_pkg/share/ecat_pkg/environment/path.sh
[16.418s] -- Up-to-date symlink: /home/daeyun/Desktop/spinerobot_ws/install/ecat_pkg/share/ecat_pkg/environment/path.dsv
[16.418s] -- Up-to-date symlink: /home/daeyun/Desktop/spinerobot_ws/install/ecat_pkg/share/ecat_pkg/local_setup.bash
[16.419s] -- Up-to-date symlink: /home/daeyun/Desktop/spinerobot_ws/install/ecat_pkg/share/ecat_pkg/local_setup.sh
[16.419s] -- Up-to-date symlink: /home/daeyun/Desktop/spinerobot_ws/install/ecat_pkg/share/ecat_pkg/local_setup.zsh
[16.419s] -- Up-to-date symlink: /home/daeyun/Desktop/spinerobot_ws/install/ecat_pkg/share/ecat_pkg/local_setup.dsv
[16.419s] -- Symlinking: /home/daeyun/Desktop/spinerobot_ws/install/ecat_pkg/share/ecat_pkg/package.dsv
[16.430s] -- Up-to-date symlink: /home/daeyun/Desktop/spinerobot_ws/install/ecat_pkg/share/ament_index/resource_index/packages/ecat_pkg
[16.431s] -- Up-to-date symlink: /home/daeyun/Desktop/spinerobot_ws/install/ecat_pkg/share/ecat_pkg/cmake/ecat_pkgConfig.cmake
[16.431s] -- Up-to-date symlink: /home/daeyun/Desktop/spinerobot_ws/install/ecat_pkg/share/ecat_pkg/cmake/ecat_pkgConfig-version.cmake
[16.431s] -- Up-to-date symlink: /home/daeyun/Desktop/spinerobot_ws/install/ecat_pkg/share/ecat_pkg/package.xml
[16.436s] Invoked command in '/home/daeyun/Desktop/spinerobot_ws/build/ecat_pkg' returned '0': AMENT_PREFIX_PATH=/home/daeyun/Desktop/spinerobot_ws/install/ecat_msgs:${AMENT_PREFIX_PATH} CMAKE_PREFIX_PATH=/home/daeyun/Desktop/spinerobot_ws/install/ecat_msgs:/opt/ros/foxy LD_LIBRARY_PATH=/home/daeyun/Desktop/spinerobot_ws/install/ecat_msgs/lib:${LD_LIBRARY_PATH} PYTHONPATH=/home/daeyun/Desktop/spinerobot_ws/install/ecat_msgs/lib/python3.8/site-packages:${PYTHONPATH} /usr/bin/cmake --install /home/daeyun/Desktop/spinerobot_ws/build/ecat_pkg
