[0.021s] Invoking command in '/home/daeyun/Desktop/spinerobot_ws/build/input_pkg': AMENT_PREFIX_PATH=/home/daeyun/Desktop/spinerobot_ws/install/ecat_msgs:${AMENT_PREFIX_PATH} CMAKE_PREFIX_PATH=/home/daeyun/Desktop/spinerobot_ws/install/ecat_msgs:/opt/ros/foxy LD_LIBRARY_PATH=/home/daeyun/Desktop/spinerobot_ws/install/ecat_msgs/lib:${LD_LIBRARY_PATH} PYTHONPATH=/home/daeyun/Desktop/spinerobot_ws/install/ecat_msgs/lib/python3.8/site-packages:${PYTHONPATH} /usr/bin/cmake --build /home/daeyun/Desktop/spinerobot_ws/build/input_pkg -- -j8 -l8
[0.046s] -- Found ament_cmake: 0.9.9 (/opt/ros/foxy/share/ament_cmake/cmake)
[0.067s] -- Using PYTHON_EXECUTABLE: /usr/bin/python3
[0.222s] -- Override CMake install command with custom implementation using symlinks instead of copying resources
[0.227s] -- Found rclcpp: 2.4.1 (/opt/ros/foxy/share/rclcpp/cmake)
[0.252s] -- Using all available rosidl_typesupport_c: rosidl_typesupport_fastrtps_c;rosidl_typesupport_introspection_c
[0.254s] -- Found rosidl_adapter: 1.2.1 (/opt/ros/foxy/share/rosidl_adapter/cmake)
[0.357s] -- Using all available rosidl_typesupport_cpp: rosidl_typesupport_fastrtps_cpp;rosidl_typesupport_introspection_cpp
[0.390s] -- Found rmw_implementation_cmake: 1.0.3 (/opt/ros/foxy/share/rmw_implementation_cmake/cmake)
[0.391s] -- Using RMW implementation 'rmw_fastrtps_cpp' as default
[0.483s] -- Found sensor_msgs: 2.0.5 (/opt/ros/foxy/share/sensor_msgs/cmake)
[0.551s] -- Found ecat_msgs: 0.0.1 (/home/daeyun/Desktop/spinerobot_ws/install/ecat_msgs/share/ecat_msgs/cmake)
[0.579s] -- Found ament_lint_auto: 0.9.6 (/opt/ros/foxy/share/ament_lint_auto/cmake)
[0.622s] -- Added test 'copyright' to check source files copyright and LICENSE
[0.623s] -- Added test 'cppcheck' to perform static code analysis on C / C++ code
[0.623s] -- Configured cppcheck include dirs: /home/daeyun/Desktop/spinerobot_ws/src/input_pkg/include/input_pkg;/home/daeyun/Desktop/spinerobot_ws/src/input_pkg/../ecat_pkg/include/ecat_pkg;$<BUILD_INTERFACE:/home/daeyun/Desktop/spinerobot_ws/src/input_pkg/include>
[0.623s] -- Configured cppcheck exclude dirs and/or files: 
[0.624s] -- Added test 'cpplint' to check C / C++ code against the Google style
[0.624s] -- Configured cpplint exclude dirs and/or files: 
[0.624s] -- Added test 'lint_cmake' to check CMake code style
[0.625s] -- Added test 'uncrustify' to check C / C++ code style
[0.625s] -- Configured uncrustify additional arguments: 
[0.625s] -- Added test 'xmllint' to check XML markup files
[0.627s] -- Configuring done
[0.634s] -- Generating done
[0.635s] -- Build files have been written to: /home/daeyun/Desktop/spinerobot_ws/build/input_pkg
[0.654s] [35m[1mScanning dependencies of target hapticNode[0m
[0.671s] [ 66%] [32mBuilding CXX object CMakeFiles/hapticNode.dir/src/hapticNode.cpp.o[0m
[0.671s] [ 66%] [32mBuilding CXX object CMakeFiles/hapticNode.dir/src/TCPcomm.cpp.o[0m
[0.854s] [01m[K/home/daeyun/Desktop/spinerobot_ws/src/input_pkg/src/TCPcomm.cpp:[m[K In constructor ‘[01m[KTCPCommunication::TCPServer::TCPServer(int)[m[K’:
[0.854s] [01m[K/home/daeyun/Desktop/spinerobot_ws/src/input_pkg/src/TCPcomm.cpp:31:39:[m[K [01;35m[Kwarning: [m[Kformat ‘[01m[K%d[m[K’ expects argument of type ‘[01m[Kint[m[K’, but argument 2 has type ‘[01m[Kssize_t[m[K’ {aka ‘[01m[Klong int[m[K’} [[01;35m[K-Wformat=[m[K]
[0.854s]    31 |     printf("Size of Buffer(server) = [01;35m[K%d[m[K\n", [32m[Kbuffer_size_[m[K);
[0.854s]       |                                      [01;35m[K~^[m[K     [32m[K~~~~~~~~~~~~[m[K
[0.854s]       |                                       [01;35m[K|[m[K     [32m[K|[m[K
[0.854s]       |                                       [01;35m[Kint[m[K   [32m[Kssize_t {aka long int}[m[K
[0.854s]       |                                      [32m[K%ld[m[K
[0.854s] [01m[K/home/daeyun/Desktop/spinerobot_ws/src/input_pkg/src/TCPcomm.cpp:[m[K In constructor ‘[01m[KTCPCommunication::TCPServer::TCPServer(int, int)[m[K’:
[0.854s] [01m[K/home/daeyun/Desktop/spinerobot_ws/src/input_pkg/src/TCPcomm.cpp:44:39:[m[K [01;35m[Kwarning: [m[Kformat ‘[01m[K%d[m[K’ expects argument of type ‘[01m[Kint[m[K’, but argument 2 has type ‘[01m[Kssize_t[m[K’ {aka ‘[01m[Klong int[m[K’} [[01;35m[K-Wformat=[m[K]
[0.854s]    44 |     printf("Size of Buffer(server) = [01;35m[K%d[m[K\n", [32m[Kbuffer_size_[m[K);
[0.854s]       |                                      [01;35m[K~^[m[K     [32m[K~~~~~~~~~~~~[m[K
[0.854s]       |                                       [01;35m[K|[m[K     [32m[K|[m[K
[0.854s]       |                                       [01;35m[Kint[m[K   [32m[Kssize_t {aka long int}[m[K
[0.855s]       |                                      [32m[K%ld[m[K
[0.855s] [01m[K/home/daeyun/Desktop/spinerobot_ws/src/input_pkg/src/TCPcomm.cpp:[m[K In constructor ‘[01m[KTCPCommunication::TCPServer::TCPServer(int, int, int)[m[K’:
[0.855s] [01m[K/home/daeyun/Desktop/spinerobot_ws/src/input_pkg/src/TCPcomm.cpp:57:39:[m[K [01;35m[Kwarning: [m[Kformat ‘[01m[K%d[m[K’ expects argument of type ‘[01m[Kint[m[K’, but argument 2 has type ‘[01m[Kssize_t[m[K’ {aka ‘[01m[Klong int[m[K’} [[01;35m[K-Wformat=[m[K]
[0.855s]    57 |     printf("Size of Buffer(server) = [01;35m[K%d[m[K\n", [32m[Kbuffer_size_[m[K);
[0.855s]       |                                      [01;35m[K~^[m[K     [32m[K~~~~~~~~~~~~[m[K
[0.855s]       |                                       [01;35m[K|[m[K     [32m[K|[m[K
[0.855s]       |                                       [01;35m[Kint[m[K   [32m[Kssize_t {aka long int}[m[K
[0.855s]       |                                      [32m[K%ld[m[K
[0.857s] [01m[K/home/daeyun/Desktop/spinerobot_ws/src/input_pkg/src/TCPcomm.cpp:[m[K In constructor ‘[01m[KTCPCommunication::TCPClient::TCPClient(const char*, int)[m[K’:
[0.857s] [01m[K/home/daeyun/Desktop/spinerobot_ws/src/input_pkg/src/TCPcomm.cpp:221:27:[m[K [01;35m[Kwarning: [m[Kformat ‘[01m[K%s[m[K’ expects argument of type ‘[01m[Kchar*[m[K’, but argument 2 has type ‘[01m[Kstd::string[m[K’ {aka ‘[01m[Kstd::__cxx11::basic_string<char>[m[K’} [[01;35m[K-Wformat=[m[K]
[0.857s]   221 |     printf("IP address : [01;35m[K%s[m[K", IP_address_);
[0.857s]       |                          [01;35m[K~^[m[K
[0.857s]       |                           [01;35m[K|[m[K
[0.857s]       |                           [01;35m[Kchar*[m[K
[0.857s] [01m[K/home/daeyun/Desktop/spinerobot_ws/src/input_pkg/src/TCPcomm.cpp:223:48:[m[K [01;35m[Kwarning: [m[Kformat ‘[01m[K%d[m[K’ expects argument of type ‘[01m[Kint[m[K’, but argument 2 has type ‘[01m[Kssize_t[m[K’ {aka ‘[01m[Klong int[m[K’} [[01;35m[K-Wformat=[m[K]
[0.857s]   223 |     printf("Size of Buffer(client, DEFAULT) = [01;35m[K%d[m[K\n", [32m[Kbuffer_size_[m[K);
[0.857s]       |                                               [01;35m[K~^[m[K     [32m[K~~~~~~~~~~~~[m[K
[0.857s]       |                                                [01;35m[K|[m[K     [32m[K|[m[K
[0.857s]       |                                                [01;35m[Kint[m[K   [32m[Kssize_t {aka long int}[m[K
[0.857s]       |                                               [32m[K%ld[m[K
[0.857s] [01m[K/home/daeyun/Desktop/spinerobot_ws/src/input_pkg/src/TCPcomm.cpp:[m[K In constructor ‘[01m[KTCPCommunication::TCPClient::TCPClient(const char*, int, int)[m[K’:
[0.857s] [01m[K/home/daeyun/Desktop/spinerobot_ws/src/input_pkg/src/TCPcomm.cpp:234:27:[m[K [01;35m[Kwarning: [m[Kformat ‘[01m[K%s[m[K’ expects argument of type ‘[01m[Kchar*[m[K’, but argument 2 has type ‘[01m[Kstd::string[m[K’ {aka ‘[01m[Kstd::__cxx11::basic_string<char>[m[K’} [[01;35m[K-Wformat=[m[K]
[0.858s]   234 |     printf("IP address : [01;35m[K%s[m[K", IP_address_);
[0.858s]       |                          [01;35m[K~^[m[K
[0.858s]       |                           [01;35m[K|[m[K
[0.858s]       |                           [01;35m[Kchar*[m[K
[0.858s] [01m[K/home/daeyun/Desktop/spinerobot_ws/src/input_pkg/src/TCPcomm.cpp:236:39:[m[K [01;35m[Kwarning: [m[Kformat ‘[01m[K%d[m[K’ expects argument of type ‘[01m[Kint[m[K’, but argument 2 has type ‘[01m[Kssize_t[m[K’ {aka ‘[01m[Klong int[m[K’} [[01;35m[K-Wformat=[m[K]
[0.858s]   236 |     printf("Size of Buffer(client) = [01;35m[K%d[m[K\n", [32m[Kbuffer_size_[m[K);
[0.858s]       |                                      [01;35m[K~^[m[K     [32m[K~~~~~~~~~~~~[m[K
[0.858s]       |                                       [01;35m[K|[m[K     [32m[K|[m[K
[0.858s]       |                                       [01;35m[Kint[m[K   [32m[Kssize_t {aka long int}[m[K
[0.858s]       |                                      [32m[K%ld[m[K
[1.765s] [01m[K/home/daeyun/Desktop/spinerobot_ws/src/input_pkg/src/hapticNode.cpp:[m[K In constructor ‘[01m[KHapticNode::HapticNode(char**)[m[K’:
[1.765s] [01m[K/home/daeyun/Desktop/spinerobot_ws/src/input_pkg/src/hapticNode.cpp:60:31:[m[K [01;35m[Kwarning: [m[Kunused parameter ‘[01m[Kargv[m[K’ [[01;35m[K-Wunused-parameter[m[K]
[1.766s]    60 | HapticNode::HapticNode([01;35m[Kchar * argv[][m[K) : rclcpp::Node("HapticNode")
[1.766s]       |                        [01;35m[K~~~~~~~^~~~~~[m[K
[1.767s] [01m[K/home/daeyun/Desktop/spinerobot_ws/src/input_pkg/src/hapticNode.cpp:[m[K In member function ‘[01m[Kvoid HapticNode::HandleSlaveFeedbackCallbacks(ecat_msgs::msg::DataReceived_<std::allocator<void> >::SharedPtr)[m[K’:
[1.767s] [01m[K/home/daeyun/Desktop/spinerobot_ws/src/input_pkg/src/hapticNode.cpp:101:27:[m[K [01;31m[Kerror: [m[K‘[01m[Kstruct ReceivedData[m[K’ has no member named ‘[01m[Kp_emergency_switch_val[m[K’; did you mean ‘[01m[Ks_emergency_switch_val[m[K’?
[1.768s]   101 |         received_data_[i].[01;31m[Kp_emergency_switch_val[m[K =  msg->emergency_switch_val;
[1.768s]       |                           [01;31m[K^~~~~~~~~~~~~~~~~~~~~~[m[K
[1.768s]       |                           [32m[Ks_emergency_switch_val[m[K
[1.768s] [01m[K/home/daeyun/Desktop/spinerobot_ws/src/input_pkg/src/hapticNode.cpp:102:27:[m[K [01;31m[Kerror: [m[K‘[01m[Kstruct ReceivedData[m[K’ has no member named ‘[01m[Kcom_status[m[K’
[1.768s]   102 |         received_data_[i].[01;31m[Kcom_status[m[K             =  msg->com_status;
[1.768s]       |                           [01;31m[K^~~~~~~~~~[m[K
[1.770s] [01m[K/home/daeyun/Desktop/spinerobot_ws/src/input_pkg/src/hapticNode.cpp:[m[K In member function ‘[01m[Kvoid HapticNode::commThread()[m[K’:
[1.770s] [01m[K/home/daeyun/Desktop/spinerobot_ws/src/input_pkg/src/hapticNode.cpp:125:14:[m[K [01;35m[Kwarning: [m[Kunused variable ‘[01m[Kcount[m[K’ [[01;35m[K-Wunused-variable[m[K]
[1.770s]   125 |   static int [01;35m[Kcount[m[K = 0;
[1.770s]       |              [01;35m[K^~~~~[m[K
[1.771s] [01m[K/home/daeyun/Desktop/spinerobot_ws/src/input_pkg/src/hapticNode.cpp:[m[K In member function ‘[01m[Kvoid HapticNode::CommWriteThread(int)[m[K’:
[1.771s] [01m[K/home/daeyun/Desktop/spinerobot_ws/src/input_pkg/src/hapticNode.cpp:156:12:[m[K [01;35m[Kwarning: [m[Kunused variable ‘[01m[Ktimestamp[m[K’ [[01;35m[K-Wunused-variable[m[K]
[1.771s]   156 |     double [01;35m[Ktimestamp[m[K = 0;
[1.771s]       |            [01;35m[K^~~~~~~~~[m[K
[1.771s] [01m[K/home/daeyun/Desktop/spinerobot_ws/src/input_pkg/src/hapticNode.cpp:157:12:[m[K [01;35m[Kwarning: [m[Kunused variable ‘[01m[Ktarget_q[m[K’ [[01;35m[K-Wunused-variable[m[K]
[1.772s]   157 |     double [01;35m[Ktarget_q[m[K[7] = {0};
[1.772s]       |            [01;35m[K^~~~~~~~[m[K
[1.772s] [01m[K/home/daeyun/Desktop/spinerobot_ws/src/input_pkg/src/hapticNode.cpp:158:12:[m[K [01;35m[Kwarning: [m[Kunused variable ‘[01m[Ktarget_qd[m[K’ [[01;35m[K-Wunused-variable[m[K]
[1.772s]   158 |     double [01;35m[Ktarget_qd[m[K[7] = {0};
[1.772s]       |            [01;35m[K^~~~~~~~~[m[K
[1.772s] [01m[K/home/daeyun/Desktop/spinerobot_ws/src/input_pkg/src/hapticNode.cpp:159:12:[m[K [01;35m[Kwarning: [m[Kunused variable ‘[01m[Ktarget_qdd[m[K’ [[01;35m[K-Wunused-variable[m[K]
[1.772s]   159 |     double [01;35m[Ktarget_qdd[m[K[7] = {0};
[1.772s]       |            [01;35m[K^~~~~~~~~~[m[K
[1.772s] [01m[K/home/daeyun/Desktop/spinerobot_ws/src/input_pkg/src/hapticNode.cpp:160:12:[m[K [01;35m[Kwarning: [m[Kunused variable ‘[01m[Ktarget_current[m[K’ [[01;35m[K-Wunused-variable[m[K]
[1.772s]   160 |     double [01;35m[Ktarget_current[m[K[7] = {0};
[1.772s]       |            [01;35m[K^~~~~~~~~~~~~~[m[K
[1.772s] [01m[K/home/daeyun/Desktop/spinerobot_ws/src/input_pkg/src/hapticNode.cpp:161:12:[m[K [01;35m[Kwarning: [m[Kunused variable ‘[01m[Ktarget_moment[m[K’ [[01;35m[K-Wunused-variable[m[K]
[1.772s]   161 |     double [01;35m[Ktarget_moment[m[K[7] = {0};
[1.772s]       |            [01;35m[K^~~~~~~~~~~~~[m[K
[1.772s] [01m[K/home/daeyun/Desktop/spinerobot_ws/src/input_pkg/src/hapticNode.cpp:[m[K In member function ‘[01m[Kvoid HapticNode::CommReadThread(int)[m[K’:
[1.772s] [01m[K/home/daeyun/Desktop/spinerobot_ws/src/input_pkg/src/hapticNode.cpp:276:19:[m[K [01;35m[Kwarning: [m[Kcomparison of integer expressions of different signedness: ‘[01m[Kint[m[K’ and ‘[01m[Kconst uint32_t[m[K’ {aka ‘[01m[Kconst unsigned int[m[K’} [[01;35m[K-Wsign-compare[m[K]
[1.773s]   276 |     for(int i=0; [01;35m[Ki<g_kNumberOfServoDrivers[m[K; i++)
[1.773s]       |                  [01;35m[K~^~~~~~~~~~~~~~~~~~~~~~~~[m[K
[1.778s] [01m[K/home/daeyun/Desktop/spinerobot_ws/src/input_pkg/src/hapticNode.cpp:[m[K In member function ‘[01m[Kvoid HapticNode::DoubleToIntByte(char*, double)[m[K’:
[1.778s] [01m[K/home/daeyun/Desktop/spinerobot_ws/src/input_pkg/src/hapticNode.cpp:346:19:[m[K [01;35m[Kwarning: [m[Kcomparison of integer expressions of different signedness: ‘[01m[Kint[m[K’ and ‘[01m[Klong unsigned int[m[K’ [[01;35m[K-Wsign-compare[m[K]
[1.778s]   346 |     for(int i=0; [01;35m[Ki<sizeof(cnvt_double.data_char)[m[K; i++)
[1.778s]       |                  [01;35m[K~^~~~~~~~~~~~~~~~~~~~~~~~~~~~~~[m[K
[1.778s] [01m[K/home/daeyun/Desktop/spinerobot_ws/src/input_pkg/src/hapticNode.cpp:343:10:[m[K [01;35m[Kwarning: [m[Kunused variable ‘[01m[Kbuf_data[m[K’ [[01;35m[K-Wunused-variable[m[K]
[1.778s]   343 |     char [01;35m[Kbuf_data[m[K[8];
[1.778s]       |          [01;35m[K^~~~~~~~[m[K
[1.779s] [01m[K/home/daeyun/Desktop/spinerobot_ws/src/input_pkg/src/hapticNode.cpp:[m[K In member function ‘[01m[Kstd::vector<std::__cxx11::basic_string<char> > HapticNode::Parsing(char*, int)[m[K’:
[1.779s] [01m[K/home/daeyun/Desktop/spinerobot_ws/src/input_pkg/src/hapticNode.cpp:412:21:[m[K [01;35m[Kwarning: [m[Kcomparison of integer expressions of different signedness: ‘[01m[Kint[m[K’ and ‘[01m[Kconst uint32_t[m[K’ {aka ‘[01m[Kconst unsigned int[m[K’} [[01;35m[K-Wsign-compare[m[K]
[1.779s]   412 |   for (int i = 0; [01;35m[Ki < g_kNumberOfServoDrivers[m[K; i++)
[1.779s]       |                   [01;35m[K~~^~~~~~~~~~~~~~~~~~~~~~~~~[m[K
[1.780s] [01m[K/home/daeyun/Desktop/spinerobot_ws/src/input_pkg/src/hapticNode.cpp:474:21:[m[K [01;35m[Kwarning: [m[Kcomparison of integer expressions of different signedness: ‘[01m[Kint[m[K’ and ‘[01m[Kstd::vector<std::__cxx11::basic_string<char> >::size_type[m[K’ {aka ‘[01m[Klong unsigned int[m[K’} [[01;35m[K-Wsign-compare[m[K]
[1.780s]   474 |   for (int i = 0; [01;35m[Ki < motor_val.size()[m[K; i++)
[1.780s]       |                   [01;35m[K~~^~~~~~~~~~~~~~~~~~[m[K
[2.860s] [01m[K/home/daeyun/Desktop/spinerobot_ws/src/input_pkg/src/hapticNode.cpp:[m[K At global scope:
[2.860s] [01m[K/home/daeyun/Desktop/spinerobot_ws/src/input_pkg/src/hapticNode.cpp:125:14:[m[K [01;35m[Kwarning: [m[K‘[01m[Kcount[m[K’ defined but not used [[01;35m[K-Wunused-variable[m[K]
[2.860s]   125 |   static int [01;35m[Kcount[m[K = 0;
[2.860s]       |              [01;35m[K^~~~~[m[K
[2.860s] In file included from [01m[K/home/daeyun/Desktop/spinerobot_ws/src/input_pkg/../ecat_pkg/include/ecat_pkg/ecat_globals.hpp:42[m[K,
[2.860s]                  from [01m[K/home/daeyun/Desktop/spinerobot_ws/src/input_pkg/include/input_pkg/hapticNode.hpp:33[m[K,
[2.860s]                  from [01m[K/home/daeyun/Desktop/spinerobot_ws/src/input_pkg/src/hapticNode.cpp:28[m[K:
[2.860s] [01m[K/home/daeyun/Desktop/spinerobot_ws/src/input_pkg/../ecat_pkg/include/ecat_pkg/ecat_definitions.hpp:502:20:[m[K [01;35m[Kwarning: [m[K‘[01m[Kstd::string GetErrorMessage(const int&)[m[K’ defined but not used [[01;35m[K-Wunused-function[m[K]
[2.860s]   502 | static std::string [01;35m[KGetErrorMessage[m[K(const int& err_code)
[2.860s]       |                    [01;35m[K^~~~~~~~~~~~~~~[m[K
[2.885s] make[2]: *** [CMakeFiles/hapticNode.dir/build.make:63: CMakeFiles/hapticNode.dir/src/hapticNode.cpp.o] Error 1
[2.886s] make[1]: *** [CMakeFiles/Makefile2:78: CMakeFiles/hapticNode.dir/all] Error 2
[2.886s] make: *** [Makefile:141: all] Error 2
[2.888s] Invoked command in '/home/daeyun/Desktop/spinerobot_ws/build/input_pkg' returned '2': AMENT_PREFIX_PATH=/home/daeyun/Desktop/spinerobot_ws/install/ecat_msgs:${AMENT_PREFIX_PATH} CMAKE_PREFIX_PATH=/home/daeyun/Desktop/spinerobot_ws/install/ecat_msgs:/opt/ros/foxy LD_LIBRARY_PATH=/home/daeyun/Desktop/spinerobot_ws/install/ecat_msgs/lib:${LD_LIBRARY_PATH} PYTHONPATH=/home/daeyun/Desktop/spinerobot_ws/install/ecat_msgs/lib/python3.8/site-packages:${PYTHONPATH} /usr/bin/cmake --build /home/daeyun/Desktop/spinerobot_ws/build/input_pkg -- -j8 -l8
