[0.021s] Invoking command in '/home/daeyun/Desktop/spinerobot_ws/build/gui_pkg': AMENT_PREFIX_PATH=/home/daeyun/Desktop/spinerobot_ws/install/ecat_msgs:${AMENT_PREFIX_PATH} CMAKE_PREFIX_PATH=/home/daeyun/Desktop/spinerobot_ws/install/ecat_msgs:/opt/ros/foxy LD_LIBRARY_PATH=/home/daeyun/Desktop/spinerobot_ws/install/ecat_msgs/lib:${LD_LIBRARY_PATH} PYTHONPATH=/home/daeyun/Desktop/spinerobot_ws/install/ecat_msgs/lib/python3.8/site-packages:${PYTHONPATH} /usr/bin/cmake --build /home/daeyun/Desktop/spinerobot_ws/build/gui_pkg -- -j8 -l8
[0.118s] [100%] Built target gui_node
[0.135s] Invoked command in '/home/daeyun/Desktop/spinerobot_ws/build/gui_pkg' returned '0': AMENT_PREFIX_PATH=/home/daeyun/Desktop/spinerobot_ws/install/ecat_msgs:${AMENT_PREFIX_PATH} CMAKE_PREFIX_PATH=/home/daeyun/Desktop/spinerobot_ws/install/ecat_msgs:/opt/ros/foxy LD_LIBRARY_PATH=/home/daeyun/Desktop/spinerobot_ws/install/ecat_msgs/lib:${LD_LIBRARY_PATH} PYTHONPATH=/home/daeyun/Desktop/spinerobot_ws/install/ecat_msgs/lib/python3.8/site-packages:${PYTHONPATH} /usr/bin/cmake --build /home/daeyun/Desktop/spinerobot_ws/build/gui_pkg -- -j8 -l8
[0.213s] Invoking command in '/home/daeyun/Desktop/spinerobot_ws/build/gui_pkg': AMENT_PREFIX_PATH=/home/daeyun/Desktop/spinerobot_ws/install/ecat_msgs:${AMENT_PREFIX_PATH} CMAKE_PREFIX_PATH=/home/daeyun/Desktop/spinerobot_ws/install/ecat_msgs:/opt/ros/foxy LD_LIBRARY_PATH=/home/daeyun/Desktop/spinerobot_ws/install/ecat_msgs/lib:${LD_LIBRARY_PATH} PYTHONPATH=/home/daeyun/Desktop/spinerobot_ws/install/ecat_msgs/lib/python3.8/site-packages:${PYTHONPATH} /usr/bin/cmake --install /home/daeyun/Desktop/spinerobot_ws/build/gui_pkg
[0.226s] -- Install configuration: ""
[0.227s] -- Execute custom install script
[0.227s] -- Up-to-date symlink: /home/daeyun/Desktop/spinerobot_ws/install/gui_pkg/lib/gui_pkg/gui_node
[0.228s] -- Up-to-date symlink: /home/daeyun/Desktop/spinerobot_ws/install/gui_pkg/share/ament_index/resource_index/package_run_dependencies/gui_pkg
[0.228s] -- Up-to-date symlink: /home/daeyun/Desktop/spinerobot_ws/install/gui_pkg/share/ament_index/resource_index/parent_prefix_path/gui_pkg
[0.229s] -- Up-to-date symlink: /home/daeyun/Desktop/spinerobot_ws/install/gui_pkg/share/gui_pkg/environment/ament_prefix_path.sh
[0.229s] -- Up-to-date symlink: /home/daeyun/Desktop/spinerobot_ws/install/gui_pkg/share/gui_pkg/environment/ament_prefix_path.dsv
[0.230s] -- Up-to-date symlink: /home/daeyun/Desktop/spinerobot_ws/install/gui_pkg/share/gui_pkg/environment/path.sh
[0.230s] -- Up-to-date symlink: /home/daeyun/Desktop/spinerobot_ws/install/gui_pkg/share/gui_pkg/environment/path.dsv
[0.230s] -- Up-to-date symlink: /home/daeyun/Desktop/spinerobot_ws/install/gui_pkg/share/gui_pkg/local_setup.bash
[0.231s] -- Up-to-date symlink: /home/daeyun/Desktop/spinerobot_ws/install/gui_pkg/share/gui_pkg/local_setup.sh
[0.231s] -- Up-to-date symlink: /home/daeyun/Desktop/spinerobot_ws/install/gui_pkg/share/gui_pkg/local_setup.zsh
[0.232s] -- Up-to-date symlink: /home/daeyun/Desktop/spinerobot_ws/install/gui_pkg/share/gui_pkg/local_setup.dsv
[0.232s] -- Symlinking: /home/daeyun/Desktop/spinerobot_ws/install/gui_pkg/share/gui_pkg/package.dsv
[0.246s] -- Up-to-date symlink: /home/daeyun/Desktop/spinerobot_ws/install/gui_pkg/share/ament_index/resource_index/packages/gui_pkg
[0.247s] -- Up-to-date symlink: /home/daeyun/Desktop/spinerobot_ws/install/gui_pkg/share/gui_pkg/cmake/gui_pkgConfig.cmake
[0.247s] -- Up-to-date symlink: /home/daeyun/Desktop/spinerobot_ws/install/gui_pkg/share/gui_pkg/cmake/gui_pkgConfig-version.cmake
[0.247s] -- Up-to-date symlink: /home/daeyun/Desktop/spinerobot_ws/install/gui_pkg/share/gui_pkg/package.xml
[0.251s] Invoked command in '/home/daeyun/Desktop/spinerobot_ws/build/gui_pkg' returned '0': AMENT_PREFIX_PATH=/home/daeyun/Desktop/spinerobot_ws/install/ecat_msgs:${AMENT_PREFIX_PATH} CMAKE_PREFIX_PATH=/home/daeyun/Desktop/spinerobot_ws/install/ecat_msgs:/opt/ros/foxy LD_LIBRARY_PATH=/home/daeyun/Desktop/spinerobot_ws/install/ecat_msgs/lib:${LD_LIBRARY_PATH} PYTHONPATH=/home/daeyun/Desktop/spinerobot_ws/install/ecat_msgs/lib/python3.8/site-packages:${PYTHONPATH} /usr/bin/cmake --install /home/daeyun/Desktop/spinerobot_ws/build/gui_pkg
