[ 33%] [32mBuilding CXX object CMakeFiles/hapticNode.dir/src/hapticNode.cpp.o[0m
[ 66%] [32m[1mLinking CXX executable hapticNode[0m
[100%] Built target hapticNode
-- Install configuration: ""
-- Execute custom install script
-- Symlinking: /home/daeyun/Desktop/spinerobot_ws/install/input_pkg/lib/input_pkg/hapticNode
-- Symlinking: /home/daeyun/Desktop/spinerobot_ws/install/input_pkg/share/ament_index/resource_index/package_run_dependencies/input_pkg
-- Symlinking: /home/daeyun/Desktop/spinerobot_ws/install/input_pkg/share/ament_index/resource_index/parent_prefix_path/input_pkg
-- Symlinking: /home/daeyun/Desktop/spinerobot_ws/install/input_pkg/share/input_pkg/environment/ament_prefix_path.sh
-- Symlinking: /home/daeyun/Desktop/spinerobot_ws/install/input_pkg/share/input_pkg/environment/ament_prefix_path.dsv
-- Symlinking: /home/daeyun/Desktop/spinerobot_ws/install/input_pkg/share/input_pkg/environment/path.sh
-- Symlinking: /home/daeyun/Desktop/spinerobot_ws/install/input_pkg/share/input_pkg/environment/path.dsv
-- Symlinking: /home/daeyun/Desktop/spinerobot_ws/install/input_pkg/share/input_pkg/local_setup.bash
-- Symlinking: /home/daeyun/Desktop/spinerobot_ws/install/input_pkg/share/input_pkg/local_setup.sh
-- Symlinking: /home/daeyun/Desktop/spinerobot_ws/install/input_pkg/share/input_pkg/local_setup.zsh
-- Symlinking: /home/daeyun/Desktop/spinerobot_ws/install/input_pkg/share/input_pkg/local_setup.dsv
-- Symlinking: /home/daeyun/Desktop/spinerobot_ws/install/input_pkg/share/input_pkg/package.dsv
-- Symlinking: /home/daeyun/Desktop/spinerobot_ws/install/input_pkg/share/ament_index/resource_index/packages/input_pkg
-- Symlinking: /home/daeyun/Desktop/spinerobot_ws/install/input_pkg/share/input_pkg/cmake/input_pkgConfig.cmake
-- Symlinking: /home/daeyun/Desktop/spinerobot_ws/install/input_pkg/share/input_pkg/cmake/input_pkgConfig-version.cmake
-- Symlinking: /home/daeyun/Desktop/spinerobot_ws/install/input_pkg/share/input_pkg/package.xml
