[0.086s] DEBUG:colcon:Command line arguments: ['/usr/bin/colcon', 'build', '--symlink-install']
[0.086s] DEBUG:colcon:Parsed command line arguments: Namespace(allow_overriding=[], ament_cmake_args=None, base_paths=['.'], build_base='build', catkin_cmake_args=None, catkin_skip_building_tests=False, cmake_args=None, cmake_clean_cache=False, cmake_clean_first=False, cmake_force_configure=False, cmake_target=None, cmake_target_skip_unavailable=False, continue_on_error=False, event_handlers=None, executor='parallel', ignore_user_meta=False, install_base='install', log_base=None, log_level=None, main=<bound method BuildVerb.main of <colcon_core.verb.build.BuildVerb object at 0x7f2bc3515e20>>, merge_install=False, metas=['./colcon.meta'], packages_above=None, packages_above_and_dependencies=None, packages_above_depth=None, packages_end=None, packages_ignore=None, packages_ignore_regex=None, packages_select=None, packages_select_build_failed=False, packages_select_by_dep=None, packages_select_regex=None, packages_select_test_failures=False, packages_skip=None, packages_skip_build_finished=False, packages_skip_by_dep=None, packages_skip_regex=None, packages_skip_test_passed=False, packages_skip_up_to=None, packages_start=None, packages_up_to=None, packages_up_to_regex=None, parallel_workers=8, paths=None, symlink_install=True, test_result_base=None, verb_extension=<colcon_core.verb.build.BuildVerb object at 0x7f2bc3515e20>, verb_name='build', verb_parser=<colcon_defaults.argument_parser.defaults.DefaultArgumentsDecorator object at 0x7f2bc35193d0>)
[0.101s] Level 1:colcon.colcon_core.package_discovery:discover_packages(colcon_meta) check parameters
[0.101s] Level 1:colcon.colcon_core.package_discovery:discover_packages(recursive) check parameters
[0.101s] Level 1:colcon.colcon_core.package_discovery:discover_packages(ignore) check parameters
[0.101s] Level 1:colcon.colcon_core.package_discovery:discover_packages(path) check parameters
[0.101s] Level 1:colcon.colcon_core.package_discovery:discover_packages(colcon_meta) discover
[0.101s] Level 1:colcon.colcon_core.package_discovery:discover_packages(recursive) discover
[0.101s] INFO:colcon.colcon_core.package_discovery:Crawling recursively for packages in '/home/daeyun/Desktop/spinerobot_ws'
[0.101s] Level 1:colcon.colcon_core.package_identification:_identify(.) by extensions ['ignore', 'ignore_ament_install']
[0.101s] Level 1:colcon.colcon_core.package_identification:_identify(.) by extension 'ignore'
[0.101s] Level 1:colcon.colcon_core.package_identification:_identify(.) by extension 'ignore_ament_install'
[0.101s] Level 1:colcon.colcon_core.package_identification:_identify(.) by extensions ['colcon_pkg']
[0.102s] Level 1:colcon.colcon_core.package_identification:_identify(.) by extension 'colcon_pkg'
[0.102s] Level 1:colcon.colcon_core.package_identification:_identify(.) by extensions ['colcon_meta']
[0.102s] Level 1:colcon.colcon_core.package_identification:_identify(.) by extension 'colcon_meta'
[0.102s] Level 1:colcon.colcon_core.package_identification:_identify(.) by extensions ['ros']
[0.102s] Level 1:colcon.colcon_core.package_identification:_identify(.) by extension 'ros'
[0.109s] Level 1:colcon.colcon_core.package_identification:_identify(.) by extensions ['cmake', 'python']
[0.109s] Level 1:colcon.colcon_core.package_identification:_identify(.) by extension 'cmake'
[0.109s] Level 1:colcon.colcon_core.package_identification:_identify(.) by extension 'python'
[0.109s] Level 1:colcon.colcon_core.package_identification:_identify(.) by extensions ['python_setup_py']
[0.109s] Level 1:colcon.colcon_core.package_identification:_identify(.) by extension 'python_setup_py'
[0.109s] Level 1:colcon.colcon_core.package_identification:_identify(build) by extensions ['ignore', 'ignore_ament_install']
[0.109s] Level 1:colcon.colcon_core.package_identification:_identify(build) by extension 'ignore'
[0.109s] Level 1:colcon.colcon_core.package_identification:_identify(build) ignored
[0.110s] Level 1:colcon.colcon_core.package_identification:_identify(docs) by extensions ['ignore', 'ignore_ament_install']
[0.110s] Level 1:colcon.colcon_core.package_identification:_identify(docs) by extension 'ignore'
[0.110s] Level 1:colcon.colcon_core.package_identification:_identify(docs) by extension 'ignore_ament_install'
[0.110s] Level 1:colcon.colcon_core.package_identification:_identify(docs) by extensions ['colcon_pkg']
[0.110s] Level 1:colcon.colcon_core.package_identification:_identify(docs) by extension 'colcon_pkg'
[0.110s] Level 1:colcon.colcon_core.package_identification:_identify(docs) by extensions ['colcon_meta']
[0.110s] Level 1:colcon.colcon_core.package_identification:_identify(docs) by extension 'colcon_meta'
[0.110s] Level 1:colcon.colcon_core.package_identification:_identify(docs) by extensions ['ros']
[0.110s] Level 1:colcon.colcon_core.package_identification:_identify(docs) by extension 'ros'
[0.110s] Level 1:colcon.colcon_core.package_identification:_identify(docs) by extensions ['cmake', 'python']
[0.110s] Level 1:colcon.colcon_core.package_identification:_identify(docs) by extension 'cmake'
[0.110s] Level 1:colcon.colcon_core.package_identification:_identify(docs) by extension 'python'
[0.110s] Level 1:colcon.colcon_core.package_identification:_identify(docs) by extensions ['python_setup_py']
[0.110s] Level 1:colcon.colcon_core.package_identification:_identify(docs) by extension 'python_setup_py'
[0.110s] Level 1:colcon.colcon_core.package_identification:_identify(docs/doxy_xml) by extensions ['ignore', 'ignore_ament_install']
[0.110s] Level 1:colcon.colcon_core.package_identification:_identify(docs/doxy_xml) by extension 'ignore'
[0.110s] Level 1:colcon.colcon_core.package_identification:_identify(docs/doxy_xml) by extension 'ignore_ament_install'
[0.110s] Level 1:colcon.colcon_core.package_identification:_identify(docs/doxy_xml) by extensions ['colcon_pkg']
[0.110s] Level 1:colcon.colcon_core.package_identification:_identify(docs/doxy_xml) by extension 'colcon_pkg'
[0.111s] Level 1:colcon.colcon_core.package_identification:_identify(docs/doxy_xml) by extensions ['colcon_meta']
[0.111s] Level 1:colcon.colcon_core.package_identification:_identify(docs/doxy_xml) by extension 'colcon_meta'
[0.111s] Level 1:colcon.colcon_core.package_identification:_identify(docs/doxy_xml) by extensions ['ros']
[0.111s] Level 1:colcon.colcon_core.package_identification:_identify(docs/doxy_xml) by extension 'ros'
[0.111s] Level 1:colcon.colcon_core.package_identification:_identify(docs/doxy_xml) by extensions ['cmake', 'python']
[0.111s] Level 1:colcon.colcon_core.package_identification:_identify(docs/doxy_xml) by extension 'cmake'
[0.111s] Level 1:colcon.colcon_core.package_identification:_identify(docs/doxy_xml) by extension 'python'
[0.111s] Level 1:colcon.colcon_core.package_identification:_identify(docs/doxy_xml) by extensions ['python_setup_py']
[0.111s] Level 1:colcon.colcon_core.package_identification:_identify(docs/doxy_xml) by extension 'python_setup_py'
[0.111s] Level 1:colcon.colcon_core.package_identification:_identify(docs/html) by extensions ['ignore', 'ignore_ament_install']
[0.111s] Level 1:colcon.colcon_core.package_identification:_identify(docs/html) by extension 'ignore'
[0.111s] Level 1:colcon.colcon_core.package_identification:_identify(docs/html) by extension 'ignore_ament_install'
[0.111s] Level 1:colcon.colcon_core.package_identification:_identify(docs/html) by extensions ['colcon_pkg']
[0.111s] Level 1:colcon.colcon_core.package_identification:_identify(docs/html) by extension 'colcon_pkg'
[0.111s] Level 1:colcon.colcon_core.package_identification:_identify(docs/html) by extensions ['colcon_meta']
[0.111s] Level 1:colcon.colcon_core.package_identification:_identify(docs/html) by extension 'colcon_meta'
[0.111s] Level 1:colcon.colcon_core.package_identification:_identify(docs/html) by extensions ['ros']
[0.111s] Level 1:colcon.colcon_core.package_identification:_identify(docs/html) by extension 'ros'
[0.111s] Level 1:colcon.colcon_core.package_identification:_identify(docs/html) by extensions ['cmake', 'python']
[0.111s] Level 1:colcon.colcon_core.package_identification:_identify(docs/html) by extension 'cmake'
[0.111s] Level 1:colcon.colcon_core.package_identification:_identify(docs/html) by extension 'python'
[0.111s] Level 1:colcon.colcon_core.package_identification:_identify(docs/html) by extensions ['python_setup_py']
[0.111s] Level 1:colcon.colcon_core.package_identification:_identify(docs/html) by extension 'python_setup_py'
[0.111s] Level 1:colcon.colcon_core.package_identification:_identify(docs/html/search) by extensions ['ignore', 'ignore_ament_install']
[0.112s] Level 1:colcon.colcon_core.package_identification:_identify(docs/html/search) by extension 'ignore'
[0.112s] Level 1:colcon.colcon_core.package_identification:_identify(docs/html/search) by extension 'ignore_ament_install'
[0.112s] Level 1:colcon.colcon_core.package_identification:_identify(docs/html/search) by extensions ['colcon_pkg']
[0.112s] Level 1:colcon.colcon_core.package_identification:_identify(docs/html/search) by extension 'colcon_pkg'
[0.112s] Level 1:colcon.colcon_core.package_identification:_identify(docs/html/search) by extensions ['colcon_meta']
[0.112s] Level 1:colcon.colcon_core.package_identification:_identify(docs/html/search) by extension 'colcon_meta'
[0.112s] Level 1:colcon.colcon_core.package_identification:_identify(docs/html/search) by extensions ['ros']
[0.112s] Level 1:colcon.colcon_core.package_identification:_identify(docs/html/search) by extension 'ros'
[0.112s] Level 1:colcon.colcon_core.package_identification:_identify(docs/html/search) by extensions ['cmake', 'python']
[0.112s] Level 1:colcon.colcon_core.package_identification:_identify(docs/html/search) by extension 'cmake'
[0.112s] Level 1:colcon.colcon_core.package_identification:_identify(docs/html/search) by extension 'python'
[0.112s] Level 1:colcon.colcon_core.package_identification:_identify(docs/html/search) by extensions ['python_setup_py']
[0.112s] Level 1:colcon.colcon_core.package_identification:_identify(docs/html/search) by extension 'python_setup_py'
[0.112s] Level 1:colcon.colcon_core.package_identification:_identify(docs/img) by extensions ['ignore', 'ignore_ament_install']
[0.112s] Level 1:colcon.colcon_core.package_identification:_identify(docs/img) by extension 'ignore'
[0.112s] Level 1:colcon.colcon_core.package_identification:_identify(docs/img) by extension 'ignore_ament_install'
[0.112s] Level 1:colcon.colcon_core.package_identification:_identify(docs/img) by extensions ['colcon_pkg']
[0.112s] Level 1:colcon.colcon_core.package_identification:_identify(docs/img) by extension 'colcon_pkg'
[0.112s] Level 1:colcon.colcon_core.package_identification:_identify(docs/img) by extensions ['colcon_meta']
[0.112s] Level 1:colcon.colcon_core.package_identification:_identify(docs/img) by extension 'colcon_meta'
[0.112s] Level 1:colcon.colcon_core.package_identification:_identify(docs/img) by extensions ['ros']
[0.112s] Level 1:colcon.colcon_core.package_identification:_identify(docs/img) by extension 'ros'
[0.112s] Level 1:colcon.colcon_core.package_identification:_identify(docs/img) by extensions ['cmake', 'python']
[0.112s] Level 1:colcon.colcon_core.package_identification:_identify(docs/img) by extension 'cmake'
[0.112s] Level 1:colcon.colcon_core.package_identification:_identify(docs/img) by extension 'python'
[0.112s] Level 1:colcon.colcon_core.package_identification:_identify(docs/img) by extensions ['python_setup_py']
[0.112s] Level 1:colcon.colcon_core.package_identification:_identify(docs/img) by extension 'python_setup_py'
[0.112s] Level 1:colcon.colcon_core.package_identification:_identify(docs/latex) by extensions ['ignore', 'ignore_ament_install']
[0.112s] Level 1:colcon.colcon_core.package_identification:_identify(docs/latex) by extension 'ignore'
[0.112s] Level 1:colcon.colcon_core.package_identification:_identify(docs/latex) by extension 'ignore_ament_install'
[0.113s] Level 1:colcon.colcon_core.package_identification:_identify(docs/latex) by extensions ['colcon_pkg']
[0.113s] Level 1:colcon.colcon_core.package_identification:_identify(docs/latex) by extension 'colcon_pkg'
[0.113s] Level 1:colcon.colcon_core.package_identification:_identify(docs/latex) by extensions ['colcon_meta']
[0.113s] Level 1:colcon.colcon_core.package_identification:_identify(docs/latex) by extension 'colcon_meta'
[0.113s] Level 1:colcon.colcon_core.package_identification:_identify(docs/latex) by extensions ['ros']
[0.113s] Level 1:colcon.colcon_core.package_identification:_identify(docs/latex) by extension 'ros'
[0.113s] Level 1:colcon.colcon_core.package_identification:_identify(docs/latex) by extensions ['cmake', 'python']
[0.113s] Level 1:colcon.colcon_core.package_identification:_identify(docs/latex) by extension 'cmake'
[0.113s] Level 1:colcon.colcon_core.package_identification:_identify(docs/latex) by extension 'python'
[0.113s] Level 1:colcon.colcon_core.package_identification:_identify(docs/latex) by extensions ['python_setup_py']
[0.113s] Level 1:colcon.colcon_core.package_identification:_identify(docs/latex) by extension 'python_setup_py'
[0.113s] Level 1:colcon.colcon_core.package_identification:_identify(docs/search) by extensions ['ignore', 'ignore_ament_install']
[0.113s] Level 1:colcon.colcon_core.package_identification:_identify(docs/search) by extension 'ignore'
[0.113s] Level 1:colcon.colcon_core.package_identification:_identify(docs/search) by extension 'ignore_ament_install'
[0.113s] Level 1:colcon.colcon_core.package_identification:_identify(docs/search) by extensions ['colcon_pkg']
[0.113s] Level 1:colcon.colcon_core.package_identification:_identify(docs/search) by extension 'colcon_pkg'
[0.113s] Level 1:colcon.colcon_core.package_identification:_identify(docs/search) by extensions ['colcon_meta']
[0.113s] Level 1:colcon.colcon_core.package_identification:_identify(docs/search) by extension 'colcon_meta'
[0.113s] Level 1:colcon.colcon_core.package_identification:_identify(docs/search) by extensions ['ros']
[0.113s] Level 1:colcon.colcon_core.package_identification:_identify(docs/search) by extension 'ros'
[0.113s] Level 1:colcon.colcon_core.package_identification:_identify(docs/search) by extensions ['cmake', 'python']
[0.113s] Level 1:colcon.colcon_core.package_identification:_identify(docs/search) by extension 'cmake'
[0.113s] Level 1:colcon.colcon_core.package_identification:_identify(docs/search) by extension 'python'
[0.113s] Level 1:colcon.colcon_core.package_identification:_identify(docs/search) by extensions ['python_setup_py']
[0.113s] Level 1:colcon.colcon_core.package_identification:_identify(docs/search) by extension 'python_setup_py'
[0.113s] Level 1:colcon.colcon_core.package_identification:_identify(docs/src) by extensions ['ignore', 'ignore_ament_install']
[0.113s] Level 1:colcon.colcon_core.package_identification:_identify(docs/src) by extension 'ignore'
[0.113s] Level 1:colcon.colcon_core.package_identification:_identify(docs/src) by extension 'ignore_ament_install'
[0.114s] Level 1:colcon.colcon_core.package_identification:_identify(docs/src) by extensions ['colcon_pkg']
[0.114s] Level 1:colcon.colcon_core.package_identification:_identify(docs/src) by extension 'colcon_pkg'
[0.114s] Level 1:colcon.colcon_core.package_identification:_identify(docs/src) by extensions ['colcon_meta']
[0.114s] Level 1:colcon.colcon_core.package_identification:_identify(docs/src) by extension 'colcon_meta'
[0.114s] Level 1:colcon.colcon_core.package_identification:_identify(docs/src) by extensions ['ros']
[0.114s] Level 1:colcon.colcon_core.package_identification:_identify(docs/src) by extension 'ros'
[0.114s] Level 1:colcon.colcon_core.package_identification:_identify(docs/src) by extensions ['cmake', 'python']
[0.114s] Level 1:colcon.colcon_core.package_identification:_identify(docs/src) by extension 'cmake'
[0.114s] Level 1:colcon.colcon_core.package_identification:_identify(docs/src) by extension 'python'
[0.114s] Level 1:colcon.colcon_core.package_identification:_identify(docs/src) by extensions ['python_setup_py']
[0.114s] Level 1:colcon.colcon_core.package_identification:_identify(docs/src) by extension 'python_setup_py'
[0.114s] Level 1:colcon.colcon_core.package_identification:_identify(docs/src/doxygen-custom) by extensions ['ignore', 'ignore_ament_install']
[0.114s] Level 1:colcon.colcon_core.package_identification:_identify(docs/src/doxygen-custom) by extension 'ignore'
[0.114s] Level 1:colcon.colcon_core.package_identification:_identify(docs/src/doxygen-custom) by extension 'ignore_ament_install'
[0.114s] Level 1:colcon.colcon_core.package_identification:_identify(docs/src/doxygen-custom) by extensions ['colcon_pkg']
[0.114s] Level 1:colcon.colcon_core.package_identification:_identify(docs/src/doxygen-custom) by extension 'colcon_pkg'
[0.114s] Level 1:colcon.colcon_core.package_identification:_identify(docs/src/doxygen-custom) by extensions ['colcon_meta']
[0.114s] Level 1:colcon.colcon_core.package_identification:_identify(docs/src/doxygen-custom) by extension 'colcon_meta'
[0.114s] Level 1:colcon.colcon_core.package_identification:_identify(docs/src/doxygen-custom) by extensions ['ros']
[0.114s] Level 1:colcon.colcon_core.package_identification:_identify(docs/src/doxygen-custom) by extension 'ros'
[0.114s] Level 1:colcon.colcon_core.package_identification:_identify(docs/src/doxygen-custom) by extensions ['cmake', 'python']
[0.114s] Level 1:colcon.colcon_core.package_identification:_identify(docs/src/doxygen-custom) by extension 'cmake'
[0.114s] Level 1:colcon.colcon_core.package_identification:_identify(docs/src/doxygen-custom) by extension 'python'
[0.114s] Level 1:colcon.colcon_core.package_identification:_identify(docs/src/doxygen-custom) by extensions ['python_setup_py']
[0.114s] Level 1:colcon.colcon_core.package_identification:_identify(docs/src/doxygen-custom) by extension 'python_setup_py'
[0.114s] Level 1:colcon.colcon_core.package_identification:_identify(docs/src/img) by extensions ['ignore', 'ignore_ament_install']
[0.114s] Level 1:colcon.colcon_core.package_identification:_identify(docs/src/img) by extension 'ignore'
[0.114s] Level 1:colcon.colcon_core.package_identification:_identify(docs/src/img) by extension 'ignore_ament_install'
[0.114s] Level 1:colcon.colcon_core.package_identification:_identify(docs/src/img) by extensions ['colcon_pkg']
[0.114s] Level 1:colcon.colcon_core.package_identification:_identify(docs/src/img) by extension 'colcon_pkg'
[0.114s] Level 1:colcon.colcon_core.package_identification:_identify(docs/src/img) by extensions ['colcon_meta']
[0.114s] Level 1:colcon.colcon_core.package_identification:_identify(docs/src/img) by extension 'colcon_meta'
[0.114s] Level 1:colcon.colcon_core.package_identification:_identify(docs/src/img) by extensions ['ros']
[0.114s] Level 1:colcon.colcon_core.package_identification:_identify(docs/src/img) by extension 'ros'
[0.115s] Level 1:colcon.colcon_core.package_identification:_identify(docs/src/img) by extensions ['cmake', 'python']
[0.115s] Level 1:colcon.colcon_core.package_identification:_identify(docs/src/img) by extension 'cmake'
[0.115s] Level 1:colcon.colcon_core.package_identification:_identify(docs/src/img) by extension 'python'
[0.115s] Level 1:colcon.colcon_core.package_identification:_identify(docs/src/img) by extensions ['python_setup_py']
[0.115s] Level 1:colcon.colcon_core.package_identification:_identify(docs/src/img) by extension 'python_setup_py'
[0.115s] Level 1:colcon.colcon_core.package_identification:_identify(install) by extensions ['ignore', 'ignore_ament_install']
[0.115s] Level 1:colcon.colcon_core.package_identification:_identify(install) by extension 'ignore'
[0.115s] Level 1:colcon.colcon_core.package_identification:_identify(install) ignored
[0.115s] Level 1:colcon.colcon_core.package_identification:_identify(log) by extensions ['ignore', 'ignore_ament_install']
[0.115s] Level 1:colcon.colcon_core.package_identification:_identify(log) by extension 'ignore'
[0.115s] Level 1:colcon.colcon_core.package_identification:_identify(log) ignored
[0.115s] Level 1:colcon.colcon_core.package_identification:_identify(src) by extensions ['ignore', 'ignore_ament_install']
[0.115s] Level 1:colcon.colcon_core.package_identification:_identify(src) by extension 'ignore'
[0.115s] Level 1:colcon.colcon_core.package_identification:_identify(src) by extension 'ignore_ament_install'
[0.115s] Level 1:colcon.colcon_core.package_identification:_identify(src) by extensions ['colcon_pkg']
[0.115s] Level 1:colcon.colcon_core.package_identification:_identify(src) by extension 'colcon_pkg'
[0.115s] Level 1:colcon.colcon_core.package_identification:_identify(src) by extensions ['colcon_meta']
[0.115s] Level 1:colcon.colcon_core.package_identification:_identify(src) by extension 'colcon_meta'
[0.115s] Level 1:colcon.colcon_core.package_identification:_identify(src) by extensions ['ros']
[0.115s] Level 1:colcon.colcon_core.package_identification:_identify(src) by extension 'ros'
[0.115s] Level 1:colcon.colcon_core.package_identification:_identify(src) by extensions ['cmake', 'python']
[0.115s] Level 1:colcon.colcon_core.package_identification:_identify(src) by extension 'cmake'
[0.115s] Level 1:colcon.colcon_core.package_identification:_identify(src) by extension 'python'
[0.115s] Level 1:colcon.colcon_core.package_identification:_identify(src) by extensions ['python_setup_py']
[0.115s] Level 1:colcon.colcon_core.package_identification:_identify(src) by extension 'python_setup_py'
[0.115s] Level 1:colcon.colcon_core.package_identification:_identify(src/controller) by extensions ['ignore', 'ignore_ament_install']
[0.115s] Level 1:colcon.colcon_core.package_identification:_identify(src/controller) by extension 'ignore'
[0.115s] Level 1:colcon.colcon_core.package_identification:_identify(src/controller) by extension 'ignore_ament_install'
[0.115s] Level 1:colcon.colcon_core.package_identification:_identify(src/controller) by extensions ['colcon_pkg']
[0.116s] Level 1:colcon.colcon_core.package_identification:_identify(src/controller) by extension 'colcon_pkg'
[0.116s] Level 1:colcon.colcon_core.package_identification:_identify(src/controller) by extensions ['colcon_meta']
[0.116s] Level 1:colcon.colcon_core.package_identification:_identify(src/controller) by extension 'colcon_meta'
[0.116s] Level 1:colcon.colcon_core.package_identification:_identify(src/controller) by extensions ['ros']
[0.116s] Level 1:colcon.colcon_core.package_identification:_identify(src/controller) by extension 'ros'
[0.117s] DEBUG:colcon.colcon_core.package_identification:Package 'src/controller' with type 'ros.ament_cmake' and name 'controller'
[0.117s] Level 1:colcon.colcon_core.package_identification:_identify(src/ecat_msgs) by extensions ['ignore', 'ignore_ament_install']
[0.117s] Level 1:colcon.colcon_core.package_identification:_identify(src/ecat_msgs) by extension 'ignore'
[0.117s] Level 1:colcon.colcon_core.package_identification:_identify(src/ecat_msgs) by extension 'ignore_ament_install'
[0.117s] Level 1:colcon.colcon_core.package_identification:_identify(src/ecat_msgs) by extensions ['colcon_pkg']
[0.117s] Level 1:colcon.colcon_core.package_identification:_identify(src/ecat_msgs) by extension 'colcon_pkg'
[0.118s] Level 1:colcon.colcon_core.package_identification:_identify(src/ecat_msgs) by extensions ['colcon_meta']
[0.118s] Level 1:colcon.colcon_core.package_identification:_identify(src/ecat_msgs) by extension 'colcon_meta'
[0.118s] Level 1:colcon.colcon_core.package_identification:_identify(src/ecat_msgs) by extensions ['ros']
[0.118s] Level 1:colcon.colcon_core.package_identification:_identify(src/ecat_msgs) by extension 'ros'
[0.118s] DEBUG:colcon.colcon_core.package_identification:Package 'src/ecat_msgs' with type 'ros.ament_cmake' and name 'ecat_msgs'
[0.118s] Level 1:colcon.colcon_core.package_identification:_identify(src/ecat_pkg) by extensions ['ignore', 'ignore_ament_install']
[0.118s] Level 1:colcon.colcon_core.package_identification:_identify(src/ecat_pkg) by extension 'ignore'
[0.118s] Level 1:colcon.colcon_core.package_identification:_identify(src/ecat_pkg) by extension 'ignore_ament_install'
[0.118s] Level 1:colcon.colcon_core.package_identification:_identify(src/ecat_pkg) by extensions ['colcon_pkg']
[0.118s] Level 1:colcon.colcon_core.package_identification:_identify(src/ecat_pkg) by extension 'colcon_pkg'
[0.118s] Level 1:colcon.colcon_core.package_identification:_identify(src/ecat_pkg) by extensions ['colcon_meta']
[0.118s] Level 1:colcon.colcon_core.package_identification:_identify(src/ecat_pkg) by extension 'colcon_meta'
[0.118s] Level 1:colcon.colcon_core.package_identification:_identify(src/ecat_pkg) by extensions ['ros']
[0.118s] Level 1:colcon.colcon_core.package_identification:_identify(src/ecat_pkg) by extension 'ros'
[0.119s] DEBUG:colcon.colcon_core.package_identification:Package 'src/ecat_pkg' with type 'ros.ament_cmake' and name 'ecat_pkg'
[0.119s] Level 1:colcon.colcon_core.package_identification:_identify(src/gui_pkg) by extensions ['ignore', 'ignore_ament_install']
[0.119s] Level 1:colcon.colcon_core.package_identification:_identify(src/gui_pkg) by extension 'ignore'
[0.119s] Level 1:colcon.colcon_core.package_identification:_identify(src/gui_pkg) by extension 'ignore_ament_install'
[0.119s] Level 1:colcon.colcon_core.package_identification:_identify(src/gui_pkg) by extensions ['colcon_pkg']
[0.119s] Level 1:colcon.colcon_core.package_identification:_identify(src/gui_pkg) by extension 'colcon_pkg'
[0.119s] Level 1:colcon.colcon_core.package_identification:_identify(src/gui_pkg) by extensions ['colcon_meta']
[0.119s] Level 1:colcon.colcon_core.package_identification:_identify(src/gui_pkg) by extension 'colcon_meta'
[0.119s] Level 1:colcon.colcon_core.package_identification:_identify(src/gui_pkg) by extensions ['ros']
[0.119s] Level 1:colcon.colcon_core.package_identification:_identify(src/gui_pkg) by extension 'ros'
[0.119s] DEBUG:colcon.colcon_core.package_identification:Package 'src/gui_pkg' with type 'ros.ament_cmake' and name 'gui_pkg'
[0.119s] Level 1:colcon.colcon_core.package_identification:_identify(src/input_pkg) by extensions ['ignore', 'ignore_ament_install']
[0.119s] Level 1:colcon.colcon_core.package_identification:_identify(src/input_pkg) by extension 'ignore'
[0.120s] Level 1:colcon.colcon_core.package_identification:_identify(src/input_pkg) by extension 'ignore_ament_install'
[0.120s] Level 1:colcon.colcon_core.package_identification:_identify(src/input_pkg) by extensions ['colcon_pkg']
[0.120s] Level 1:colcon.colcon_core.package_identification:_identify(src/input_pkg) by extension 'colcon_pkg'
[0.120s] Level 1:colcon.colcon_core.package_identification:_identify(src/input_pkg) by extensions ['colcon_meta']
[0.120s] Level 1:colcon.colcon_core.package_identification:_identify(src/input_pkg) by extension 'colcon_meta'
[0.120s] Level 1:colcon.colcon_core.package_identification:_identify(src/input_pkg) by extensions ['ros']
[0.120s] Level 1:colcon.colcon_core.package_identification:_identify(src/input_pkg) by extension 'ros'
[0.120s] DEBUG:colcon.colcon_core.package_identification:Package 'src/input_pkg' with type 'ros.ament_cmake' and name 'input_pkg'
[0.120s] Level 1:colcon.colcon_core.package_identification:_identify(src/safety_pkg) by extensions ['ignore', 'ignore_ament_install']
[0.120s] Level 1:colcon.colcon_core.package_identification:_identify(src/safety_pkg) by extension 'ignore'
[0.120s] Level 1:colcon.colcon_core.package_identification:_identify(src/safety_pkg) by extension 'ignore_ament_install'
[0.120s] Level 1:colcon.colcon_core.package_identification:_identify(src/safety_pkg) by extensions ['colcon_pkg']
[0.120s] Level 1:colcon.colcon_core.package_identification:_identify(src/safety_pkg) by extension 'colcon_pkg'
[0.120s] Level 1:colcon.colcon_core.package_identification:_identify(src/safety_pkg) by extensions ['colcon_meta']
[0.120s] Level 1:colcon.colcon_core.package_identification:_identify(src/safety_pkg) by extension 'colcon_meta'
[0.120s] Level 1:colcon.colcon_core.package_identification:_identify(src/safety_pkg) by extensions ['ros']
[0.120s] Level 1:colcon.colcon_core.package_identification:_identify(src/safety_pkg) by extension 'ros'
[0.121s] DEBUG:colcon.colcon_core.package_identification:Package 'src/safety_pkg' with type 'ros.ament_cmake' and name 'safety_pkg'
[0.121s] Level 1:colcon.colcon_core.package_discovery:discover_packages(recursive) using defaults
[0.121s] Level 1:colcon.colcon_core.package_discovery:discover_packages(ignore) discover
[0.121s] Level 1:colcon.colcon_core.package_discovery:discover_packages(ignore) using defaults
[0.121s] Level 1:colcon.colcon_core.package_discovery:discover_packages(path) discover
[0.121s] Level 1:colcon.colcon_core.package_discovery:discover_packages(path) using defaults
[0.141s] Level 1:colcon.colcon_core.package_discovery:discover_packages(prefix_path) check parameters
[0.141s] Level 1:colcon.colcon_core.package_discovery:discover_packages(prefix_path) discover
[0.143s] DEBUG:colcon.colcon_installed_package_information.package_discovery:Found 256 installed packages in /opt/ros/foxy
[0.144s] Level 1:colcon.colcon_core.package_discovery:discover_packages(prefix_path) using defaults
[0.182s] Level 5:colcon.colcon_core.verb:set package 'controller' build argument 'cmake_args' from command line to 'None'
[0.182s] Level 5:colcon.colcon_core.verb:set package 'controller' build argument 'cmake_target' from command line to 'None'
[0.182s] Level 5:colcon.colcon_core.verb:set package 'controller' build argument 'cmake_target_skip_unavailable' from command line to 'False'
[0.182s] Level 5:colcon.colcon_core.verb:set package 'controller' build argument 'cmake_clean_cache' from command line to 'False'
[0.182s] Level 5:colcon.colcon_core.verb:set package 'controller' build argument 'cmake_clean_first' from command line to 'False'
[0.182s] Level 5:colcon.colcon_core.verb:set package 'controller' build argument 'cmake_force_configure' from command line to 'False'
[0.182s] Level 5:colcon.colcon_core.verb:set package 'controller' build argument 'ament_cmake_args' from command line to 'None'
[0.182s] Level 5:colcon.colcon_core.verb:set package 'controller' build argument 'catkin_cmake_args' from command line to 'None'
[0.182s] Level 5:colcon.colcon_core.verb:set package 'controller' build argument 'catkin_skip_building_tests' from command line to 'False'
[0.182s] DEBUG:colcon.colcon_core.verb:Building package 'controller' with the following arguments: {'ament_cmake_args': None, 'build_base': '/home/daeyun/Desktop/spinerobot_ws/build/controller', 'catkin_cmake_args': None, 'catkin_skip_building_tests': False, 'cmake_args': None, 'cmake_clean_cache': False, 'cmake_clean_first': False, 'cmake_force_configure': False, 'cmake_target': None, 'cmake_target_skip_unavailable': False, 'install_base': '/home/daeyun/Desktop/spinerobot_ws/install/controller', 'merge_install': False, 'path': '/home/daeyun/Desktop/spinerobot_ws/src/controller', 'symlink_install': True, 'test_result_base': None}
[0.182s] Level 5:colcon.colcon_core.verb:set package 'ecat_msgs' build argument 'cmake_args' from command line to 'None'
[0.182s] Level 5:colcon.colcon_core.verb:set package 'ecat_msgs' build argument 'cmake_target' from command line to 'None'
[0.182s] Level 5:colcon.colcon_core.verb:set package 'ecat_msgs' build argument 'cmake_target_skip_unavailable' from command line to 'False'
[0.182s] Level 5:colcon.colcon_core.verb:set package 'ecat_msgs' build argument 'cmake_clean_cache' from command line to 'False'
[0.182s] Level 5:colcon.colcon_core.verb:set package 'ecat_msgs' build argument 'cmake_clean_first' from command line to 'False'
[0.183s] Level 5:colcon.colcon_core.verb:set package 'ecat_msgs' build argument 'cmake_force_configure' from command line to 'False'
[0.183s] Level 5:colcon.colcon_core.verb:set package 'ecat_msgs' build argument 'ament_cmake_args' from command line to 'None'
[0.183s] Level 5:colcon.colcon_core.verb:set package 'ecat_msgs' build argument 'catkin_cmake_args' from command line to 'None'
[0.183s] Level 5:colcon.colcon_core.verb:set package 'ecat_msgs' build argument 'catkin_skip_building_tests' from command line to 'False'
[0.183s] DEBUG:colcon.colcon_core.verb:Building package 'ecat_msgs' with the following arguments: {'ament_cmake_args': None, 'build_base': '/home/daeyun/Desktop/spinerobot_ws/build/ecat_msgs', 'catkin_cmake_args': None, 'catkin_skip_building_tests': False, 'cmake_args': None, 'cmake_clean_cache': False, 'cmake_clean_first': False, 'cmake_force_configure': False, 'cmake_target': None, 'cmake_target_skip_unavailable': False, 'install_base': '/home/daeyun/Desktop/spinerobot_ws/install/ecat_msgs', 'merge_install': False, 'path': '/home/daeyun/Desktop/spinerobot_ws/src/ecat_msgs', 'symlink_install': True, 'test_result_base': None}
[0.183s] Level 5:colcon.colcon_core.verb:set package 'ecat_pkg' build argument 'cmake_args' from command line to 'None'
[0.183s] Level 5:colcon.colcon_core.verb:set package 'ecat_pkg' build argument 'cmake_target' from command line to 'None'
[0.183s] Level 5:colcon.colcon_core.verb:set package 'ecat_pkg' build argument 'cmake_target_skip_unavailable' from command line to 'False'
[0.183s] Level 5:colcon.colcon_core.verb:set package 'ecat_pkg' build argument 'cmake_clean_cache' from command line to 'False'
[0.183s] Level 5:colcon.colcon_core.verb:set package 'ecat_pkg' build argument 'cmake_clean_first' from command line to 'False'
[0.183s] Level 5:colcon.colcon_core.verb:set package 'ecat_pkg' build argument 'cmake_force_configure' from command line to 'False'
[0.183s] Level 5:colcon.colcon_core.verb:set package 'ecat_pkg' build argument 'ament_cmake_args' from command line to 'None'
[0.183s] Level 5:colcon.colcon_core.verb:set package 'ecat_pkg' build argument 'catkin_cmake_args' from command line to 'None'
[0.183s] Level 5:colcon.colcon_core.verb:set package 'ecat_pkg' build argument 'catkin_skip_building_tests' from command line to 'False'
[0.183s] DEBUG:colcon.colcon_core.verb:Building package 'ecat_pkg' with the following arguments: {'ament_cmake_args': None, 'build_base': '/home/daeyun/Desktop/spinerobot_ws/build/ecat_pkg', 'catkin_cmake_args': None, 'catkin_skip_building_tests': False, 'cmake_args': None, 'cmake_clean_cache': False, 'cmake_clean_first': False, 'cmake_force_configure': False, 'cmake_target': None, 'cmake_target_skip_unavailable': False, 'install_base': '/home/daeyun/Desktop/spinerobot_ws/install/ecat_pkg', 'merge_install': False, 'path': '/home/daeyun/Desktop/spinerobot_ws/src/ecat_pkg', 'symlink_install': True, 'test_result_base': None}
[0.184s] Level 5:colcon.colcon_core.verb:set package 'gui_pkg' build argument 'cmake_args' from command line to 'None'
[0.184s] Level 5:colcon.colcon_core.verb:set package 'gui_pkg' build argument 'cmake_target' from command line to 'None'
[0.184s] Level 5:colcon.colcon_core.verb:set package 'gui_pkg' build argument 'cmake_target_skip_unavailable' from command line to 'False'
[0.184s] Level 5:colcon.colcon_core.verb:set package 'gui_pkg' build argument 'cmake_clean_cache' from command line to 'False'
[0.184s] Level 5:colcon.colcon_core.verb:set package 'gui_pkg' build argument 'cmake_clean_first' from command line to 'False'
[0.184s] Level 5:colcon.colcon_core.verb:set package 'gui_pkg' build argument 'cmake_force_configure' from command line to 'False'
[0.184s] Level 5:colcon.colcon_core.verb:set package 'gui_pkg' build argument 'ament_cmake_args' from command line to 'None'
[0.184s] Level 5:colcon.colcon_core.verb:set package 'gui_pkg' build argument 'catkin_cmake_args' from command line to 'None'
[0.184s] Level 5:colcon.colcon_core.verb:set package 'gui_pkg' build argument 'catkin_skip_building_tests' from command line to 'False'
[0.184s] DEBUG:colcon.colcon_core.verb:Building package 'gui_pkg' with the following arguments: {'ament_cmake_args': None, 'build_base': '/home/daeyun/Desktop/spinerobot_ws/build/gui_pkg', 'catkin_cmake_args': None, 'catkin_skip_building_tests': False, 'cmake_args': None, 'cmake_clean_cache': False, 'cmake_clean_first': False, 'cmake_force_configure': False, 'cmake_target': None, 'cmake_target_skip_unavailable': False, 'install_base': '/home/daeyun/Desktop/spinerobot_ws/install/gui_pkg', 'merge_install': False, 'path': '/home/daeyun/Desktop/spinerobot_ws/src/gui_pkg', 'symlink_install': True, 'test_result_base': None}
[0.185s] Level 5:colcon.colcon_core.verb:set package 'input_pkg' build argument 'cmake_args' from command line to 'None'
[0.185s] Level 5:colcon.colcon_core.verb:set package 'input_pkg' build argument 'cmake_target' from command line to 'None'
[0.185s] Level 5:colcon.colcon_core.verb:set package 'input_pkg' build argument 'cmake_target_skip_unavailable' from command line to 'False'
[0.185s] Level 5:colcon.colcon_core.verb:set package 'input_pkg' build argument 'cmake_clean_cache' from command line to 'False'
[0.185s] Level 5:colcon.colcon_core.verb:set package 'input_pkg' build argument 'cmake_clean_first' from command line to 'False'
[0.185s] Level 5:colcon.colcon_core.verb:set package 'input_pkg' build argument 'cmake_force_configure' from command line to 'False'
[0.185s] Level 5:colcon.colcon_core.verb:set package 'input_pkg' build argument 'ament_cmake_args' from command line to 'None'
[0.185s] Level 5:colcon.colcon_core.verb:set package 'input_pkg' build argument 'catkin_cmake_args' from command line to 'None'
[0.185s] Level 5:colcon.colcon_core.verb:set package 'input_pkg' build argument 'catkin_skip_building_tests' from command line to 'False'
[0.185s] DEBUG:colcon.colcon_core.verb:Building package 'input_pkg' with the following arguments: {'ament_cmake_args': None, 'build_base': '/home/daeyun/Desktop/spinerobot_ws/build/input_pkg', 'catkin_cmake_args': None, 'catkin_skip_building_tests': False, 'cmake_args': None, 'cmake_clean_cache': False, 'cmake_clean_first': False, 'cmake_force_configure': False, 'cmake_target': None, 'cmake_target_skip_unavailable': False, 'install_base': '/home/daeyun/Desktop/spinerobot_ws/install/input_pkg', 'merge_install': False, 'path': '/home/daeyun/Desktop/spinerobot_ws/src/input_pkg', 'symlink_install': True, 'test_result_base': None}
[0.185s] Level 5:colcon.colcon_core.verb:set package 'safety_pkg' build argument 'cmake_args' from command line to 'None'
[0.185s] Level 5:colcon.colcon_core.verb:set package 'safety_pkg' build argument 'cmake_target' from command line to 'None'
[0.185s] Level 5:colcon.colcon_core.verb:set package 'safety_pkg' build argument 'cmake_target_skip_unavailable' from command line to 'False'
[0.185s] Level 5:colcon.colcon_core.verb:set package 'safety_pkg' build argument 'cmake_clean_cache' from command line to 'False'
[0.185s] Level 5:colcon.colcon_core.verb:set package 'safety_pkg' build argument 'cmake_clean_first' from command line to 'False'
[0.185s] Level 5:colcon.colcon_core.verb:set package 'safety_pkg' build argument 'cmake_force_configure' from command line to 'False'
[0.185s] Level 5:colcon.colcon_core.verb:set package 'safety_pkg' build argument 'ament_cmake_args' from command line to 'None'
[0.185s] Level 5:colcon.colcon_core.verb:set package 'safety_pkg' build argument 'catkin_cmake_args' from command line to 'None'
[0.185s] Level 5:colcon.colcon_core.verb:set package 'safety_pkg' build argument 'catkin_skip_building_tests' from command line to 'False'
[0.185s] DEBUG:colcon.colcon_core.verb:Building package 'safety_pkg' with the following arguments: {'ament_cmake_args': None, 'build_base': '/home/daeyun/Desktop/spinerobot_ws/build/safety_pkg', 'catkin_cmake_args': None, 'catkin_skip_building_tests': False, 'cmake_args': None, 'cmake_clean_cache': False, 'cmake_clean_first': False, 'cmake_force_configure': False, 'cmake_target': None, 'cmake_target_skip_unavailable': False, 'install_base': '/home/daeyun/Desktop/spinerobot_ws/install/safety_pkg', 'merge_install': False, 'path': '/home/daeyun/Desktop/spinerobot_ws/src/safety_pkg', 'symlink_install': True, 'test_result_base': None}
[0.186s] INFO:colcon.colcon_core.executor:Executing jobs using 'parallel' executor
[0.188s] DEBUG:colcon.colcon_parallel_executor.executor.parallel:run_until_complete
[0.189s] INFO:colcon.colcon_ros.task.ament_cmake.build:Building ROS package in '/home/daeyun/Desktop/spinerobot_ws/src/ecat_msgs' with build type 'ament_cmake'
[0.189s] INFO:colcon.colcon_cmake.task.cmake.build:Building CMake package in '/home/daeyun/Desktop/spinerobot_ws/src/ecat_msgs'
[0.191s] INFO:colcon.colcon_core.plugin_system:Skipping extension 'colcon_core.shell.bat': Not used on non-Windows systems
[0.192s] INFO:colcon.colcon_core.shell:Skip shell extension 'powershell' for command environment: Not usable outside of PowerShell
[0.192s] DEBUG:colcon.colcon_core.shell:Skip shell extension 'dsv' for command environment
[0.195s] INFO:colcon.colcon_ros.task.ament_cmake.build:Building ROS package in '/home/daeyun/Desktop/spinerobot_ws/src/controller' with build type 'ament_cmake'
[0.195s] INFO:colcon.colcon_cmake.task.cmake.build:Building CMake package in '/home/daeyun/Desktop/spinerobot_ws/src/controller'
[0.196s] INFO:colcon.colcon_core.shell:Skip shell extension 'powershell' for command environment: Not usable outside of PowerShell
[0.196s] DEBUG:colcon.colcon_core.shell:Skip shell extension 'dsv' for command environment
[0.205s] DEBUG:colcon.colcon_core.event_handler.log_command:Invoking command in '/home/daeyun/Desktop/spinerobot_ws/build/ecat_msgs': CMAKE_PREFIX_PATH=/opt/ros/foxy /usr/bin/cmake --build /home/daeyun/Desktop/spinerobot_ws/build/ecat_msgs -- -j8 -l8
[0.210s] DEBUG:colcon.colcon_core.event_handler.log_command:Invoking command in '/home/daeyun/Desktop/spinerobot_ws/build/controller': CMAKE_PREFIX_PATH=/opt/ros/foxy /usr/bin/cmake --build /home/daeyun/Desktop/spinerobot_ws/build/controller -- -j8 -l8
[0.272s] DEBUG:colcon.colcon_core.event_handler.log_command:Invoked command in '/home/daeyun/Desktop/spinerobot_ws/build/controller' returned '0': CMAKE_PREFIX_PATH=/opt/ros/foxy /usr/bin/cmake --build /home/daeyun/Desktop/spinerobot_ws/build/controller -- -j8 -l8
[0.302s] DEBUG:colcon.colcon_core.event_handler.log_command:Invoking command in '/home/daeyun/Desktop/spinerobot_ws/build/controller': CMAKE_PREFIX_PATH=/opt/ros/foxy /usr/bin/cmake --install /home/daeyun/Desktop/spinerobot_ws/build/controller
[0.320s] Level 1:colcon.colcon_core.environment:create_environment_scripts_only(controller)
[0.321s] DEBUG:colcon.colcon_core.event_handler.log_command:Invoked command in '/home/daeyun/Desktop/spinerobot_ws/build/controller' returned '0': CMAKE_PREFIX_PATH=/opt/ros/foxy /usr/bin/cmake --install /home/daeyun/Desktop/spinerobot_ws/build/controller
[0.325s] Level 1:colcon.colcon_core.environment:checking '/home/daeyun/Desktop/spinerobot_ws/install/controller' for CMake module files
[0.325s] Level 1:colcon.colcon_core.environment:checking '/home/daeyun/Desktop/spinerobot_ws/install/controller' for CMake config files
[0.325s] Level 1:colcon.colcon_core.shell:create_environment_hook('controller', 'cmake_prefix_path')
[0.326s] INFO:colcon.colcon_core.shell:Creating environment hook '/home/daeyun/Desktop/spinerobot_ws/install/controller/share/controller/hook/cmake_prefix_path.ps1'
[0.327s] INFO:colcon.colcon_core.shell:Creating environment descriptor '/home/daeyun/Desktop/spinerobot_ws/install/controller/share/controller/hook/cmake_prefix_path.dsv'
[0.327s] INFO:colcon.colcon_core.shell:Creating environment hook '/home/daeyun/Desktop/spinerobot_ws/install/controller/share/controller/hook/cmake_prefix_path.sh'
[0.328s] Level 1:colcon.colcon_core.environment:checking '/home/daeyun/Desktop/spinerobot_ws/install/controller/lib'
[0.328s] Level 1:colcon.colcon_core.environment:checking '/home/daeyun/Desktop/spinerobot_ws/install/controller/bin'
[0.328s] Level 1:colcon.colcon_core.environment:checking '/home/daeyun/Desktop/spinerobot_ws/install/controller/lib/pkgconfig/controller.pc'
[0.328s] Level 1:colcon.colcon_core.environment:checking '/home/daeyun/Desktop/spinerobot_ws/install/controller/lib/python3.8/site-packages'
[0.328s] Level 1:colcon.colcon_core.environment:checking '/home/daeyun/Desktop/spinerobot_ws/install/controller/bin'
[0.329s] INFO:colcon.colcon_core.shell:Creating package script '/home/daeyun/Desktop/spinerobot_ws/install/controller/share/controller/package.ps1'
[0.329s] INFO:colcon.colcon_core.shell:Creating package descriptor '/home/daeyun/Desktop/spinerobot_ws/install/controller/share/controller/package.dsv'
[0.330s] INFO:colcon.colcon_core.shell:Creating package script '/home/daeyun/Desktop/spinerobot_ws/install/controller/share/controller/package.sh'
[0.330s] INFO:colcon.colcon_core.shell:Creating package script '/home/daeyun/Desktop/spinerobot_ws/install/controller/share/controller/package.bash'
[0.331s] INFO:colcon.colcon_core.shell:Creating package script '/home/daeyun/Desktop/spinerobot_ws/install/controller/share/controller/package.zsh'
[0.331s] Level 1:colcon.colcon_core.environment:create_file_with_runtime_dependencies(/home/daeyun/Desktop/spinerobot_ws/install/controller/share/colcon-core/packages/controller)
[0.350s] Level 1:colcon.colcon_core.environment:create_environment_scripts_only(controller)
[0.351s] Level 1:colcon.colcon_core.environment:checking '/home/daeyun/Desktop/spinerobot_ws/install/controller' for CMake module files
[0.352s] Level 1:colcon.colcon_core.environment:checking '/home/daeyun/Desktop/spinerobot_ws/install/controller' for CMake config files
[0.352s] Level 1:colcon.colcon_core.shell:create_environment_hook('controller', 'cmake_prefix_path')
[0.353s] INFO:colcon.colcon_core.shell:Creating environment hook '/home/daeyun/Desktop/spinerobot_ws/install/controller/share/controller/hook/cmake_prefix_path.ps1'
[0.354s] INFO:colcon.colcon_core.shell:Creating environment descriptor '/home/daeyun/Desktop/spinerobot_ws/install/controller/share/controller/hook/cmake_prefix_path.dsv'
[0.354s] INFO:colcon.colcon_core.shell:Creating environment hook '/home/daeyun/Desktop/spinerobot_ws/install/controller/share/controller/hook/cmake_prefix_path.sh'
[0.355s] Level 1:colcon.colcon_core.environment:checking '/home/daeyun/Desktop/spinerobot_ws/install/controller/lib'
[0.355s] Level 1:colcon.colcon_core.environment:checking '/home/daeyun/Desktop/spinerobot_ws/install/controller/bin'
[0.355s] Level 1:colcon.colcon_core.environment:checking '/home/daeyun/Desktop/spinerobot_ws/install/controller/lib/pkgconfig/controller.pc'
[0.355s] Level 1:colcon.colcon_core.environment:checking '/home/daeyun/Desktop/spinerobot_ws/install/controller/lib/python3.8/site-packages'
[0.355s] Level 1:colcon.colcon_core.environment:checking '/home/daeyun/Desktop/spinerobot_ws/install/controller/bin'
[0.356s] INFO:colcon.colcon_core.shell:Creating package script '/home/daeyun/Desktop/spinerobot_ws/install/controller/share/controller/package.ps1'
[0.357s] INFO:colcon.colcon_core.shell:Creating package descriptor '/home/daeyun/Desktop/spinerobot_ws/install/controller/share/controller/package.dsv'
[0.357s] INFO:colcon.colcon_core.shell:Creating package script '/home/daeyun/Desktop/spinerobot_ws/install/controller/share/controller/package.sh'
[0.358s] INFO:colcon.colcon_core.shell:Creating package script '/home/daeyun/Desktop/spinerobot_ws/install/controller/share/controller/package.bash'
[0.358s] INFO:colcon.colcon_core.shell:Creating package script '/home/daeyun/Desktop/spinerobot_ws/install/controller/share/controller/package.zsh'
[0.358s] Level 1:colcon.colcon_core.environment:create_file_with_runtime_dependencies(/home/daeyun/Desktop/spinerobot_ws/install/controller/share/colcon-core/packages/controller)
[0.385s] DEBUG:colcon.colcon_core.event_handler.log_command:Invoked command in '/home/daeyun/Desktop/spinerobot_ws/build/ecat_msgs' returned '0': CMAKE_PREFIX_PATH=/opt/ros/foxy /usr/bin/cmake --build /home/daeyun/Desktop/spinerobot_ws/build/ecat_msgs -- -j8 -l8
[0.458s] DEBUG:colcon.colcon_core.event_handler.log_command:Invoking command in '/home/daeyun/Desktop/spinerobot_ws/build/ecat_msgs': CMAKE_PREFIX_PATH=/opt/ros/foxy /usr/bin/cmake --install /home/daeyun/Desktop/spinerobot_ws/build/ecat_msgs
[0.512s] Level 1:colcon.colcon_core.environment:create_environment_scripts_only(ecat_msgs)
[0.514s] Level 1:colcon.colcon_core.environment:checking '/home/daeyun/Desktop/spinerobot_ws/install/ecat_msgs' for CMake module files
[0.514s] DEBUG:colcon.colcon_core.event_handler.log_command:Invoked command in '/home/daeyun/Desktop/spinerobot_ws/build/ecat_msgs' returned '0': CMAKE_PREFIX_PATH=/opt/ros/foxy /usr/bin/cmake --install /home/daeyun/Desktop/spinerobot_ws/build/ecat_msgs
[0.514s] Level 1:colcon.colcon_core.environment:checking '/home/daeyun/Desktop/spinerobot_ws/install/ecat_msgs' for CMake config files
[0.515s] Level 1:colcon.colcon_core.shell:create_environment_hook('ecat_msgs', 'cmake_prefix_path')
[0.516s] INFO:colcon.colcon_core.shell:Creating environment hook '/home/daeyun/Desktop/spinerobot_ws/install/ecat_msgs/share/ecat_msgs/hook/cmake_prefix_path.ps1'
[0.516s] INFO:colcon.colcon_core.shell:Creating environment descriptor '/home/daeyun/Desktop/spinerobot_ws/install/ecat_msgs/share/ecat_msgs/hook/cmake_prefix_path.dsv'
[0.516s] INFO:colcon.colcon_core.shell:Creating environment hook '/home/daeyun/Desktop/spinerobot_ws/install/ecat_msgs/share/ecat_msgs/hook/cmake_prefix_path.sh'
[0.517s] Level 1:colcon.colcon_core.environment:checking '/home/daeyun/Desktop/spinerobot_ws/install/ecat_msgs/lib'
[0.517s] Level 1:colcon.colcon_core.shell:create_environment_hook('ecat_msgs', 'ld_library_path_lib')
[0.518s] INFO:colcon.colcon_core.shell:Creating environment hook '/home/daeyun/Desktop/spinerobot_ws/install/ecat_msgs/share/ecat_msgs/hook/ld_library_path_lib.ps1'
[0.518s] INFO:colcon.colcon_core.shell:Creating environment descriptor '/home/daeyun/Desktop/spinerobot_ws/install/ecat_msgs/share/ecat_msgs/hook/ld_library_path_lib.dsv'
[0.518s] INFO:colcon.colcon_core.shell:Creating environment hook '/home/daeyun/Desktop/spinerobot_ws/install/ecat_msgs/share/ecat_msgs/hook/ld_library_path_lib.sh'
[0.518s] Level 1:colcon.colcon_core.environment:checking '/home/daeyun/Desktop/spinerobot_ws/install/ecat_msgs/bin'
[0.519s] Level 1:colcon.colcon_core.environment:checking '/home/daeyun/Desktop/spinerobot_ws/install/ecat_msgs/lib/pkgconfig/ecat_msgs.pc'
[0.519s] Level 1:colcon.colcon_core.environment:checking '/home/daeyun/Desktop/spinerobot_ws/install/ecat_msgs/lib/python3.8/site-packages'
[0.519s] Level 1:colcon.colcon_core.shell:create_environment_hook('ecat_msgs', 'pythonpath')
[0.520s] INFO:colcon.colcon_core.shell:Creating environment hook '/home/daeyun/Desktop/spinerobot_ws/install/ecat_msgs/share/ecat_msgs/hook/pythonpath.ps1'
[0.520s] INFO:colcon.colcon_core.shell:Creating environment descriptor '/home/daeyun/Desktop/spinerobot_ws/install/ecat_msgs/share/ecat_msgs/hook/pythonpath.dsv'
[0.520s] INFO:colcon.colcon_core.shell:Creating environment hook '/home/daeyun/Desktop/spinerobot_ws/install/ecat_msgs/share/ecat_msgs/hook/pythonpath.sh'
[0.521s] Level 1:colcon.colcon_core.environment:checking '/home/daeyun/Desktop/spinerobot_ws/install/ecat_msgs/bin'
[0.522s] INFO:colcon.colcon_core.shell:Creating package script '/home/daeyun/Desktop/spinerobot_ws/install/ecat_msgs/share/ecat_msgs/package.ps1'
[0.522s] INFO:colcon.colcon_core.shell:Creating package descriptor '/home/daeyun/Desktop/spinerobot_ws/install/ecat_msgs/share/ecat_msgs/package.dsv'
[0.522s] INFO:colcon.colcon_core.shell:Creating package script '/home/daeyun/Desktop/spinerobot_ws/install/ecat_msgs/share/ecat_msgs/package.sh'
[0.523s] INFO:colcon.colcon_core.shell:Creating package script '/home/daeyun/Desktop/spinerobot_ws/install/ecat_msgs/share/ecat_msgs/package.bash'
[0.523s] INFO:colcon.colcon_core.shell:Creating package script '/home/daeyun/Desktop/spinerobot_ws/install/ecat_msgs/share/ecat_msgs/package.zsh'
[0.523s] Level 1:colcon.colcon_core.environment:create_file_with_runtime_dependencies(/home/daeyun/Desktop/spinerobot_ws/install/ecat_msgs/share/colcon-core/packages/ecat_msgs)
[0.594s] Level 1:colcon.colcon_core.environment:create_environment_scripts_only(ecat_msgs)
[0.595s] Level 1:colcon.colcon_core.environment:checking '/home/daeyun/Desktop/spinerobot_ws/install/ecat_msgs' for CMake module files
[0.596s] Level 1:colcon.colcon_core.environment:checking '/home/daeyun/Desktop/spinerobot_ws/install/ecat_msgs' for CMake config files
[0.596s] Level 1:colcon.colcon_core.shell:create_environment_hook('ecat_msgs', 'cmake_prefix_path')
[0.597s] INFO:colcon.colcon_core.shell:Creating environment hook '/home/daeyun/Desktop/spinerobot_ws/install/ecat_msgs/share/ecat_msgs/hook/cmake_prefix_path.ps1'
[0.597s] INFO:colcon.colcon_core.shell:Creating environment descriptor '/home/daeyun/Desktop/spinerobot_ws/install/ecat_msgs/share/ecat_msgs/hook/cmake_prefix_path.dsv'
[0.597s] INFO:colcon.colcon_core.shell:Creating environment hook '/home/daeyun/Desktop/spinerobot_ws/install/ecat_msgs/share/ecat_msgs/hook/cmake_prefix_path.sh'
[0.598s] Level 1:colcon.colcon_core.environment:checking '/home/daeyun/Desktop/spinerobot_ws/install/ecat_msgs/lib'
[0.598s] Level 1:colcon.colcon_core.shell:create_environment_hook('ecat_msgs', 'ld_library_path_lib')
[0.599s] INFO:colcon.colcon_core.shell:Creating environment hook '/home/daeyun/Desktop/spinerobot_ws/install/ecat_msgs/share/ecat_msgs/hook/ld_library_path_lib.ps1'
[0.599s] INFO:colcon.colcon_core.shell:Creating environment descriptor '/home/daeyun/Desktop/spinerobot_ws/install/ecat_msgs/share/ecat_msgs/hook/ld_library_path_lib.dsv'
[0.599s] INFO:colcon.colcon_core.shell:Creating environment hook '/home/daeyun/Desktop/spinerobot_ws/install/ecat_msgs/share/ecat_msgs/hook/ld_library_path_lib.sh'
[0.599s] Level 1:colcon.colcon_core.environment:checking '/home/daeyun/Desktop/spinerobot_ws/install/ecat_msgs/bin'
[0.599s] Level 1:colcon.colcon_core.environment:checking '/home/daeyun/Desktop/spinerobot_ws/install/ecat_msgs/lib/pkgconfig/ecat_msgs.pc'
[0.600s] Level 1:colcon.colcon_core.environment:checking '/home/daeyun/Desktop/spinerobot_ws/install/ecat_msgs/lib/python3.8/site-packages'
[0.600s] Level 1:colcon.colcon_core.shell:create_environment_hook('ecat_msgs', 'pythonpath')
[0.600s] INFO:colcon.colcon_core.shell:Creating environment hook '/home/daeyun/Desktop/spinerobot_ws/install/ecat_msgs/share/ecat_msgs/hook/pythonpath.ps1'
[0.601s] INFO:colcon.colcon_core.shell:Creating environment descriptor '/home/daeyun/Desktop/spinerobot_ws/install/ecat_msgs/share/ecat_msgs/hook/pythonpath.dsv'
[0.601s] INFO:colcon.colcon_core.shell:Creating environment hook '/home/daeyun/Desktop/spinerobot_ws/install/ecat_msgs/share/ecat_msgs/hook/pythonpath.sh'
[0.601s] Level 1:colcon.colcon_core.environment:checking '/home/daeyun/Desktop/spinerobot_ws/install/ecat_msgs/bin'
[0.602s] INFO:colcon.colcon_core.shell:Creating package script '/home/daeyun/Desktop/spinerobot_ws/install/ecat_msgs/share/ecat_msgs/package.ps1'
[0.602s] INFO:colcon.colcon_core.shell:Creating package descriptor '/home/daeyun/Desktop/spinerobot_ws/install/ecat_msgs/share/ecat_msgs/package.dsv'
[0.603s] INFO:colcon.colcon_core.shell:Creating package script '/home/daeyun/Desktop/spinerobot_ws/install/ecat_msgs/share/ecat_msgs/package.sh'
[0.603s] INFO:colcon.colcon_core.shell:Creating package script '/home/daeyun/Desktop/spinerobot_ws/install/ecat_msgs/share/ecat_msgs/package.bash'
[0.603s] INFO:colcon.colcon_core.shell:Creating package script '/home/daeyun/Desktop/spinerobot_ws/install/ecat_msgs/share/ecat_msgs/package.zsh'
[0.604s] Level 1:colcon.colcon_core.environment:create_file_with_runtime_dependencies(/home/daeyun/Desktop/spinerobot_ws/install/ecat_msgs/share/colcon-core/packages/ecat_msgs)
[0.604s] INFO:colcon.colcon_ros.task.ament_cmake.build:Building ROS package in '/home/daeyun/Desktop/spinerobot_ws/src/ecat_pkg' with build type 'ament_cmake'
[0.604s] INFO:colcon.colcon_cmake.task.cmake.build:Building CMake package in '/home/daeyun/Desktop/spinerobot_ws/src/ecat_pkg'
[0.605s] INFO:colcon.colcon_core.shell:Skip shell extension 'powershell' for command environment: Not usable outside of PowerShell
[0.605s] DEBUG:colcon.colcon_core.shell:Skip shell extension 'dsv' for command environment
[0.609s] INFO:colcon.colcon_ros.task.ament_cmake.build:Building ROS package in '/home/daeyun/Desktop/spinerobot_ws/src/gui_pkg' with build type 'ament_cmake'
[0.609s] INFO:colcon.colcon_cmake.task.cmake.build:Building CMake package in '/home/daeyun/Desktop/spinerobot_ws/src/gui_pkg'
[0.610s] INFO:colcon.colcon_core.shell:Skip shell extension 'powershell' for command environment: Not usable outside of PowerShell
[0.610s] DEBUG:colcon.colcon_core.shell:Skip shell extension 'dsv' for command environment
[0.613s] INFO:colcon.colcon_ros.task.ament_cmake.build:Building ROS package in '/home/daeyun/Desktop/spinerobot_ws/src/input_pkg' with build type 'ament_cmake'
[0.613s] INFO:colcon.colcon_cmake.task.cmake.build:Building CMake package in '/home/daeyun/Desktop/spinerobot_ws/src/input_pkg'
[0.614s] INFO:colcon.colcon_core.shell:Skip shell extension 'powershell' for command environment: Not usable outside of PowerShell
[0.615s] DEBUG:colcon.colcon_core.shell:Skip shell extension 'dsv' for command environment
[0.618s] INFO:colcon.colcon_ros.task.ament_cmake.build:Building ROS package in '/home/daeyun/Desktop/spinerobot_ws/src/safety_pkg' with build type 'ament_cmake'
[0.618s] INFO:colcon.colcon_cmake.task.cmake.build:Building CMake package in '/home/daeyun/Desktop/spinerobot_ws/src/safety_pkg'
[0.619s] INFO:colcon.colcon_core.shell:Skip shell extension 'powershell' for command environment: Not usable outside of PowerShell
[0.620s] DEBUG:colcon.colcon_core.shell:Skip shell extension 'dsv' for command environment
[0.627s] DEBUG:colcon.colcon_core.event_handler.log_command:Invoking command in '/home/daeyun/Desktop/spinerobot_ws/build/ecat_pkg': AMENT_PREFIX_PATH=/home/daeyun/Desktop/spinerobot_ws/install/ecat_msgs:${AMENT_PREFIX_PATH} CMAKE_PREFIX_PATH=/home/daeyun/Desktop/spinerobot_ws/install/ecat_msgs:/opt/ros/foxy LD_LIBRARY_PATH=/home/daeyun/Desktop/spinerobot_ws/install/ecat_msgs/lib:${LD_LIBRARY_PATH} PYTHONPATH=/home/daeyun/Desktop/spinerobot_ws/install/ecat_msgs/lib/python3.8/site-packages:${PYTHONPATH} /usr/bin/cmake --build /home/daeyun/Desktop/spinerobot_ws/build/ecat_pkg -- -j8 -l8
[0.630s] DEBUG:colcon.colcon_core.event_handler.log_command:Invoking command in '/home/daeyun/Desktop/spinerobot_ws/build/gui_pkg': AMENT_PREFIX_PATH=/home/daeyun/Desktop/spinerobot_ws/install/ecat_msgs:${AMENT_PREFIX_PATH} CMAKE_PREFIX_PATH=/home/daeyun/Desktop/spinerobot_ws/install/ecat_msgs:/opt/ros/foxy LD_LIBRARY_PATH=/home/daeyun/Desktop/spinerobot_ws/install/ecat_msgs/lib:${LD_LIBRARY_PATH} PYTHONPATH=/home/daeyun/Desktop/spinerobot_ws/install/ecat_msgs/lib/python3.8/site-packages:${PYTHONPATH} /usr/bin/cmake --build /home/daeyun/Desktop/spinerobot_ws/build/gui_pkg -- -j8 -l8
[0.632s] DEBUG:colcon.colcon_core.event_handler.log_command:Invoking command in '/home/daeyun/Desktop/spinerobot_ws/build/input_pkg': AMENT_PREFIX_PATH=/home/daeyun/Desktop/spinerobot_ws/install/ecat_msgs:${AMENT_PREFIX_PATH} CMAKE_PREFIX_PATH=/home/daeyun/Desktop/spinerobot_ws/install/ecat_msgs:/opt/ros/foxy LD_LIBRARY_PATH=/home/daeyun/Desktop/spinerobot_ws/install/ecat_msgs/lib:${LD_LIBRARY_PATH} PYTHONPATH=/home/daeyun/Desktop/spinerobot_ws/install/ecat_msgs/lib/python3.8/site-packages:${PYTHONPATH} /usr/bin/cmake --build /home/daeyun/Desktop/spinerobot_ws/build/input_pkg -- -j8 -l8
[0.640s] DEBUG:colcon.colcon_core.event_handler.log_command:Invoking command in '/home/daeyun/Desktop/spinerobot_ws/build/safety_pkg': AMENT_PREFIX_PATH=/home/daeyun/Desktop/spinerobot_ws/install/ecat_msgs:${AMENT_PREFIX_PATH} CMAKE_PREFIX_PATH=/home/daeyun/Desktop/spinerobot_ws/install/ecat_msgs:/opt/ros/foxy LD_LIBRARY_PATH=/home/daeyun/Desktop/spinerobot_ws/install/ecat_msgs/lib:${LD_LIBRARY_PATH} PYTHONPATH=/home/daeyun/Desktop/spinerobot_ws/install/ecat_msgs/lib/python3.8/site-packages:${PYTHONPATH} /usr/bin/cmake --build /home/daeyun/Desktop/spinerobot_ws/build/safety_pkg -- -j8 -l8
[0.710s] DEBUG:colcon.colcon_core.event_handler.log_command:Invoked command in '/home/daeyun/Desktop/spinerobot_ws/build/safety_pkg' returned '0': AMENT_PREFIX_PATH=/home/daeyun/Desktop/spinerobot_ws/install/ecat_msgs:${AMENT_PREFIX_PATH} CMAKE_PREFIX_PATH=/home/daeyun/Desktop/spinerobot_ws/install/ecat_msgs:/opt/ros/foxy LD_LIBRARY_PATH=/home/daeyun/Desktop/spinerobot_ws/install/ecat_msgs/lib:${LD_LIBRARY_PATH} PYTHONPATH=/home/daeyun/Desktop/spinerobot_ws/install/ecat_msgs/lib/python3.8/site-packages:${PYTHONPATH} /usr/bin/cmake --build /home/daeyun/Desktop/spinerobot_ws/build/safety_pkg -- -j8 -l8
[0.733s] DEBUG:colcon.colcon_core.event_handler.log_command:Invoked command in '/home/daeyun/Desktop/spinerobot_ws/build/gui_pkg' returned '0': AMENT_PREFIX_PATH=/home/daeyun/Desktop/spinerobot_ws/install/ecat_msgs:${AMENT_PREFIX_PATH} CMAKE_PREFIX_PATH=/home/daeyun/Desktop/spinerobot_ws/install/ecat_msgs:/opt/ros/foxy LD_LIBRARY_PATH=/home/daeyun/Desktop/spinerobot_ws/install/ecat_msgs/lib:${LD_LIBRARY_PATH} PYTHONPATH=/home/daeyun/Desktop/spinerobot_ws/install/ecat_msgs/lib/python3.8/site-packages:${PYTHONPATH} /usr/bin/cmake --build /home/daeyun/Desktop/spinerobot_ws/build/gui_pkg -- -j8 -l8
[0.746s] DEBUG:colcon.colcon_core.event_handler.log_command:Invoking command in '/home/daeyun/Desktop/spinerobot_ws/build/safety_pkg': AMENT_PREFIX_PATH=/home/daeyun/Desktop/spinerobot_ws/install/ecat_msgs:${AMENT_PREFIX_PATH} CMAKE_PREFIX_PATH=/home/daeyun/Desktop/spinerobot_ws/install/ecat_msgs:/opt/ros/foxy LD_LIBRARY_PATH=/home/daeyun/Desktop/spinerobot_ws/install/ecat_msgs/lib:${LD_LIBRARY_PATH} PYTHONPATH=/home/daeyun/Desktop/spinerobot_ws/install/ecat_msgs/lib/python3.8/site-packages:${PYTHONPATH} /usr/bin/cmake --install /home/daeyun/Desktop/spinerobot_ws/build/safety_pkg
[0.783s] Level 1:colcon.colcon_core.environment:create_environment_scripts_only(safety_pkg)
[0.787s] Level 1:colcon.colcon_core.environment:checking '/home/daeyun/Desktop/spinerobot_ws/install/safety_pkg' for CMake module files
[0.788s] DEBUG:colcon.colcon_core.event_handler.log_command:Invoked command in '/home/daeyun/Desktop/spinerobot_ws/build/safety_pkg' returned '0': AMENT_PREFIX_PATH=/home/daeyun/Desktop/spinerobot_ws/install/ecat_msgs:${AMENT_PREFIX_PATH} CMAKE_PREFIX_PATH=/home/daeyun/Desktop/spinerobot_ws/install/ecat_msgs:/opt/ros/foxy LD_LIBRARY_PATH=/home/daeyun/Desktop/spinerobot_ws/install/ecat_msgs/lib:${LD_LIBRARY_PATH} PYTHONPATH=/home/daeyun/Desktop/spinerobot_ws/install/ecat_msgs/lib/python3.8/site-packages:${PYTHONPATH} /usr/bin/cmake --install /home/daeyun/Desktop/spinerobot_ws/build/safety_pkg
[0.788s] Level 1:colcon.colcon_core.environment:checking '/home/daeyun/Desktop/spinerobot_ws/install/safety_pkg' for CMake config files
[0.788s] Level 1:colcon.colcon_core.shell:create_environment_hook('safety_pkg', 'cmake_prefix_path')
[0.791s] INFO:colcon.colcon_core.shell:Creating environment hook '/home/daeyun/Desktop/spinerobot_ws/install/safety_pkg/share/safety_pkg/hook/cmake_prefix_path.ps1'
[0.792s] INFO:colcon.colcon_core.shell:Creating environment descriptor '/home/daeyun/Desktop/spinerobot_ws/install/safety_pkg/share/safety_pkg/hook/cmake_prefix_path.dsv'
[0.792s] INFO:colcon.colcon_core.shell:Creating environment hook '/home/daeyun/Desktop/spinerobot_ws/install/safety_pkg/share/safety_pkg/hook/cmake_prefix_path.sh'
[0.793s] Level 1:colcon.colcon_core.environment:checking '/home/daeyun/Desktop/spinerobot_ws/install/safety_pkg/lib'
[0.793s] Level 1:colcon.colcon_core.environment:checking '/home/daeyun/Desktop/spinerobot_ws/install/safety_pkg/bin'
[0.793s] Level 1:colcon.colcon_core.environment:checking '/home/daeyun/Desktop/spinerobot_ws/install/safety_pkg/lib/pkgconfig/safety_pkg.pc'
[0.793s] Level 1:colcon.colcon_core.environment:checking '/home/daeyun/Desktop/spinerobot_ws/install/safety_pkg/lib/python3.8/site-packages'
[0.794s] Level 1:colcon.colcon_core.environment:checking '/home/daeyun/Desktop/spinerobot_ws/install/safety_pkg/bin'
[0.796s] INFO:colcon.colcon_core.shell:Creating package script '/home/daeyun/Desktop/spinerobot_ws/install/safety_pkg/share/safety_pkg/package.ps1'
[0.796s] INFO:colcon.colcon_core.shell:Creating package descriptor '/home/daeyun/Desktop/spinerobot_ws/install/safety_pkg/share/safety_pkg/package.dsv'
[0.797s] INFO:colcon.colcon_core.shell:Creating package script '/home/daeyun/Desktop/spinerobot_ws/install/safety_pkg/share/safety_pkg/package.sh'
[0.797s] INFO:colcon.colcon_core.shell:Creating package script '/home/daeyun/Desktop/spinerobot_ws/install/safety_pkg/share/safety_pkg/package.bash'
[0.798s] INFO:colcon.colcon_core.shell:Creating package script '/home/daeyun/Desktop/spinerobot_ws/install/safety_pkg/share/safety_pkg/package.zsh'
[0.798s] Level 1:colcon.colcon_core.environment:create_file_with_runtime_dependencies(/home/daeyun/Desktop/spinerobot_ws/install/safety_pkg/share/colcon-core/packages/safety_pkg)
[0.808s] DEBUG:colcon.colcon_core.event_handler.log_command:Invoking command in '/home/daeyun/Desktop/spinerobot_ws/build/gui_pkg': AMENT_PREFIX_PATH=/home/daeyun/Desktop/spinerobot_ws/install/ecat_msgs:${AMENT_PREFIX_PATH} CMAKE_PREFIX_PATH=/home/daeyun/Desktop/spinerobot_ws/install/ecat_msgs:/opt/ros/foxy LD_LIBRARY_PATH=/home/daeyun/Desktop/spinerobot_ws/install/ecat_msgs/lib:${LD_LIBRARY_PATH} PYTHONPATH=/home/daeyun/Desktop/spinerobot_ws/install/ecat_msgs/lib/python3.8/site-packages:${PYTHONPATH} /usr/bin/cmake --install /home/daeyun/Desktop/spinerobot_ws/build/gui_pkg
[0.837s] Level 1:colcon.colcon_core.environment:create_environment_scripts_only(safety_pkg)
[0.840s] Level 1:colcon.colcon_core.environment:checking '/home/daeyun/Desktop/spinerobot_ws/install/safety_pkg' for CMake module files
[0.841s] Level 1:colcon.colcon_core.environment:checking '/home/daeyun/Desktop/spinerobot_ws/install/safety_pkg' for CMake config files
[0.841s] Level 1:colcon.colcon_core.shell:create_environment_hook('safety_pkg', 'cmake_prefix_path')
[0.843s] INFO:colcon.colcon_core.shell:Creating environment hook '/home/daeyun/Desktop/spinerobot_ws/install/safety_pkg/share/safety_pkg/hook/cmake_prefix_path.ps1'
[0.844s] INFO:colcon.colcon_core.shell:Creating environment descriptor '/home/daeyun/Desktop/spinerobot_ws/install/safety_pkg/share/safety_pkg/hook/cmake_prefix_path.dsv'
[0.845s] INFO:colcon.colcon_core.shell:Creating environment hook '/home/daeyun/Desktop/spinerobot_ws/install/safety_pkg/share/safety_pkg/hook/cmake_prefix_path.sh'
[0.846s] Level 1:colcon.colcon_core.environment:checking '/home/daeyun/Desktop/spinerobot_ws/install/safety_pkg/lib'
[0.846s] Level 1:colcon.colcon_core.environment:checking '/home/daeyun/Desktop/spinerobot_ws/install/safety_pkg/bin'
[0.846s] Level 1:colcon.colcon_core.environment:checking '/home/daeyun/Desktop/spinerobot_ws/install/safety_pkg/lib/pkgconfig/safety_pkg.pc'
[0.846s] Level 1:colcon.colcon_core.environment:checking '/home/daeyun/Desktop/spinerobot_ws/install/safety_pkg/lib/python3.8/site-packages'
[0.847s] Level 1:colcon.colcon_core.environment:checking '/home/daeyun/Desktop/spinerobot_ws/install/safety_pkg/bin'
[0.849s] INFO:colcon.colcon_core.shell:Creating package script '/home/daeyun/Desktop/spinerobot_ws/install/safety_pkg/share/safety_pkg/package.ps1'
[0.849s] INFO:colcon.colcon_core.shell:Creating package descriptor '/home/daeyun/Desktop/spinerobot_ws/install/safety_pkg/share/safety_pkg/package.dsv'
[0.850s] INFO:colcon.colcon_core.shell:Creating package script '/home/daeyun/Desktop/spinerobot_ws/install/safety_pkg/share/safety_pkg/package.sh'
[0.850s] INFO:colcon.colcon_core.shell:Creating package script '/home/daeyun/Desktop/spinerobot_ws/install/safety_pkg/share/safety_pkg/package.bash'
[0.851s] INFO:colcon.colcon_core.shell:Creating package script '/home/daeyun/Desktop/spinerobot_ws/install/safety_pkg/share/safety_pkg/package.zsh'
[0.851s] Level 1:colcon.colcon_core.environment:create_file_with_runtime_dependencies(/home/daeyun/Desktop/spinerobot_ws/install/safety_pkg/share/colcon-core/packages/safety_pkg)
[0.852s] Level 1:colcon.colcon_core.environment:create_environment_scripts_only(gui_pkg)
[0.855s] Level 1:colcon.colcon_core.environment:checking '/home/daeyun/Desktop/spinerobot_ws/install/gui_pkg' for CMake module files
[0.856s] DEBUG:colcon.colcon_core.event_handler.log_command:Invoked command in '/home/daeyun/Desktop/spinerobot_ws/build/gui_pkg' returned '0': AMENT_PREFIX_PATH=/home/daeyun/Desktop/spinerobot_ws/install/ecat_msgs:${AMENT_PREFIX_PATH} CMAKE_PREFIX_PATH=/home/daeyun/Desktop/spinerobot_ws/install/ecat_msgs:/opt/ros/foxy LD_LIBRARY_PATH=/home/daeyun/Desktop/spinerobot_ws/install/ecat_msgs/lib:${LD_LIBRARY_PATH} PYTHONPATH=/home/daeyun/Desktop/spinerobot_ws/install/ecat_msgs/lib/python3.8/site-packages:${PYTHONPATH} /usr/bin/cmake --install /home/daeyun/Desktop/spinerobot_ws/build/gui_pkg
[0.857s] Level 1:colcon.colcon_core.environment:checking '/home/daeyun/Desktop/spinerobot_ws/install/gui_pkg' for CMake config files
[0.857s] Level 1:colcon.colcon_core.shell:create_environment_hook('gui_pkg', 'cmake_prefix_path')
[0.859s] INFO:colcon.colcon_core.shell:Creating environment hook '/home/daeyun/Desktop/spinerobot_ws/install/gui_pkg/share/gui_pkg/hook/cmake_prefix_path.ps1'
[0.860s] INFO:colcon.colcon_core.shell:Creating environment descriptor '/home/daeyun/Desktop/spinerobot_ws/install/gui_pkg/share/gui_pkg/hook/cmake_prefix_path.dsv'
[0.860s] INFO:colcon.colcon_core.shell:Creating environment hook '/home/daeyun/Desktop/spinerobot_ws/install/gui_pkg/share/gui_pkg/hook/cmake_prefix_path.sh'
[0.861s] Level 1:colcon.colcon_core.environment:checking '/home/daeyun/Desktop/spinerobot_ws/install/gui_pkg/lib'
[0.861s] Level 1:colcon.colcon_core.environment:checking '/home/daeyun/Desktop/spinerobot_ws/install/gui_pkg/bin'
[0.861s] Level 1:colcon.colcon_core.environment:checking '/home/daeyun/Desktop/spinerobot_ws/install/gui_pkg/lib/pkgconfig/gui_pkg.pc'
[0.861s] Level 1:colcon.colcon_core.environment:checking '/home/daeyun/Desktop/spinerobot_ws/install/gui_pkg/lib/python3.8/site-packages'
[0.861s] Level 1:colcon.colcon_core.environment:checking '/home/daeyun/Desktop/spinerobot_ws/install/gui_pkg/bin'
[0.863s] INFO:colcon.colcon_core.shell:Creating package script '/home/daeyun/Desktop/spinerobot_ws/install/gui_pkg/share/gui_pkg/package.ps1'
[0.864s] INFO:colcon.colcon_core.shell:Creating package descriptor '/home/daeyun/Desktop/spinerobot_ws/install/gui_pkg/share/gui_pkg/package.dsv'
[0.864s] INFO:colcon.colcon_core.shell:Creating package script '/home/daeyun/Desktop/spinerobot_ws/install/gui_pkg/share/gui_pkg/package.sh'
[0.865s] INFO:colcon.colcon_core.shell:Creating package script '/home/daeyun/Desktop/spinerobot_ws/install/gui_pkg/share/gui_pkg/package.bash'
[0.865s] INFO:colcon.colcon_core.shell:Creating package script '/home/daeyun/Desktop/spinerobot_ws/install/gui_pkg/share/gui_pkg/package.zsh'
[0.866s] Level 1:colcon.colcon_core.environment:create_file_with_runtime_dependencies(/home/daeyun/Desktop/spinerobot_ws/install/gui_pkg/share/colcon-core/packages/gui_pkg)
[0.941s] Level 1:colcon.colcon_core.environment:create_environment_scripts_only(gui_pkg)
[0.946s] Level 1:colcon.colcon_core.environment:checking '/home/daeyun/Desktop/spinerobot_ws/install/gui_pkg' for CMake module files
[0.947s] Level 1:colcon.colcon_core.environment:checking '/home/daeyun/Desktop/spinerobot_ws/install/gui_pkg' for CMake config files
[0.947s] Level 1:colcon.colcon_core.shell:create_environment_hook('gui_pkg', 'cmake_prefix_path')
[0.950s] INFO:colcon.colcon_core.shell:Creating environment hook '/home/daeyun/Desktop/spinerobot_ws/install/gui_pkg/share/gui_pkg/hook/cmake_prefix_path.ps1'
[0.950s] INFO:colcon.colcon_core.shell:Creating environment descriptor '/home/daeyun/Desktop/spinerobot_ws/install/gui_pkg/share/gui_pkg/hook/cmake_prefix_path.dsv'
[0.951s] INFO:colcon.colcon_core.shell:Creating environment hook '/home/daeyun/Desktop/spinerobot_ws/install/gui_pkg/share/gui_pkg/hook/cmake_prefix_path.sh'
[0.952s] Level 1:colcon.colcon_core.environment:checking '/home/daeyun/Desktop/spinerobot_ws/install/gui_pkg/lib'
[0.952s] Level 1:colcon.colcon_core.environment:checking '/home/daeyun/Desktop/spinerobot_ws/install/gui_pkg/bin'
[0.952s] Level 1:colcon.colcon_core.environment:checking '/home/daeyun/Desktop/spinerobot_ws/install/gui_pkg/lib/pkgconfig/gui_pkg.pc'
[0.953s] Level 1:colcon.colcon_core.environment:checking '/home/daeyun/Desktop/spinerobot_ws/install/gui_pkg/lib/python3.8/site-packages'
[0.953s] Level 1:colcon.colcon_core.environment:checking '/home/daeyun/Desktop/spinerobot_ws/install/gui_pkg/bin'
[0.955s] INFO:colcon.colcon_core.shell:Creating package script '/home/daeyun/Desktop/spinerobot_ws/install/gui_pkg/share/gui_pkg/package.ps1'
[0.956s] INFO:colcon.colcon_core.shell:Creating package descriptor '/home/daeyun/Desktop/spinerobot_ws/install/gui_pkg/share/gui_pkg/package.dsv'
[0.957s] INFO:colcon.colcon_core.shell:Creating package script '/home/daeyun/Desktop/spinerobot_ws/install/gui_pkg/share/gui_pkg/package.sh'
[0.957s] INFO:colcon.colcon_core.shell:Creating package script '/home/daeyun/Desktop/spinerobot_ws/install/gui_pkg/share/gui_pkg/package.bash'
[0.958s] INFO:colcon.colcon_core.shell:Creating package script '/home/daeyun/Desktop/spinerobot_ws/install/gui_pkg/share/gui_pkg/package.zsh'
[0.959s] Level 1:colcon.colcon_core.environment:create_file_with_runtime_dependencies(/home/daeyun/Desktop/spinerobot_ws/install/gui_pkg/share/colcon-core/packages/gui_pkg)
[14.313s] DEBUG:colcon.colcon_core.event_handler.log_command:Invoked command in '/home/daeyun/Desktop/spinerobot_ws/build/input_pkg' returned '0': AMENT_PREFIX_PATH=/home/daeyun/Desktop/spinerobot_ws/install/ecat_msgs:${AMENT_PREFIX_PATH} CMAKE_PREFIX_PATH=/home/daeyun/Desktop/spinerobot_ws/install/ecat_msgs:/opt/ros/foxy LD_LIBRARY_PATH=/home/daeyun/Desktop/spinerobot_ws/install/ecat_msgs/lib:${LD_LIBRARY_PATH} PYTHONPATH=/home/daeyun/Desktop/spinerobot_ws/install/ecat_msgs/lib/python3.8/site-packages:${PYTHONPATH} /usr/bin/cmake --build /home/daeyun/Desktop/spinerobot_ws/build/input_pkg -- -j8 -l8
[14.356s] DEBUG:colcon.colcon_core.event_handler.log_command:Invoking command in '/home/daeyun/Desktop/spinerobot_ws/build/input_pkg': AMENT_PREFIX_PATH=/home/daeyun/Desktop/spinerobot_ws/install/ecat_msgs:${AMENT_PREFIX_PATH} CMAKE_PREFIX_PATH=/home/daeyun/Desktop/spinerobot_ws/install/ecat_msgs:/opt/ros/foxy LD_LIBRARY_PATH=/home/daeyun/Desktop/spinerobot_ws/install/ecat_msgs/lib:${LD_LIBRARY_PATH} PYTHONPATH=/home/daeyun/Desktop/spinerobot_ws/install/ecat_msgs/lib/python3.8/site-packages:${PYTHONPATH} /usr/bin/cmake --install /home/daeyun/Desktop/spinerobot_ws/build/input_pkg
[14.606s] Level 1:colcon.colcon_core.environment:create_environment_scripts_only(input_pkg)
[14.609s] Level 1:colcon.colcon_core.environment:checking '/home/daeyun/Desktop/spinerobot_ws/install/input_pkg' for CMake module files
[14.610s] DEBUG:colcon.colcon_core.event_handler.log_command:Invoked command in '/home/daeyun/Desktop/spinerobot_ws/build/input_pkg' returned '0': AMENT_PREFIX_PATH=/home/daeyun/Desktop/spinerobot_ws/install/ecat_msgs:${AMENT_PREFIX_PATH} CMAKE_PREFIX_PATH=/home/daeyun/Desktop/spinerobot_ws/install/ecat_msgs:/opt/ros/foxy LD_LIBRARY_PATH=/home/daeyun/Desktop/spinerobot_ws/install/ecat_msgs/lib:${LD_LIBRARY_PATH} PYTHONPATH=/home/daeyun/Desktop/spinerobot_ws/install/ecat_msgs/lib/python3.8/site-packages:${PYTHONPATH} /usr/bin/cmake --install /home/daeyun/Desktop/spinerobot_ws/build/input_pkg
[14.610s] Level 1:colcon.colcon_core.environment:checking '/home/daeyun/Desktop/spinerobot_ws/install/input_pkg' for CMake config files
[14.610s] Level 1:colcon.colcon_core.shell:create_environment_hook('input_pkg', 'cmake_prefix_path')
[14.612s] INFO:colcon.colcon_core.shell:Creating environment hook '/home/daeyun/Desktop/spinerobot_ws/install/input_pkg/share/input_pkg/hook/cmake_prefix_path.ps1'
[14.613s] INFO:colcon.colcon_core.shell:Creating environment descriptor '/home/daeyun/Desktop/spinerobot_ws/install/input_pkg/share/input_pkg/hook/cmake_prefix_path.dsv'
[14.614s] INFO:colcon.colcon_core.shell:Creating environment hook '/home/daeyun/Desktop/spinerobot_ws/install/input_pkg/share/input_pkg/hook/cmake_prefix_path.sh'
[14.614s] Level 1:colcon.colcon_core.environment:checking '/home/daeyun/Desktop/spinerobot_ws/install/input_pkg/lib'
[14.614s] Level 1:colcon.colcon_core.environment:checking '/home/daeyun/Desktop/spinerobot_ws/install/input_pkg/bin'
[14.615s] Level 1:colcon.colcon_core.environment:checking '/home/daeyun/Desktop/spinerobot_ws/install/input_pkg/lib/pkgconfig/input_pkg.pc'
[14.615s] Level 1:colcon.colcon_core.environment:checking '/home/daeyun/Desktop/spinerobot_ws/install/input_pkg/lib/python3.8/site-packages'
[14.615s] Level 1:colcon.colcon_core.environment:checking '/home/daeyun/Desktop/spinerobot_ws/install/input_pkg/bin'
[14.617s] INFO:colcon.colcon_core.shell:Creating package script '/home/daeyun/Desktop/spinerobot_ws/install/input_pkg/share/input_pkg/package.ps1'
[14.618s] INFO:colcon.colcon_core.shell:Creating package descriptor '/home/daeyun/Desktop/spinerobot_ws/install/input_pkg/share/input_pkg/package.dsv'
[14.618s] INFO:colcon.colcon_core.shell:Creating package script '/home/daeyun/Desktop/spinerobot_ws/install/input_pkg/share/input_pkg/package.sh'
[14.619s] INFO:colcon.colcon_core.shell:Creating package script '/home/daeyun/Desktop/spinerobot_ws/install/input_pkg/share/input_pkg/package.bash'
[14.619s] INFO:colcon.colcon_core.shell:Creating package script '/home/daeyun/Desktop/spinerobot_ws/install/input_pkg/share/input_pkg/package.zsh'
[14.619s] Level 1:colcon.colcon_core.environment:create_file_with_runtime_dependencies(/home/daeyun/Desktop/spinerobot_ws/install/input_pkg/share/colcon-core/packages/input_pkg)
[14.661s] Level 1:colcon.colcon_core.environment:create_environment_scripts_only(input_pkg)
[14.664s] Level 1:colcon.colcon_core.environment:checking '/home/daeyun/Desktop/spinerobot_ws/install/input_pkg' for CMake module files
[14.665s] Level 1:colcon.colcon_core.environment:checking '/home/daeyun/Desktop/spinerobot_ws/install/input_pkg' for CMake config files
[14.665s] Level 1:colcon.colcon_core.shell:create_environment_hook('input_pkg', 'cmake_prefix_path')
[14.667s] INFO:colcon.colcon_core.shell:Creating environment hook '/home/daeyun/Desktop/spinerobot_ws/install/input_pkg/share/input_pkg/hook/cmake_prefix_path.ps1'
[14.668s] INFO:colcon.colcon_core.shell:Creating environment descriptor '/home/daeyun/Desktop/spinerobot_ws/install/input_pkg/share/input_pkg/hook/cmake_prefix_path.dsv'
[14.668s] INFO:colcon.colcon_core.shell:Creating environment hook '/home/daeyun/Desktop/spinerobot_ws/install/input_pkg/share/input_pkg/hook/cmake_prefix_path.sh'
[14.669s] Level 1:colcon.colcon_core.environment:checking '/home/daeyun/Desktop/spinerobot_ws/install/input_pkg/lib'
[14.669s] Level 1:colcon.colcon_core.environment:checking '/home/daeyun/Desktop/spinerobot_ws/install/input_pkg/bin'
[14.669s] Level 1:colcon.colcon_core.environment:checking '/home/daeyun/Desktop/spinerobot_ws/install/input_pkg/lib/pkgconfig/input_pkg.pc'
[14.669s] Level 1:colcon.colcon_core.environment:checking '/home/daeyun/Desktop/spinerobot_ws/install/input_pkg/lib/python3.8/site-packages'
[14.670s] Level 1:colcon.colcon_core.environment:checking '/home/daeyun/Desktop/spinerobot_ws/install/input_pkg/bin'
[14.672s] INFO:colcon.colcon_core.shell:Creating package script '/home/daeyun/Desktop/spinerobot_ws/install/input_pkg/share/input_pkg/package.ps1'
[14.672s] INFO:colcon.colcon_core.shell:Creating package descriptor '/home/daeyun/Desktop/spinerobot_ws/install/input_pkg/share/input_pkg/package.dsv'
[14.673s] INFO:colcon.colcon_core.shell:Creating package script '/home/daeyun/Desktop/spinerobot_ws/install/input_pkg/share/input_pkg/package.sh'
[14.673s] INFO:colcon.colcon_core.shell:Creating package script '/home/daeyun/Desktop/spinerobot_ws/install/input_pkg/share/input_pkg/package.bash'
[14.674s] INFO:colcon.colcon_core.shell:Creating package script '/home/daeyun/Desktop/spinerobot_ws/install/input_pkg/share/input_pkg/package.zsh'
[14.674s] Level 1:colcon.colcon_core.environment:create_file_with_runtime_dependencies(/home/daeyun/Desktop/spinerobot_ws/install/input_pkg/share/colcon-core/packages/input_pkg)
[16.965s] DEBUG:colcon.colcon_core.event_handler.log_command:Invoked command in '/home/daeyun/Desktop/spinerobot_ws/build/ecat_pkg' returned '0': AMENT_PREFIX_PATH=/home/daeyun/Desktop/spinerobot_ws/install/ecat_msgs:${AMENT_PREFIX_PATH} CMAKE_PREFIX_PATH=/home/daeyun/Desktop/spinerobot_ws/install/ecat_msgs:/opt/ros/foxy LD_LIBRARY_PATH=/home/daeyun/Desktop/spinerobot_ws/install/ecat_msgs/lib:${LD_LIBRARY_PATH} PYTHONPATH=/home/daeyun/Desktop/spinerobot_ws/install/ecat_msgs/lib/python3.8/site-packages:${PYTHONPATH} /usr/bin/cmake --build /home/daeyun/Desktop/spinerobot_ws/build/ecat_pkg -- -j8 -l8
[17.011s] DEBUG:colcon.colcon_core.event_handler.log_command:Invoking command in '/home/daeyun/Desktop/spinerobot_ws/build/ecat_pkg': AMENT_PREFIX_PATH=/home/daeyun/Desktop/spinerobot_ws/install/ecat_msgs:${AMENT_PREFIX_PATH} CMAKE_PREFIX_PATH=/home/daeyun/Desktop/spinerobot_ws/install/ecat_msgs:/opt/ros/foxy LD_LIBRARY_PATH=/home/daeyun/Desktop/spinerobot_ws/install/ecat_msgs/lib:${LD_LIBRARY_PATH} PYTHONPATH=/home/daeyun/Desktop/spinerobot_ws/install/ecat_msgs/lib/python3.8/site-packages:${PYTHONPATH} /usr/bin/cmake --install /home/daeyun/Desktop/spinerobot_ws/build/ecat_pkg
[17.039s] Level 1:colcon.colcon_core.environment:create_environment_scripts_only(ecat_pkg)
[17.042s] Level 1:colcon.colcon_core.environment:checking '/home/daeyun/Desktop/spinerobot_ws/install/ecat_pkg' for CMake module files
[17.042s] DEBUG:colcon.colcon_core.event_handler.log_command:Invoked command in '/home/daeyun/Desktop/spinerobot_ws/build/ecat_pkg' returned '0': AMENT_PREFIX_PATH=/home/daeyun/Desktop/spinerobot_ws/install/ecat_msgs:${AMENT_PREFIX_PATH} CMAKE_PREFIX_PATH=/home/daeyun/Desktop/spinerobot_ws/install/ecat_msgs:/opt/ros/foxy LD_LIBRARY_PATH=/home/daeyun/Desktop/spinerobot_ws/install/ecat_msgs/lib:${LD_LIBRARY_PATH} PYTHONPATH=/home/daeyun/Desktop/spinerobot_ws/install/ecat_msgs/lib/python3.8/site-packages:${PYTHONPATH} /usr/bin/cmake --install /home/daeyun/Desktop/spinerobot_ws/build/ecat_pkg
[17.043s] Level 1:colcon.colcon_core.environment:checking '/home/daeyun/Desktop/spinerobot_ws/install/ecat_pkg' for CMake config files
[17.043s] Level 1:colcon.colcon_core.shell:create_environment_hook('ecat_pkg', 'cmake_prefix_path')
[17.044s] INFO:colcon.colcon_core.shell:Creating environment hook '/home/daeyun/Desktop/spinerobot_ws/install/ecat_pkg/share/ecat_pkg/hook/cmake_prefix_path.ps1'
[17.045s] INFO:colcon.colcon_core.shell:Creating environment descriptor '/home/daeyun/Desktop/spinerobot_ws/install/ecat_pkg/share/ecat_pkg/hook/cmake_prefix_path.dsv'
[17.045s] INFO:colcon.colcon_core.shell:Creating environment hook '/home/daeyun/Desktop/spinerobot_ws/install/ecat_pkg/share/ecat_pkg/hook/cmake_prefix_path.sh'
[17.046s] Level 1:colcon.colcon_core.environment:checking '/home/daeyun/Desktop/spinerobot_ws/install/ecat_pkg/lib'
[17.046s] Level 1:colcon.colcon_core.environment:checking '/home/daeyun/Desktop/spinerobot_ws/install/ecat_pkg/bin'
[17.046s] Level 1:colcon.colcon_core.environment:checking '/home/daeyun/Desktop/spinerobot_ws/install/ecat_pkg/lib/pkgconfig/ecat_pkg.pc'
[17.046s] Level 1:colcon.colcon_core.environment:checking '/home/daeyun/Desktop/spinerobot_ws/install/ecat_pkg/lib/python3.8/site-packages'
[17.046s] Level 1:colcon.colcon_core.environment:checking '/home/daeyun/Desktop/spinerobot_ws/install/ecat_pkg/bin'
[17.048s] INFO:colcon.colcon_core.shell:Creating package script '/home/daeyun/Desktop/spinerobot_ws/install/ecat_pkg/share/ecat_pkg/package.ps1'
[17.048s] INFO:colcon.colcon_core.shell:Creating package descriptor '/home/daeyun/Desktop/spinerobot_ws/install/ecat_pkg/share/ecat_pkg/package.dsv'
[17.048s] INFO:colcon.colcon_core.shell:Creating package script '/home/daeyun/Desktop/spinerobot_ws/install/ecat_pkg/share/ecat_pkg/package.sh'
[17.049s] INFO:colcon.colcon_core.shell:Creating package script '/home/daeyun/Desktop/spinerobot_ws/install/ecat_pkg/share/ecat_pkg/package.bash'
[17.049s] INFO:colcon.colcon_core.shell:Creating package script '/home/daeyun/Desktop/spinerobot_ws/install/ecat_pkg/share/ecat_pkg/package.zsh'
[17.049s] Level 1:colcon.colcon_core.environment:create_file_with_runtime_dependencies(/home/daeyun/Desktop/spinerobot_ws/install/ecat_pkg/share/colcon-core/packages/ecat_pkg)
[17.093s] Level 1:colcon.colcon_core.environment:create_environment_scripts_only(ecat_pkg)
[17.096s] Level 1:colcon.colcon_core.environment:checking '/home/daeyun/Desktop/spinerobot_ws/install/ecat_pkg' for CMake module files
[17.097s] Level 1:colcon.colcon_core.environment:checking '/home/daeyun/Desktop/spinerobot_ws/install/ecat_pkg' for CMake config files
[17.098s] Level 1:colcon.colcon_core.shell:create_environment_hook('ecat_pkg', 'cmake_prefix_path')
[17.099s] INFO:colcon.colcon_core.shell:Creating environment hook '/home/daeyun/Desktop/spinerobot_ws/install/ecat_pkg/share/ecat_pkg/hook/cmake_prefix_path.ps1'
[17.100s] INFO:colcon.colcon_core.shell:Creating environment descriptor '/home/daeyun/Desktop/spinerobot_ws/install/ecat_pkg/share/ecat_pkg/hook/cmake_prefix_path.dsv'
[17.100s] INFO:colcon.colcon_core.shell:Creating environment hook '/home/daeyun/Desktop/spinerobot_ws/install/ecat_pkg/share/ecat_pkg/hook/cmake_prefix_path.sh'
[17.101s] Level 1:colcon.colcon_core.environment:checking '/home/daeyun/Desktop/spinerobot_ws/install/ecat_pkg/lib'
[17.101s] Level 1:colcon.colcon_core.environment:checking '/home/daeyun/Desktop/spinerobot_ws/install/ecat_pkg/bin'
[17.101s] Level 1:colcon.colcon_core.environment:checking '/home/daeyun/Desktop/spinerobot_ws/install/ecat_pkg/lib/pkgconfig/ecat_pkg.pc'
[17.101s] Level 1:colcon.colcon_core.environment:checking '/home/daeyun/Desktop/spinerobot_ws/install/ecat_pkg/lib/python3.8/site-packages'
[17.102s] Level 1:colcon.colcon_core.environment:checking '/home/daeyun/Desktop/spinerobot_ws/install/ecat_pkg/bin'
[17.103s] INFO:colcon.colcon_core.shell:Creating package script '/home/daeyun/Desktop/spinerobot_ws/install/ecat_pkg/share/ecat_pkg/package.ps1'
[17.103s] INFO:colcon.colcon_core.shell:Creating package descriptor '/home/daeyun/Desktop/spinerobot_ws/install/ecat_pkg/share/ecat_pkg/package.dsv'
[17.104s] INFO:colcon.colcon_core.shell:Creating package script '/home/daeyun/Desktop/spinerobot_ws/install/ecat_pkg/share/ecat_pkg/package.sh'
[17.104s] INFO:colcon.colcon_core.shell:Creating package script '/home/daeyun/Desktop/spinerobot_ws/install/ecat_pkg/share/ecat_pkg/package.bash'
[17.104s] INFO:colcon.colcon_core.shell:Creating package script '/home/daeyun/Desktop/spinerobot_ws/install/ecat_pkg/share/ecat_pkg/package.zsh'
[17.105s] Level 1:colcon.colcon_core.environment:create_file_with_runtime_dependencies(/home/daeyun/Desktop/spinerobot_ws/install/ecat_pkg/share/colcon-core/packages/ecat_pkg)
[17.105s] DEBUG:colcon.colcon_parallel_executor.executor.parallel:closing loop
[17.106s] DEBUG:colcon.colcon_parallel_executor.executor.parallel:loop closed
[17.106s] DEBUG:colcon.colcon_parallel_executor.executor.parallel:run_until_complete finished with '0'
[17.106s] DEBUG:colcon.colcon_core.event_reactor:joining thread
[17.113s] INFO:colcon.colcon_core.plugin_system:Skipping extension 'colcon_notification.desktop_notification.terminal_notifier': Not used on non-Darwin systems
[17.113s] INFO:colcon.colcon_core.plugin_system:Skipping extension 'colcon_notification.desktop_notification.win32': Not used on non-Windows systems
[17.113s] INFO:colcon.colcon_notification.desktop_notification:Sending desktop notification using 'notify2'
[17.119s] DEBUG:colcon.colcon_notification.desktop_notification.notify2:Failed to initialize notify2: org.freedesktop.DBus.Error.ServiceUnknown: The name org.freedesktop.Notifications was not provided by any .service files
[17.119s] DEBUG:colcon.colcon_core.event_reactor:joined thread
[17.121s] INFO:colcon.colcon_core.shell:Creating prefix script '/home/daeyun/Desktop/spinerobot_ws/install/local_setup.ps1'
[17.122s] INFO:colcon.colcon_core.shell:Creating prefix util module '/home/daeyun/Desktop/spinerobot_ws/install/_local_setup_util_ps1.py'
[17.123s] INFO:colcon.colcon_core.shell:Creating prefix chain script '/home/daeyun/Desktop/spinerobot_ws/install/setup.ps1'
[17.125s] INFO:colcon.colcon_core.shell:Creating prefix script '/home/daeyun/Desktop/spinerobot_ws/install/local_setup.sh'
[17.125s] INFO:colcon.colcon_core.shell:Creating prefix util module '/home/daeyun/Desktop/spinerobot_ws/install/_local_setup_util_sh.py'
[17.125s] INFO:colcon.colcon_core.shell:Creating prefix chain script '/home/daeyun/Desktop/spinerobot_ws/install/setup.sh'
[17.127s] INFO:colcon.colcon_core.shell:Creating prefix script '/home/daeyun/Desktop/spinerobot_ws/install/local_setup.bash'
[17.127s] INFO:colcon.colcon_core.shell:Creating prefix chain script '/home/daeyun/Desktop/spinerobot_ws/install/setup.bash'
[17.128s] INFO:colcon.colcon_core.shell:Creating prefix script '/home/daeyun/Desktop/spinerobot_ws/install/local_setup.zsh'
[17.129s] INFO:colcon.colcon_core.shell:Creating prefix chain script '/home/daeyun/Desktop/spinerobot_ws/install/setup.zsh'
